This file contains any messages produced by compilers while
running configure, to aid debugging if configure makes a mistake.

It was created by configure, which was
generated by GNU Autoconf 2.59.  Invocation command line was

  $ ./configure --includedir /usr/include/netpbm

## --------- ##
## Platform. ##
## --------- ##

hostname = harald-build
uname -m = x86_64
uname -r = 2.6.32-358.6.1.el6.x86_64
uname -s = Linux
uname -v = #1 SMP Tue Apr 23 19:29:00 UTC 2013

/usr/bin/uname -p = unknown
/bin/uname -X     = unknown

/bin/arch              = x86_64
/usr/bin/arch -k       = unknown
/usr/convex/getsysinfo = unknown
hostinfo               = unknown
/bin/machine           = unknown
/usr/bin/oslevel       = unknown
/bin/universe          = unknown

PATH: /usr/local/sbin
PATH: /usr/local/bin
PATH: /sbin
PATH: /bin
PATH: /usr/sbin
PATH: /usr/bin
PATH: /usr/local/maven/3.0.5/bin
PATH: /root/bin


## ----------- ##
## Core tests. ##
## ----------- ##

configure:1580: checking for a BSD-compatible install
configure:1635: result: /usr/bin/install -c
configure:1646: checking whether build environment is sane
configure:1689: result: yes
configure:1754: checking for gawk
configure:1770: found /bin/gawk
configure:1780: result: gawk
configure:1790: checking whether make sets $(MAKE)
configure:1810: result: yes
configure:2078: checking build system type
configure:2096: result: x86_64-unknown-linux-gnu
configure:2104: checking host system type
configure:2118: result: x86_64-unknown-linux-gnu
configure:2138: checking for style of include used by make
configure:2166: result: GNU
configure:2237: checking for gcc
configure:2253: found /usr/bin/gcc
configure:2263: result: gcc
configure:2507: checking for C compiler version
configure:2510: gcc --version </dev/null >&5
gcc (GCC) 4.4.7 20120313 (Red Hat 4.4.7-3)
Copyright (C) 2010 Free Software Foundation, Inc.
This is free software; see the source for copying conditions.  There is NO
warranty; not even for MERCHANTABILITY or FITNESS FOR A PARTICULAR PURPOSE.

configure:2513: $? = 0
configure:2515: gcc -v </dev/null >&5
Using built-in specs.
Target: x86_64-redhat-linux
Configured with: ../configure --prefix=/usr --mandir=/usr/share/man --infodir=/usr/share/info --with-bugurl=http://bugzilla.redhat.com/bugzilla --enable-bootstrap --enable-shared --enable-threads=posix --enable-checking=release --with-system-zlib --enable-__cxa_atexit --disable-libunwind-exceptions --enable-gnu-unique-object --enable-languages=c,c++,objc,obj-c++,java,fortran,ada --enable-java-awt=gtk --disable-dssi --with-java-home=/usr/lib/jvm/java-1.5.0-gcj-1.5.0.0/jre --enable-libgcj-multifile --enable-java-maintainer-mode --with-ecj-jar=/usr/share/java/eclipse-ecj.jar --disable-libjava-multilib --with-ppl --with-cloog --with-tune=generic --with-arch_32=i686 --build=x86_64-redhat-linux
Thread model: posix
gcc version 4.4.7 20120313 (Red Hat 4.4.7-3) (GCC) 
configure:2518: $? = 0
configure:2520: gcc -V </dev/null >&5
gcc: '-V' option must have argument
configure:2523: $? = 1
configure:2546: checking for C compiler default output file name
configure:2549: gcc    conftest.c  >&5
configure:2552: $? = 0
configure:2598: result: a.out
configure:2603: checking whether the C compiler works
configure:2609: ./a.out
configure:2612: $? = 0
configure:2629: result: yes
configure:2636: checking whether we are cross compiling
configure:2638: result: no
configure:2641: checking for suffix of executables
configure:2643: gcc -o conftest    conftest.c  >&5
configure:2646: $? = 0
configure:2671: result: 
configure:2677: checking for suffix of object files
configure:2698: gcc -c   conftest.c >&5
configure:2701: $? = 0
configure:2723: result: o
configure:2727: checking whether we are using the GNU C compiler
configure:2751: gcc -c   conftest.c >&5
configure:2757: $? = 0
configure:2761: test -z 
			 || test ! -s conftest.err
configure:2764: $? = 0
configure:2767: test -s conftest.o
configure:2770: $? = 0
configure:2783: result: yes
configure:2789: checking whether gcc accepts -g
configure:2810: gcc -c -g  conftest.c >&5
configure:2816: $? = 0
configure:2820: test -z 
			 || test ! -s conftest.err
configure:2823: $? = 0
configure:2826: test -s conftest.o
configure:2829: $? = 0
configure:2840: result: yes
configure:2857: checking for gcc option to accept ANSI C
configure:2927: gcc  -c -g -O2  conftest.c >&5
configure:2933: $? = 0
configure:2937: test -z 
			 || test ! -s conftest.err
configure:2940: $? = 0
configure:2943: test -s conftest.o
configure:2946: $? = 0
configure:2964: result: none needed
configure:2982: gcc -c -g -O2  conftest.c >&5
conftest.c:2: error: expected '=', ',', ';', 'asm' or '__attribute__' before 'me'
configure:2988: $? = 1
configure: failed program was:
| #ifndef __cplusplus
|   choke me
| #endif
configure:3123: checking dependency style of gcc
configure:3213: result: gcc3
configure:3230: checking for a sed that does not truncate output
configure:3284: result: /bin/sed
configure:3287: checking for egrep
configure:3297: result: grep -E
configure:3313: checking for ld used by gcc
configure:3380: result: /usr/bin/ld
configure:3389: checking if the linker (/usr/bin/ld) is GNU ld
configure:3404: result: yes
configure:3409: checking for /usr/bin/ld option to reload object files
configure:3416: result: -r
configure:3434: checking for BSD-compatible nm
configure:3476: result: /usr/bin/nm -B
configure:3480: checking whether ln -s works
configure:3484: result: yes
configure:3491: checking how to recognise dependent libraries
configure:3663: result: pass_all
configure:3748: gcc -c -g -O2  conftest.c >&5
configure:3751: $? = 0
configure:3877: checking how to run the C preprocessor
configure:3912: gcc -E  conftest.c
configure:3918: $? = 0
configure:3950: gcc -E  conftest.c
conftest.c:14:28: error: ac_nonexistent.h: No such file or directory
configure:3956: $? = 1
configure: failed program was:
| /* confdefs.h.  */
| 
| #define PACKAGE_NAME ""
| #define PACKAGE_TARNAME ""
| #define PACKAGE_VERSION ""
| #define PACKAGE_STRING ""
| #define PACKAGE_BUGREPORT ""
| #define GTS_MAJOR_VERSION 0
| #define GTS_MINOR_VERSION 7
| #define GTS_MICRO_VERSION 4
| #define GTS_INTERFACE_AGE 0
| #define GTS_BINARY_AGE 0
| /* end confdefs.h.  */
| #include <ac_nonexistent.h>
configure:3995: result: gcc -E
configure:4019: gcc -E  conftest.c
configure:4025: $? = 0
configure:4057: gcc -E  conftest.c
conftest.c:14:28: error: ac_nonexistent.h: No such file or directory
configure:4063: $? = 1
configure: failed program was:
| /* confdefs.h.  */
| 
| #define PACKAGE_NAME ""
| #define PACKAGE_TARNAME ""
| #define PACKAGE_VERSION ""
| #define PACKAGE_STRING ""
| #define PACKAGE_BUGREPORT ""
| #define GTS_MAJOR_VERSION 0
| #define GTS_MINOR_VERSION 7
| #define GTS_MICRO_VERSION 4
| #define GTS_INTERFACE_AGE 0
| #define GTS_BINARY_AGE 0
| /* end confdefs.h.  */
| #include <ac_nonexistent.h>
configure:4107: checking for ANSI C header files
configure:4132: gcc -c -g -O2  conftest.c >&5
configure:4138: $? = 0
configure:4142: test -z 
			 || test ! -s conftest.err
configure:4145: $? = 0
configure:4148: test -s conftest.o
configure:4151: $? = 0
configure:4240: gcc -o conftest -g -O2   conftest.c  >&5
conftest.c: In function 'main':
conftest.c:31: warning: incompatible implicit declaration of built-in function 'exit'
configure:4243: $? = 0
configure:4245: ./conftest
configure:4248: $? = 0
configure:4263: result: yes
configure:4287: checking for sys/types.h
configure:4303: gcc -c -g -O2  conftest.c >&5
configure:4309: $? = 0
configure:4313: test -z 
			 || test ! -s conftest.err
configure:4316: $? = 0
configure:4319: test -s conftest.o
configure:4322: $? = 0
configure:4333: result: yes
configure:4287: checking for sys/stat.h
configure:4303: gcc -c -g -O2  conftest.c >&5
configure:4309: $? = 0
configure:4313: test -z 
			 || test ! -s conftest.err
configure:4316: $? = 0
configure:4319: test -s conftest.o
configure:4322: $? = 0
configure:4333: result: yes
configure:4287: checking for stdlib.h
configure:4303: gcc -c -g -O2  conftest.c >&5
configure:4309: $? = 0
configure:4313: test -z 
			 || test ! -s conftest.err
configure:4316: $? = 0
configure:4319: test -s conftest.o
configure:4322: $? = 0
configure:4333: result: yes
configure:4287: checking for string.h
configure:4303: gcc -c -g -O2  conftest.c >&5
configure:4309: $? = 0
configure:4313: test -z 
			 || test ! -s conftest.err
configure:4316: $? = 0
configure:4319: test -s conftest.o
configure:4322: $? = 0
configure:4333: result: yes
configure:4287: checking for memory.h
configure:4303: gcc -c -g -O2  conftest.c >&5
configure:4309: $? = 0
configure:4313: test -z 
			 || test ! -s conftest.err
configure:4316: $? = 0
configure:4319: test -s conftest.o
configure:4322: $? = 0
configure:4333: result: yes
configure:4287: checking for strings.h
configure:4303: gcc -c -g -O2  conftest.c >&5
configure:4309: $? = 0
configure:4313: test -z 
			 || test ! -s conftest.err
configure:4316: $? = 0
configure:4319: test -s conftest.o
configure:4322: $? = 0
configure:4333: result: yes
configure:4287: checking for inttypes.h
configure:4303: gcc -c -g -O2  conftest.c >&5
configure:4309: $? = 0
configure:4313: test -z 
			 || test ! -s conftest.err
configure:4316: $? = 0
configure:4319: test -s conftest.o
configure:4322: $? = 0
configure:4333: result: yes
configure:4287: checking for stdint.h
configure:4303: gcc -c -g -O2  conftest.c >&5
configure:4309: $? = 0
configure:4313: test -z 
			 || test ! -s conftest.err
configure:4316: $? = 0
configure:4319: test -s conftest.o
configure:4322: $? = 0
configure:4333: result: yes
configure:4287: checking for unistd.h
configure:4303: gcc -c -g -O2  conftest.c >&5
configure:4309: $? = 0
configure:4313: test -z 
			 || test ! -s conftest.err
configure:4316: $? = 0
configure:4319: test -s conftest.o
configure:4322: $? = 0
configure:4333: result: yes
configure:4359: checking dlfcn.h usability
configure:4371: gcc -c -g -O2  conftest.c >&5
configure:4377: $? = 0
configure:4381: test -z 
			 || test ! -s conftest.err
configure:4384: $? = 0
configure:4387: test -s conftest.o
configure:4390: $? = 0
configure:4400: result: yes
configure:4404: checking dlfcn.h presence
configure:4414: gcc -E  conftest.c
configure:4420: $? = 0
configure:4440: result: yes
configure:4475: checking for dlfcn.h
configure:4482: result: yes
configure:4547: checking for g++
configure:4563: found /usr/bin/g++
configure:4573: result: g++
configure:4589: checking for C++ compiler version
configure:4592: g++ --version </dev/null >&5
g++ (GCC) 4.4.7 20120313 (Red Hat 4.4.7-3)
Copyright (C) 2010 Free Software Foundation, Inc.
This is free software; see the source for copying conditions.  There is NO
warranty; not even for MERCHANTABILITY or FITNESS FOR A PARTICULAR PURPOSE.

configure:4595: $? = 0
configure:4597: g++ -v </dev/null >&5
Using built-in specs.
Target: x86_64-redhat-linux
Configured with: ../configure --prefix=/usr --mandir=/usr/share/man --infodir=/usr/share/info --with-bugurl=http://bugzilla.redhat.com/bugzilla --enable-bootstrap --enable-shared --enable-threads=posix --enable-checking=release --with-system-zlib --enable-__cxa_atexit --disable-libunwind-exceptions --enable-gnu-unique-object --enable-languages=c,c++,objc,obj-c++,java,fortran,ada --enable-java-awt=gtk --disable-dssi --with-java-home=/usr/lib/jvm/java-1.5.0-gcj-1.5.0.0/jre --enable-libgcj-multifile --enable-java-maintainer-mode --with-ecj-jar=/usr/share/java/eclipse-ecj.jar --disable-libjava-multilib --with-ppl --with-cloog --with-tune=generic --with-arch_32=i686 --build=x86_64-redhat-linux
Thread model: posix
gcc version 4.4.7 20120313 (Red Hat 4.4.7-3) (GCC) 
configure:4600: $? = 0
configure:4602: g++ -V </dev/null >&5
g++: '-V' option must have argument
configure:4605: $? = 1
configure:4608: checking whether we are using the GNU C++ compiler
configure:4632: g++ -c   conftest.cc >&5
configure:4638: $? = 0
configure:4642: test -z 
			 || test ! -s conftest.err
configure:4645: $? = 0
configure:4648: test -s conftest.o
configure:4651: $? = 0
configure:4664: result: yes
configure:4670: checking whether g++ accepts -g
configure:4691: g++ -c -g  conftest.cc >&5
configure:4697: $? = 0
configure:4701: test -z 
			 || test ! -s conftest.err
configure:4704: $? = 0
configure:4707: test -s conftest.o
configure:4710: $? = 0
configure:4721: result: yes
configure:4763: g++ -c -g -O2  conftest.cc >&5
configure:4769: $? = 0
configure:4773: test -z 
			 || test ! -s conftest.err
configure:4776: $? = 0
configure:4779: test -s conftest.o
configure:4782: $? = 0
configure:4808: g++ -c -g -O2  conftest.cc >&5
conftest.cc: In function 'int main()':
conftest.cc:29: error: 'exit' was not declared in this scope
configure:4814: $? = 1
configure: failed program was:
| /* confdefs.h.  */
| 
| #define PACKAGE_NAME ""
| #define PACKAGE_TARNAME ""
| #define PACKAGE_VERSION ""
| #define PACKAGE_STRING ""
| #define PACKAGE_BUGREPORT ""
| #define GTS_MAJOR_VERSION 0
| #define GTS_MINOR_VERSION 7
| #define GTS_MICRO_VERSION 4
| #define GTS_INTERFACE_AGE 0
| #define GTS_BINARY_AGE 0
| #define STDC_HEADERS 1
| #define HAVE_SYS_TYPES_H 1
| #define HAVE_SYS_STAT_H 1
| #define HAVE_STDLIB_H 1
| #define HAVE_STRING_H 1
| #define HAVE_MEMORY_H 1
| #define HAVE_STRINGS_H 1
| #define HAVE_INTTYPES_H 1
| #define HAVE_STDINT_H 1
| #define HAVE_UNISTD_H 1
| #define HAVE_DLFCN_H 1
| /* end confdefs.h.  */
| 
| int
| main ()
| {
| exit (42);
|   ;
|   return 0;
| }
configure:4763: g++ -c -g -O2  conftest.cc >&5
conftest.cc:25: error: 'void std::exit(int)' should have been declared inside 'std'
configure:4769: $? = 1
configure: failed program was:
| /* confdefs.h.  */
| 
| #define PACKAGE_NAME ""
| #define PACKAGE_TARNAME ""
| #define PACKAGE_VERSION ""
| #define PACKAGE_STRING ""
| #define PACKAGE_BUGREPORT ""
| #define GTS_MAJOR_VERSION 0
| #define GTS_MINOR_VERSION 7
| #define GTS_MICRO_VERSION 4
| #define GTS_INTERFACE_AGE 0
| #define GTS_BINARY_AGE 0
| #define STDC_HEADERS 1
| #define HAVE_SYS_TYPES_H 1
| #define HAVE_SYS_STAT_H 1
| #define HAVE_STDLIB_H 1
| #define HAVE_STRING_H 1
| #define HAVE_MEMORY_H 1
| #define HAVE_STRINGS_H 1
| #define HAVE_INTTYPES_H 1
| #define HAVE_STDINT_H 1
| #define HAVE_UNISTD_H 1
| #define HAVE_DLFCN_H 1
| /* end confdefs.h.  */
| extern "C" void std::exit (int) throw (); using std::exit;
| #include <stdlib.h>
| int
| main ()
| {
| exit (42);
|   ;
|   return 0;
| }
configure:4763: g++ -c -g -O2  conftest.cc >&5
conftest.cc:25: error: 'void std::exit(int)' should have been declared inside 'std'
In file included from conftest.cc:26:
/usr/include/stdlib.h:544: error: declaration of 'void std::exit(int) throw ()' throws different exceptions
conftest.cc:25: error: from previous declaration 'void std::exit(int)'
configure:4769: $? = 1
configure: failed program was:
| /* confdefs.h.  */
| 
| #define PACKAGE_NAME ""
| #define PACKAGE_TARNAME ""
| #define PACKAGE_VERSION ""
| #define PACKAGE_STRING ""
| #define PACKAGE_BUGREPORT ""
| #define GTS_MAJOR_VERSION 0
| #define GTS_MINOR_VERSION 7
| #define GTS_MICRO_VERSION 4
| #define GTS_INTERFACE_AGE 0
| #define GTS_BINARY_AGE 0
| #define STDC_HEADERS 1
| #define HAVE_SYS_TYPES_H 1
| #define HAVE_SYS_STAT_H 1
| #define HAVE_STDLIB_H 1
| #define HAVE_STRING_H 1
| #define HAVE_MEMORY_H 1
| #define HAVE_STRINGS_H 1
| #define HAVE_INTTYPES_H 1
| #define HAVE_STDINT_H 1
| #define HAVE_UNISTD_H 1
| #define HAVE_DLFCN_H 1
| /* end confdefs.h.  */
| extern "C" void std::exit (int); using std::exit;
| #include <stdlib.h>
| int
| main ()
| {
| exit (42);
|   ;
|   return 0;
| }
configure:4763: g++ -c -g -O2  conftest.cc >&5
configure:4769: $? = 0
configure:4773: test -z 
			 || test ! -s conftest.err
configure:4776: $? = 0
configure:4779: test -s conftest.o
configure:4782: $? = 0
configure:4808: g++ -c -g -O2  conftest.cc >&5
configure:4814: $? = 0
configure:4818: test -z 
			 || test ! -s conftest.err
configure:4821: $? = 0
configure:4824: test -s conftest.o
configure:4827: $? = 0
configure:4852: checking dependency style of g++
configure:4942: result: gcc3
configure:4969: checking how to run the C++ preprocessor
configure:5000: g++ -E  conftest.cc
configure:5006: $? = 0
configure:5038: g++ -E  conftest.cc
conftest.cc:28:28: error: ac_nonexistent.h: No such file or directory
configure:5044: $? = 1
configure: failed program was:
| /* confdefs.h.  */
| 
| #define PACKAGE_NAME ""
| #define PACKAGE_TARNAME ""
| #define PACKAGE_VERSION ""
| #define PACKAGE_STRING ""
| #define PACKAGE_BUGREPORT ""
| #define GTS_MAJOR_VERSION 0
| #define GTS_MINOR_VERSION 7
| #define GTS_MICRO_VERSION 4
| #define GTS_INTERFACE_AGE 0
| #define GTS_BINARY_AGE 0
| #define STDC_HEADERS 1
| #define HAVE_SYS_TYPES_H 1
| #define HAVE_SYS_STAT_H 1
| #define HAVE_STDLIB_H 1
| #define HAVE_STRING_H 1
| #define HAVE_MEMORY_H 1
| #define HAVE_STRINGS_H 1
| #define HAVE_INTTYPES_H 1
| #define HAVE_STDINT_H 1
| #define HAVE_UNISTD_H 1
| #define HAVE_DLFCN_H 1
| #ifdef __cplusplus
| extern "C" void exit (int) throw ();
| #endif
| /* end confdefs.h.  */
| #include <ac_nonexistent.h>
configure:5083: result: g++ -E
configure:5107: g++ -E  conftest.cc
configure:5113: $? = 0
configure:5145: g++ -E  conftest.cc
conftest.cc:28:28: error: ac_nonexistent.h: No such file or directory
configure:5151: $? = 1
configure: failed program was:
| /* confdefs.h.  */
| 
| #define PACKAGE_NAME ""
| #define PACKAGE_TARNAME ""
| #define PACKAGE_VERSION ""
| #define PACKAGE_STRING ""
| #define PACKAGE_BUGREPORT ""
| #define GTS_MAJOR_VERSION 0
| #define GTS_MINOR_VERSION 7
| #define GTS_MICRO_VERSION 4
| #define GTS_INTERFACE_AGE 0
| #define GTS_BINARY_AGE 0
| #define STDC_HEADERS 1
| #define HAVE_SYS_TYPES_H 1
| #define HAVE_SYS_STAT_H 1
| #define HAVE_STDLIB_H 1
| #define HAVE_STRING_H 1
| #define HAVE_MEMORY_H 1
| #define HAVE_STRINGS_H 1
| #define HAVE_INTTYPES_H 1
| #define HAVE_STDINT_H 1
| #define HAVE_UNISTD_H 1
| #define HAVE_DLFCN_H 1
| #ifdef __cplusplus
| extern "C" void exit (int) throw ();
| #endif
| /* end confdefs.h.  */
| #include <ac_nonexistent.h>
configure:5248: checking for g77
configure:5277: result: no
configure:5248: checking for f77
configure:5277: result: no
configure:5248: checking for xlf
configure:5277: result: no
configure:5248: checking for frt
configure:5277: result: no
configure:5248: checking for pgf77
configure:5277: result: no
configure:5248: checking for fort77
configure:5277: result: no
configure:5248: checking for fl32
configure:5277: result: no
configure:5248: checking for af77
configure:5277: result: no
configure:5248: checking for f90
configure:5277: result: no
configure:5248: checking for xlf90
configure:5277: result: no
configure:5248: checking for pgf90
configure:5277: result: no
configure:5248: checking for epcf90
configure:5277: result: no
configure:5248: checking for f95
configure:5264: found /usr/bin/f95
configure:5274: result: f95
configure:5289: checking for Fortran 77 compiler version
configure:5292: f95 --version </dev/null >&5
GNU Fortran (GCC) 4.4.7 20120313 (Red Hat 4.4.7-3)
Copyright (C) 2010 Free Software Foundation, Inc.

GNU Fortran comes with NO WARRANTY, to the extent permitted by law.
You may redistribute copies of GNU Fortran
under the terms of the GNU General Public License.
For more information about these matters, see the file named COPYING

configure:5295: $? = 0
configure:5297: f95 -v </dev/null >&5
Using built-in specs.
Target: x86_64-redhat-linux
Configured with: ../configure --prefix=/usr --mandir=/usr/share/man --infodir=/usr/share/info --with-bugurl=http://bugzilla.redhat.com/bugzilla --enable-bootstrap --enable-shared --enable-threads=posix --enable-checking=release --with-system-zlib --enable-__cxa_atexit --disable-libunwind-exceptions --enable-gnu-unique-object --enable-languages=c,c++,objc,obj-c++,java,fortran,ada --enable-java-awt=gtk --disable-dssi --with-java-home=/usr/lib/jvm/java-1.5.0-gcj-1.5.0.0/jre --enable-libgcj-multifile --enable-java-maintainer-mode --with-ecj-jar=/usr/share/java/eclipse-ecj.jar --disable-libjava-multilib --with-ppl --with-cloog --with-tune=generic --with-arch_32=i686 --build=x86_64-redhat-linux
Thread model: posix
gcc version 4.4.7 20120313 (Red Hat 4.4.7-3) (GCC) 
configure:5300: $? = 0
configure:5302: f95 -V </dev/null >&5
f95: '-V' option must have argument
configure:5305: $? = 1
configure:5313: checking whether we are using the GNU Fortran 77 compiler
configure:5327: f95 -c  conftest.F >&5
configure:5333: $? = 0
configure:5337: test -z 
			 || test ! -s conftest.err
configure:5340: $? = 0
configure:5343: test -s conftest.o
configure:5346: $? = 0
configure:5359: result: yes
configure:5365: checking whether f95 accepts -g
configure:5377: f95 -c -g conftest.f >&5
configure:5383: $? = 0
configure:5387: test -z 
			 || test ! -s conftest.err
configure:5390: $? = 0
configure:5393: test -s conftest.o
configure:5396: $? = 0
configure:5408: result: yes
configure:5438: checking the maximum length of command line arguments
configure:5517: result: 32768
configure:5528: checking command to parse /usr/bin/nm -B output from gcc object
configure:5624: gcc -c -g -O2  conftest.c >&5
configure:5627: $? = 0
configure:5631: /usr/bin/nm -B conftest.o \| sed -n -e 's/^.*[ 	]\([ABCDGIRSTW][ABCDGIRSTW]*\)[ 	][ 	]*\(\)\([_A-Za-z][_A-Za-z0-9]*\)$/\1 \2\3 \3/p' \> conftest.nm
configure:5634: $? = 0
configure:5686: gcc -o conftest -g -O2   conftest.c conftstm.o >&5
configure:5689: $? = 0
configure:5727: result: ok
configure:5731: checking for objdir
configure:5746: result: .libs
configure:5836: checking for ar
configure:5852: found /usr/bin/ar
configure:5863: result: ar
configure:5916: checking for ranlib
configure:5932: found /usr/bin/ranlib
configure:5943: result: ranlib
configure:5996: checking for strip
configure:6012: found /usr/bin/strip
configure:6023: result: strip
configure:6287: checking if gcc static flag  works
configure:6310: result: yes
configure:6328: checking if gcc supports -fno-rtti -fno-exceptions
configure:6346: gcc -c -g -O2  -fno-rtti -fno-exceptions conftest.c >&5
cc1: warning: command line option "-fno-rtti" is valid for C++/ObjC++ but not for C
configure:6350: $? = 0
configure:6361: result: no
configure:6376: checking for gcc option to produce PIC
configure:6563: result: -fPIC
configure:6571: checking if gcc PIC flag -fPIC works
configure:6589: gcc -c -g -O2  -fPIC -DPIC conftest.c >&5
configure:6593: $? = 0
configure:6604: result: yes
configure:6628: checking if gcc supports -c -o file.o
configure:6649: gcc -c -g -O2  -o out/conftest2.o conftest.c >&5
configure:6653: $? = 0
configure:6673: result: yes
configure:6699: checking whether the gcc linker (/usr/bin/ld -m elf_x86_64) supports shared libraries
configure:7548: result: yes
configure:7574: checking whether -lc should be explicitly linked in
configure:7579: gcc -c -g -O2  conftest.c >&5
configure:7582: $? = 0
configure:7596: gcc -shared conftest.o  -v -Wl,-soname -Wl,conftest -o conftest 2\>\&1 \| grep  -lc  \>/dev/null 2\>\&1
configure:7599: $? = 0
configure:7611: result: no
configure:7619: checking dynamic linker characteristics
configure:8159: result: GNU/Linux ld.so
configure:8163: checking how to hardcode library paths into programs
configure:8188: result: immediate
configure:8202: checking whether stripping libraries is possible
configure:8207: result: yes
configure:9037: checking if libtool supports shared libraries
configure:9039: result: yes
configure:9042: checking whether to build shared libraries
configure:9063: result: yes
configure:9066: checking whether to build static libraries
configure:9070: result: yes
configure:9162: creating libtool
configure:9711: checking for ld used by g++
configure:9778: result: /usr/bin/ld -m elf_x86_64
configure:9787: checking if the linker (/usr/bin/ld -m elf_x86_64) is GNU ld
configure:9802: result: yes
configure:9853: checking whether the g++ linker (/usr/bin/ld -m elf_x86_64) supports shared libraries
configure:10720: result: yes
configure:10738: g++ -c -g -O2  conftest.cc >&5
configure:10741: $? = 0
configure:10837: checking for g++ option to produce PIC
configure:11099: result: -fPIC
configure:11107: checking if g++ PIC flag -fPIC works
configure:11125: g++ -c -g -O2  -fPIC -DPIC conftest.cc >&5
configure:11129: $? = 0
configure:11140: result: yes
configure:11164: checking if g++ supports -c -o file.o
configure:11185: g++ -c -g -O2  -o out/conftest2.o conftest.cc >&5
configure:11189: $? = 0
configure:11209: result: yes
configure:11235: checking whether the g++ linker (/usr/bin/ld -m elf_x86_64) supports shared libraries
configure:11260: result: yes
configure:11331: checking dynamic linker characteristics
configure:11871: result: GNU/Linux ld.so
configure:11875: checking how to hardcode library paths into programs
configure:11900: result: immediate
configure:11914: checking whether stripping libraries is possible
configure:11919: result: yes
configure:13226: checking if libtool supports shared libraries
configure:13228: result: yes
configure:13231: checking whether to build shared libraries
configure:13249: result: yes
configure:13252: checking whether to build static libraries
configure:13256: result: yes
configure:13268: checking for f95 option to produce PIC
configure:13455: result: -fPIC
configure:13463: checking if f95 PIC flag -fPIC works
configure:13481: f95 -c -g -O2 -fPIC conftest.f >&5
configure:13485: $? = 0
configure:13496: result: yes
configure:13520: checking if f95 supports -c -o file.o
configure:13541: f95 -c -g -O2 -o out/conftest2.o conftest.f >&5
configure:13545: $? = 0
configure:13565: result: yes
configure:13591: checking whether the f95 linker (/usr/bin/ld -m elf_x86_64) supports shared libraries
configure:14420: result: yes
configure:14491: checking dynamic linker characteristics
configure:15031: result: GNU/Linux ld.so
configure:15035: checking how to hardcode library paths into programs
configure:15060: result: immediate
configure:15074: checking whether stripping libraries is possible
configure:15079: result: yes
configure:19177: checking whether to enable maintainer-specific portions of Makefiles
configure:19186: result: no
configure:19248: checking for gcc
configure:19274: result: gcc
configure:19518: checking for C compiler version
configure:19521: gcc --version </dev/null >&5
gcc (GCC) 4.4.7 20120313 (Red Hat 4.4.7-3)
Copyright (C) 2010 Free Software Foundation, Inc.
This is free software; see the source for copying conditions.  There is NO
warranty; not even for MERCHANTABILITY or FITNESS FOR A PARTICULAR PURPOSE.

configure:19524: $? = 0
configure:19526: gcc -v </dev/null >&5
Using built-in specs.
Target: x86_64-redhat-linux
Configured with: ../configure --prefix=/usr --mandir=/usr/share/man --infodir=/usr/share/info --with-bugurl=http://bugzilla.redhat.com/bugzilla --enable-bootstrap --enable-shared --enable-threads=posix --enable-checking=release --with-system-zlib --enable-__cxa_atexit --disable-libunwind-exceptions --enable-gnu-unique-object --enable-languages=c,c++,objc,obj-c++,java,fortran,ada --enable-java-awt=gtk --disable-dssi --with-java-home=/usr/lib/jvm/java-1.5.0-gcj-1.5.0.0/jre --enable-libgcj-multifile --enable-java-maintainer-mode --with-ecj-jar=/usr/share/java/eclipse-ecj.jar --disable-libjava-multilib --with-ppl --with-cloog --with-tune=generic --with-arch_32=i686 --build=x86_64-redhat-linux
Thread model: posix
gcc version 4.4.7 20120313 (Red Hat 4.4.7-3) (GCC) 
configure:19529: $? = 0
configure:19531: gcc -V </dev/null >&5
gcc: '-V' option must have argument
configure:19534: $? = 1
configure:19537: checking whether we are using the GNU C compiler
configure:19593: result: yes
configure:19599: checking whether gcc accepts -g
configure:19650: result: yes
configure:19667: checking for gcc option to accept ANSI C
configure:19774: result: none needed
configure:19792: gcc -c -g -O2  conftest.c >&5
conftest.c:2: error: expected '=', ',', ';', 'asm' or '__attribute__' before 'me'
configure:19798: $? = 1
configure: failed program was:
| #ifndef __cplusplus
|   choke me
| #endif
configure:19933: checking dependency style of gcc
configure:20023: result: gcc3
configure:20049: checking for gawk
configure:20075: result: gawk
configure:20085: checking for library containing strerror
configure:20115: gcc -o conftest -g -O2 -Wall -Werror-implicit-function-declaration -Wstrict-prototypes -Wmissing-prototypes -Wmissing-declarations   conftest.c  >&5
conftest.c:35: warning: function declaration isn't a prototype
conftest.c:38: warning: function declaration isn't a prototype
configure:20121: $? = 0
configure:20125: test -z 
			 || test ! -s conftest.err
configure:20128: $? = 0
configure:20131: test -s conftest
configure:20134: $? = 0
configure:20204: result: none required
configure:20211: checking for ANSI C header files
configure:20367: result: yes
configure:20378: checking for pgm_init in -lnetpbm
configure:20408: gcc -o conftest -g -O2 -Wall -Werror-implicit-function-declaration -Wstrict-prototypes -Wmissing-prototypes -Wmissing-declarations   conftest.c -lnetpbm   >&5
conftest.c:36: warning: function declaration isn't a prototype
conftest.c:39: warning: function declaration isn't a prototype
/usr/bin/ld: cannot find -lnetpbm
collect2: ld returned 1 exit status
configure:20414: $? = 1
configure: failed program was:
| /* confdefs.h.  */
| 
| #define PACKAGE_NAME ""
| #define PACKAGE_TARNAME ""
| #define PACKAGE_VERSION ""
| #define PACKAGE_STRING ""
| #define PACKAGE_BUGREPORT ""
| #define GTS_MAJOR_VERSION 0
| #define GTS_MINOR_VERSION 7
| #define GTS_MICRO_VERSION 4
| #define GTS_INTERFACE_AGE 0
| #define GTS_BINARY_AGE 0
| #define STDC_HEADERS 1
| #define HAVE_SYS_TYPES_H 1
| #define HAVE_SYS_STAT_H 1
| #define HAVE_STDLIB_H 1
| #define HAVE_STRING_H 1
| #define HAVE_MEMORY_H 1
| #define HAVE_STRINGS_H 1
| #define HAVE_INTTYPES_H 1
| #define HAVE_STDINT_H 1
| #define HAVE_UNISTD_H 1
| #define HAVE_DLFCN_H 1
| #ifdef __cplusplus
| extern "C" void exit (int) throw ();
| #endif
| #define STDC_HEADERS 1
| /* end confdefs.h.  */
| 
| /* Override any gcc2 internal prototype to avoid an error.  */
| #ifdef __cplusplus
| extern "C"
| #endif
| /* We use char because int might match the return type of a gcc2
|    builtin and then its argument prototype would still apply.  */
| char pgm_init ();
| int
| main ()
| {
| pgm_init ();
|   ;
|   return 0;
| }
configure:20440: result: no
configure:20445: WARNING: libnetpbm not found. Some programs will not be available.
configure:20489: checking for pkg-config
configure:20507: found /usr/bin/pkg-config
configure:20520: result: /usr/bin/pkg-config
configure:20543: checking for GLIB - version >= 2.4.0
configure:20662: gcc -o conftest -g -O2 -Wall -Werror-implicit-function-declaration -Wstrict-prototypes -Wmissing-prototypes -Wmissing-declarations -pthread -I/usr/include/glib-2.0 -I/usr/lib64/glib-2.0/include     conftest.c -pthread -Wl,--export-dynamic -lgthread-2.0 -lrt -lgmodule-2.0 -lglib-2.0    >&5
conftest.c:36: warning: function declaration isn't a prototype
configure:20665: $? = 0
configure:20667: ./conftest
configure:20670: $? = 0
configure:20688: result: yes (version 2.22.5)
configure:21211: gcc -c -g -O2 -Wall -Werror-implicit-function-declaration -Wstrict-prototypes -Wmissing-prototypes -Wmissing-declarations -I/usr/include/glib-2.0 -I/usr/lib64/glib-2.0/include    conftest.c >&5
conftest.c:32: warning: function declaration isn't a prototype
conftest.c:33:1: warning: missing terminating " character
conftest.c: In function 'main':
conftest.c:33: error: missing terminating " character
conftest.c:34:13: warning: #warning test
conftest.c:35:3: warning: missing terminating " character
conftest.c: At top level:
conftest.c:35: error: missing terminating " character
conftest.c:37: error: expected identifier or '(' before 'return'
conftest.c:38: error: expected identifier or '(' before '}' token
configure:21217: $? = 1
configure: failed program was:
| /* confdefs.h.  */
| 
| #define PACKAGE_NAME ""
| #define PACKAGE_TARNAME ""
| #define PACKAGE_VERSION ""
| #define PACKAGE_STRING ""
| #define PACKAGE_BUGREPORT ""
| #define GTS_MAJOR_VERSION 0
| #define GTS_MINOR_VERSION 7
| #define GTS_MICRO_VERSION 4
| #define GTS_INTERFACE_AGE 0
| #define GTS_BINARY_AGE 0
| #define STDC_HEADERS 1
| #define HAVE_SYS_TYPES_H 1
| #define HAVE_SYS_STAT_H 1
| #define HAVE_STDLIB_H 1
| #define HAVE_STRING_H 1
| #define HAVE_MEMORY_H 1
| #define HAVE_STRINGS_H 1
| #define HAVE_INTTYPES_H 1
| #define HAVE_STDINT_H 1
| #define HAVE_UNISTD_H 1
| #define HAVE_DLFCN_H 1
| #ifdef __cplusplus
| extern "C" void exit (int) throw ();
| #endif
| #define STDC_HEADERS 1
| /* end confdefs.h.  */
| 
| int
| main ()
| {
| "{
|            #warning test
| 	}"
|   ;
|   return 0;
| }
configure:21241: WARNING: "C preprocessor does not support warning directive."
configure:21261: checking fpu_control.h usability
configure:21273: gcc -c -g -O2 -Wall -Werror-implicit-function-declaration -Wstrict-prototypes -Wmissing-prototypes -Wmissing-declarations -I/usr/include/glib-2.0 -I/usr/lib64/glib-2.0/include    conftest.c >&5
configure:21279: $? = 0
configure:21283: test -z 
			 || test ! -s conftest.err
configure:21286: $? = 0
configure:21289: test -s conftest.o
configure:21292: $? = 0
configure:21302: result: yes
configure:21306: checking fpu_control.h presence
configure:21316: gcc -E  conftest.c
configure:21322: $? = 0
configure:21342: result: yes
configure:21377: checking for fpu_control.h
configure:21384: result: yes
configure:21414: checking floatingpoint.h usability
configure:21426: gcc -c -g -O2 -Wall -Werror-implicit-function-declaration -Wstrict-prototypes -Wmissing-prototypes -Wmissing-declarations -I/usr/include/glib-2.0 -I/usr/lib64/glib-2.0/include    conftest.c >&5
conftest.c:65:27: error: floatingpoint.h: No such file or directory
configure:21432: $? = 1
configure: failed program was:
| /* confdefs.h.  */
| 
| #define PACKAGE_NAME ""
| #define PACKAGE_TARNAME ""
| #define PACKAGE_VERSION ""
| #define PACKAGE_STRING ""
| #define PACKAGE_BUGREPORT ""
| #define GTS_MAJOR_VERSION 0
| #define GTS_MINOR_VERSION 7
| #define GTS_MICRO_VERSION 4
| #define GTS_INTERFACE_AGE 0
| #define GTS_BINARY_AGE 0
| #define STDC_HEADERS 1
| #define HAVE_SYS_TYPES_H 1
| #define HAVE_SYS_STAT_H 1
| #define HAVE_STDLIB_H 1
| #define HAVE_STRING_H 1
| #define HAVE_MEMORY_H 1
| #define HAVE_STRINGS_H 1
| #define HAVE_INTTYPES_H 1
| #define HAVE_STDINT_H 1
| #define HAVE_UNISTD_H 1
| #define HAVE_DLFCN_H 1
| #ifdef __cplusplus
| extern "C" void exit (int) throw ();
| #endif
| #define STDC_HEADERS 1
| #define HAVE_FPU_CONTROL_H 1
| #define HAVE_FPU_CONTROL_H 1
| /* end confdefs.h.  */
| #include <stdio.h>
| #if HAVE_SYS_TYPES_H
| # include <sys/types.h>
| #endif
| #if HAVE_SYS_STAT_H
| # include <sys/stat.h>
| #endif
| #if STDC_HEADERS
| # include <stdlib.h>
| # include <stddef.h>
| #else
| # if HAVE_STDLIB_H
| #  include <stdlib.h>
| # endif
| #endif
| #if HAVE_STRING_H
| # if !STDC_HEADERS && HAVE_MEMORY_H
| #  include <memory.h>
| # endif
| # include <string.h>
| #endif
| #if HAVE_STRINGS_H
| # include <strings.h>
| #endif
| #if HAVE_INTTYPES_H
| # include <inttypes.h>
| #else
| # if HAVE_STDINT_H
| #  include <stdint.h>
| # endif
| #endif
| #if HAVE_UNISTD_H
| # include <unistd.h>
| #endif
| #include <floatingpoint.h>
configure:21455: result: no
configure:21459: checking floatingpoint.h presence
configure:21469: gcc -E  conftest.c
conftest.c:31:27: error: floatingpoint.h: No such file or directory
configure:21475: $? = 1
configure: failed program was:
| /* confdefs.h.  */
| 
| #define PACKAGE_NAME ""
| #define PACKAGE_TARNAME ""
| #define PACKAGE_VERSION ""
| #define PACKAGE_STRING ""
| #define PACKAGE_BUGREPORT ""
| #define GTS_MAJOR_VERSION 0
| #define GTS_MINOR_VERSION 7
| #define GTS_MICRO_VERSION 4
| #define GTS_INTERFACE_AGE 0
| #define GTS_BINARY_AGE 0
| #define STDC_HEADERS 1
| #define HAVE_SYS_TYPES_H 1
| #define HAVE_SYS_STAT_H 1
| #define HAVE_STDLIB_H 1
| #define HAVE_STRING_H 1
| #define HAVE_MEMORY_H 1
| #define HAVE_STRINGS_H 1
| #define HAVE_INTTYPES_H 1
| #define HAVE_STDINT_H 1
| #define HAVE_UNISTD_H 1
| #define HAVE_DLFCN_H 1
| #ifdef __cplusplus
| extern "C" void exit (int) throw ();
| #endif
| #define STDC_HEADERS 1
| #define HAVE_FPU_CONTROL_H 1
| #define HAVE_FPU_CONTROL_H 1
| /* end confdefs.h.  */
| #include <floatingpoint.h>
configure:21495: result: no
configure:21530: checking for floatingpoint.h
configure:21537: result: no
configure:21558: checking for unistd.h
configure:21563: result: yes
configure:21720: checking getopt.h usability
configure:21732: gcc -c -g -O2 -Wall -Werror-implicit-function-declaration -Wstrict-prototypes -Wmissing-prototypes -Wmissing-declarations -I/usr/include/glib-2.0 -I/usr/lib64/glib-2.0/include    conftest.c >&5
configure:21738: $? = 0
configure:21742: test -z 
			 || test ! -s conftest.err
configure:21745: $? = 0
configure:21748: test -s conftest.o
configure:21751: $? = 0
configure:21761: result: yes
configure:21765: checking getopt.h presence
configure:21775: gcc -E  conftest.c
configure:21781: $? = 0
configure:21801: result: yes
configure:21836: checking for getopt.h
configure:21843: result: yes
configure:21864: checking for getopt_long
configure:21921: gcc -o conftest -g -O2 -Wall -Werror-implicit-function-declaration -Wstrict-prototypes -Wmissing-prototypes -Wmissing-declarations -I/usr/include/glib-2.0 -I/usr/lib64/glib-2.0/include     -lglib-2.0   conftest.c  >&5
conftest.c:59: warning: function declaration isn't a prototype
conftest.c:66: warning: function declaration isn't a prototype
conftest.c:74: warning: function declaration isn't a prototype
configure:21927: $? = 0
configure:21931: test -z 
			 || test ! -s conftest.err
configure:21934: $? = 0
configure:21937: test -s conftest
configure:21940: $? = 0
configure:21952: result: yes
configure:22102: creating ./config.status

## ---------------------- ##
## Running config.status. ##
## ---------------------- ##

This file was extended by config.status, which was
generated by GNU Autoconf 2.59.  Invocation command line was

  CONFIG_FILES    = 
  CONFIG_HEADERS  = 
  CONFIG_LINKS    = 
  CONFIG_COMMANDS = 
  $ ./config.status 

on harald-build

config.status:760: creating Makefile
config.status:760: creating gts.pc
config.status:760: creating gts.spec
config.status:760: creating src/Makefile
config.status:760: creating src/gts-config
config.status:760: creating tools/Makefile
config.status:760: creating doc/Makefile
config.status:760: creating examples/Makefile
config.status:760: creating test/Makefile
config.status:760: creating test/boolean/Makefile
config.status:760: creating test/delaunay/Makefile
config.status:760: creating test/coarsen/Makefile
config.status:864: creating config.h
config.status:1168: executing depfiles commands
config.status:1168: executing default-1 commands

## ---------------- ##
## Cache variables. ##
## ---------------- ##

ac_cv_build=x86_64-unknown-linux-gnu
ac_cv_build_alias=x86_64-unknown-linux-gnu
ac_cv_c_compiler_gnu=yes
ac_cv_cxx_compiler_gnu=yes
ac_cv_env_CC_set=
ac_cv_env_CC_value=
ac_cv_env_CFLAGS_set=
ac_cv_env_CFLAGS_value=
ac_cv_env_CPPFLAGS_set=
ac_cv_env_CPPFLAGS_value=
ac_cv_env_CPP_set=
ac_cv_env_CPP_value=
ac_cv_env_CXXCPP_set=
ac_cv_env_CXXCPP_value=
ac_cv_env_CXXFLAGS_set=
ac_cv_env_CXXFLAGS_value=
ac_cv_env_CXX_set=
ac_cv_env_CXX_value=
ac_cv_env_F77_set=
ac_cv_env_F77_value=
ac_cv_env_FFLAGS_set=
ac_cv_env_FFLAGS_value=
ac_cv_env_LDFLAGS_set=
ac_cv_env_LDFLAGS_value=
ac_cv_env_build_alias_set=
ac_cv_env_build_alias_value=
ac_cv_env_host_alias_set=
ac_cv_env_host_alias_value=
ac_cv_env_target_alias_set=
ac_cv_env_target_alias_value=
ac_cv_exeext=
ac_cv_f77_compiler_gnu=yes
ac_cv_func_getopt_long=yes
ac_cv_header_dlfcn_h=yes
ac_cv_header_floatingpoint_h=no
ac_cv_header_fpu_control_h=yes
ac_cv_header_getopt_h=yes
ac_cv_header_inttypes_h=yes
ac_cv_header_memory_h=yes
ac_cv_header_stdc=yes
ac_cv_header_stdint_h=yes
ac_cv_header_stdlib_h=yes
ac_cv_header_string_h=yes
ac_cv_header_strings_h=yes
ac_cv_header_sys_stat_h=yes
ac_cv_header_sys_types_h=yes
ac_cv_header_unistd_h=yes
ac_cv_host=x86_64-unknown-linux-gnu
ac_cv_host_alias=x86_64-unknown-linux-gnu
ac_cv_lib_netpbm_pgm_init=no
ac_cv_objext=o
ac_cv_path_PKG_CONFIG=/usr/bin/pkg-config
ac_cv_path_install='/usr/bin/install -c'
ac_cv_prog_AWK=gawk
ac_cv_prog_CPP='gcc -E'
ac_cv_prog_CXXCPP='g++ -E'
ac_cv_prog_ac_ct_AR=ar
ac_cv_prog_ac_ct_CC=gcc
ac_cv_prog_ac_ct_CXX=g++
ac_cv_prog_ac_ct_F77=f95
ac_cv_prog_ac_ct_RANLIB=ranlib
ac_cv_prog_ac_ct_STRIP=strip
ac_cv_prog_cc_g=yes
ac_cv_prog_cc_stdc=
ac_cv_prog_cxx_g=yes
ac_cv_prog_egrep='grep -E'
ac_cv_prog_f77_g=yes
ac_cv_prog_make_make_set=yes
ac_cv_search_strerror='none required'
am_cv_CC_dependencies_compiler_type=gcc3
am_cv_CXX_dependencies_compiler_type=gcc3
lt_cv_deplibs_check_method=pass_all
lt_cv_file_magic_cmd='$MAGIC_CMD'
lt_cv_file_magic_test_file=
lt_cv_ld_reload_flag=-r
lt_cv_objdir=.libs
lt_cv_path_LD=/usr/bin/ld
lt_cv_path_LDCXX='/usr/bin/ld -m elf_x86_64'
lt_cv_path_NM='/usr/bin/nm -B'
lt_cv_path_SED=/bin/sed
lt_cv_prog_compiler_c_o=yes
lt_cv_prog_compiler_c_o_CXX=yes
lt_cv_prog_compiler_c_o_F77=yes
lt_cv_prog_compiler_rtti_exceptions=no
lt_cv_prog_gnu_ld=yes
lt_cv_prog_gnu_ldcxx=yes
lt_cv_sys_global_symbol_pipe='sed -n -e '\''s/^.*[ 	]\([ABCDGIRSTW][ABCDGIRSTW]*\)[ 	][ 	]*\(\)\([_A-Za-z][_A-Za-z0-9]*\)$/\1 \2\3 \3/p'\'''
lt_cv_sys_global_symbol_to_c_name_address='sed -n -e '\''s/^: \([^ ]*\) $/  {\"\1\", (lt_ptr) 0},/p'\'' -e '\''s/^[BCDEGRST] \([^ ]*\) \([^ ]*\)$/  {"\2", (lt_ptr) \&\2},/p'\'''
lt_cv_sys_global_symbol_to_cdecl='sed -n -e '\''s/^. .* \(.*\)$/extern int \1;/p'\'''
lt_cv_sys_max_cmd_len=32768
lt_lt_cv_prog_compiler_c_o='"yes"'
lt_lt_cv_prog_compiler_c_o_CXX='"yes"'
lt_lt_cv_prog_compiler_c_o_F77='"yes"'
lt_lt_cv_sys_global_symbol_pipe='"sed -n -e '\''s/^.*[ 	]\\([ABCDGIRSTW][ABCDGIRSTW]*\\)[ 	][ 	]*\\(\\)\\([_A-Za-z][_A-Za-z0-9]*\\)\$/\\1 \\2\\3 \\3/p'\''"'
lt_lt_cv_sys_global_symbol_to_c_name_address='"sed -n -e '\''s/^: \\([^ ]*\\) \$/  {\\\"\\1\\\", (lt_ptr) 0},/p'\'' -e '\''s/^[BCDEGRST] \\([^ ]*\\) \\([^ ]*\\)\$/  {\"\\2\", (lt_ptr) \\&\\2},/p'\''"'
lt_lt_cv_sys_global_symbol_to_cdecl='"sed -n -e '\''s/^. .* \\(.*\\)\$/extern int \\1;/p'\''"'

## ----------------- ##
## Output variables. ##
## ----------------- ##

ACLOCAL='${SHELL} /tmp/afni_src/SUMA/gts/missing --run aclocal-1.9'
AMDEPBACKSLASH='\'
AMDEP_FALSE='#'
AMDEP_TRUE=''
AMTAR='${SHELL} /tmp/afni_src/SUMA/gts/missing --run tar'
AR='ar'
AUTOCONF='${SHELL} /tmp/afni_src/SUMA/gts/missing --run autoconf'
AUTOHEADER='${SHELL} /tmp/afni_src/SUMA/gts/missing --run autoheader'
AUTOMAKE='${SHELL} /tmp/afni_src/SUMA/gts/missing --run automake-1.9'
AWK='gawk'
CC='gcc'
CCDEPMODE='depmode=gcc3'
CFLAGS='-g -O2 -Wall -Werror-implicit-function-declaration -Wstrict-prototypes -Wmissing-prototypes -Wmissing-declarations -I/usr/include/glib-2.0 -I/usr/lib64/glib-2.0/include  '
CPP='gcc -E'
CPPFLAGS=''
CXX='g++'
CXXCPP='g++ -E'
CXXDEPMODE='depmode=gcc3'
CXXFLAGS='-g -O2'
CYGPATH_W='echo'
DEFS='-DHAVE_CONFIG_H'
DEPDIR='.deps'
ECHO='echo'
ECHO_C=''
ECHO_N='-n'
ECHO_T=''
EGREP='grep -E'
EXEEXT=''
F77='f95'
FFLAGS='-g -O2'
GLIB_CFLAGS='-pthread -I/usr/include/glib-2.0 -I/usr/lib64/glib-2.0/include  '
GLIB_CONFIG=''
GLIB_DEPLIBS='-lglib-2.0  '
GLIB_GENMARSHAL='glib-genmarshal'
GLIB_LIBS='-lglib-2.0  '
GLIB_MKENUMS='glib-mkenums'
GOBJECT_QUERY='gobject-query'
GTS_MAJOR_VERSION='0'
GTS_MICRO_VERSION='4'
GTS_MINOR_VERSION='7'
GTS_VERSION='0.7.4'
HAS_NETPBM_FALSE=''
HAS_NETPBM_TRUE='#'
INSTALL_DATA='${INSTALL} -m 644'
INSTALL_PROGRAM='${INSTALL}'
INSTALL_SCRIPT='${INSTALL}'
INSTALL_STRIP_PROGRAM='${SHELL} $(install_sh) -c -s'
LDFLAGS=' -lglib-2.0  '
LIBOBJS=''
LIBS=''
LIBTOOL='$(SHELL) $(top_builddir)/libtool'
LN_S='ln -s'
LTLIBOBJS=''
LT_AGE='0'
LT_CURRENT='4'
LT_RELEASE='0.7'
LT_REVISION='0'
MAINT='#'
MAINTAINER_MODE_FALSE=''
MAINTAINER_MODE_TRUE='#'
MAKEINFO='${SHELL} /tmp/afni_src/SUMA/gts/missing --run makeinfo'
OBJEXT='o'
PACKAGE='gts'
PACKAGE_BUGREPORT=''
PACKAGE_NAME=''
PACKAGE_STRING=''
PACKAGE_TARNAME=''
PACKAGE_VERSION=''
PATH_SEPARATOR=':'
PKG_CONFIG='/usr/bin/pkg-config'
RANLIB='ranlib'
SET_MAKE=''
SHELL='/bin/sh'
STRIP='strip'
VERSION='0.7.4'
ac_ct_AR='ar'
ac_ct_CC='gcc'
ac_ct_CXX='g++'
ac_ct_F77='f95'
ac_ct_RANLIB='ranlib'
ac_ct_STRIP='strip'
am__fastdepCC_FALSE='#'
am__fastdepCC_TRUE=''
am__fastdepCXX_FALSE='#'
am__fastdepCXX_TRUE=''
am__include='include'
am__leading_dot='.'
am__quote=''
am__tar='${AMTAR} chof - "$$tardir"'
am__untar='${AMTAR} xf -'
bindir='${exec_prefix}/bin'
build='x86_64-unknown-linux-gnu'
build_alias=''
build_cpu='x86_64'
build_os='linux-gnu'
build_vendor='unknown'
datadir='${prefix}/share'
exec_prefix='${prefix}'
glib_cflags='-I/usr/include/glib-2.0 -I/usr/lib64/glib-2.0/include  '
glib_libs='-lglib-2.0  '
glib_module_cflags='-I/usr/include/glib-2.0 -I/usr/lib64/glib-2.0/include  '
glib_module_libs='-Wl,--export-dynamic -lgmodule-2.0 -lglib-2.0  '
glib_thread_cflags='-pthread -I/usr/include/glib-2.0 -I/usr/lib64/glib-2.0/include  '
glib_thread_libs='-pthread -lgthread-2.0 -lrt -lglib-2.0  '
host='x86_64-unknown-linux-gnu'
host_alias=''
host_cpu='x86_64'
host_os='linux-gnu'
host_vendor='unknown'
includedir='/usr/include/netpbm'
infodir='${prefix}/info'
install_sh='/tmp/afni_src/SUMA/gts/install-sh'
libdir='${exec_prefix}/lib'
libexecdir='${exec_prefix}/libexec'
localstatedir='${prefix}/var'
mandir='${prefix}/man'
mkdir_p='mkdir -p --'
oldincludedir='/usr/include'
prefix='/usr/local'
program_transform_name='s,x,x,'
sbindir='${exec_prefix}/sbin'
sharedstatedir='${prefix}/com'
sysconfdir='${prefix}/etc'
target_alias=''

## ----------- ##
## confdefs.h. ##
## ----------- ##

#define GTS_BINARY_AGE 0
#define GTS_INTERFACE_AGE 0
#define GTS_MAJOR_VERSION 0
#define GTS_MICRO_VERSION 4
#define GTS_MINOR_VERSION 7
#define HAVE_DLFCN_H 1
#define HAVE_FPU_CONTROL_H 1
#define HAVE_FPU_CONTROL_H 1
#define HAVE_GETOPT_H 1
#define HAVE_GETOPT_H 1
#define HAVE_GETOPT_LONG 1
#define HAVE_INTTYPES_H 1
#define HAVE_MEMORY_H 1
#define HAVE_STDINT_H 1
#define HAVE_STDLIB_H 1
#define HAVE_STRINGS_H 1
#define HAVE_STRING_H 1
#define HAVE_SYS_STAT_H 1
#define HAVE_SYS_TYPES_H 1
#define HAVE_UNISTD_H 1
#define HAVE_UNISTD_H 1
#define HAVE_UNISTD_H 1
#define PACKAGE_BUGREPORT ""
#define PACKAGE_NAME ""
#define PACKAGE_STRING ""
#define PACKAGE_TARNAME ""
#define PACKAGE_VERSION ""
#define STDC_HEADERS 1
#define STDC_HEADERS 1
#endif
#ifdef __cplusplus
extern "C" void exit (int) throw ();

configure: exit 0

## ---------------------- ##
## Running config.status. ##
## ---------------------- ##

This file was extended by config.status, which was
generated by GNU Autoconf 2.59.  Invocation command line was

  CONFIG_FILES    = 
  CONFIG_HEADERS  = 
  CONFIG_LINKS    = 
  CONFIG_COMMANDS = 
  $ ./config.status src/gts-config

on harald-build

config.status:760: creating src/gts-config
