This file contains any messages produced by compilers while
running configure, to aid debugging if configure makes a mistake.

It was created by MNI-Register configure 1.4.0, which was
generated by GNU Autoconf 2.63.  Invocation command line was

  $ ./configure --prefix=/usr/local/src/REGISTER/1.4.0/register_build/register/1.4.0 --with-build-path=/usr/local/netcdf/4.1.1:/usr/local/minc/2.1.0:/usr/local/hdf5/1.8.5:/usr/local/bicpl/1.4.6 --with-minc2 --no-create --no-recursion

## --------- ##
## Platform. ##
## --------- ##

hostname = harald-build
uname -m = x86_64
uname -r = 2.6.32-358.14.1.el6.x86_64
uname -s = Linux
uname -v = #1 SMP Tue Jul 16 23:51:20 UTC 2013

/usr/bin/uname -p = unknown
/bin/uname -X     = unknown

/bin/arch              = x86_64
/usr/bin/arch -k       = unknown
/usr/convex/getsysinfo = unknown
/usr/bin/hostinfo      = unknown
/bin/machine           = unknown
/usr/bin/oslevel       = unknown
/bin/universe          = unknown

PATH: /usr/local/libjpeg-turbo/1.3.0/bin
PATH: /usr/local/graphicsmagick/1.3.18/bin
PATH: /usr/local/nifticlib/2.0.0/bin
PATH: /usr/local/netcdf/4.1.1/bin
PATH: /usr/local/minc/2.1.0/bin
PATH: /usr/local/hdf5/1.8.5/bin
PATH: /usr/local/bicpl/1.4.6/bin
PATH: /usr/local/sbin
PATH: /usr/local/bin
PATH: /sbin
PATH: /bin
PATH: /usr/sbin
PATH: /usr/bin
PATH: /usr/local/maven/3.0.5/bin
PATH: /root/bin


## ----------- ##
## Core tests. ##
## ----------- ##

configure:1932: checking for a BSD-compatible install
configure:2000: result: /usr/bin/install -c
configure:2011: checking whether build environment is sane
configure:2071: result: yes
configure:2212: checking for a thread-safe mkdir -p
configure:2251: result: /bin/mkdir -p
configure:2264: checking for gawk
configure:2280: found /bin/gawk
configure:2291: result: gawk
configure:2302: checking whether make sets $(MAKE)
configure:2324: result: yes
configure:2457: checking for gcc
configure:2473: found /usr/bin/gcc
configure:2484: result: gcc
configure:2716: checking for C compiler version
configure:2724: gcc --version >&5
gcc (GCC) 4.4.7 20120313 (Red Hat 4.4.7-3)
Copyright (C) 2010 Free Software Foundation, Inc.
This is free software; see the source for copying conditions.  There is NO
warranty; not even for MERCHANTABILITY or FITNESS FOR A PARTICULAR PURPOSE.

configure:2728: $? = 0
configure:2735: gcc -v >&5
Using built-in specs.
Target: x86_64-redhat-linux
Configured with: ../configure --prefix=/usr --mandir=/usr/share/man --infodir=/usr/share/info --with-bugurl=http://bugzilla.redhat.com/bugzilla --enable-bootstrap --enable-shared --enable-threads=posix --enable-checking=release --with-system-zlib --enable-__cxa_atexit --disable-libunwind-exceptions --enable-gnu-unique-object --enable-languages=c,c++,objc,obj-c++,java,fortran,ada --enable-java-awt=gtk --disable-dssi --with-java-home=/usr/lib/jvm/java-1.5.0-gcj-1.5.0.0/jre --enable-libgcj-multifile --enable-java-maintainer-mode --with-ecj-jar=/usr/share/java/eclipse-ecj.jar --disable-libjava-multilib --with-ppl --with-cloog --with-tune=generic --with-arch_32=i686 --build=x86_64-redhat-linux
Thread model: posix
gcc version 4.4.7 20120313 (Red Hat 4.4.7-3) (GCC) 
configure:2739: $? = 0
configure:2746: gcc -V >&5
gcc: '-V' option must have argument
configure:2750: $? = 1
configure:2773: checking for C compiler default output file name
configure:2795: gcc    conftest.c  >&5
configure:2799: $? = 0
configure:2837: result: a.out
configure:2856: checking whether the C compiler works
configure:2866: ./a.out
configure:2870: $? = 0
configure:2889: result: yes
configure:2896: checking whether we are cross compiling
configure:2898: result: no
configure:2901: checking for suffix of executables
configure:2908: gcc -o conftest    conftest.c  >&5
configure:2912: $? = 0
configure:2938: result: 
configure:2944: checking for suffix of object files
configure:2970: gcc -c   conftest.c >&5
configure:2974: $? = 0
configure:2999: result: o
configure:3003: checking whether we are using the GNU C compiler
configure:3032: gcc -c   conftest.c >&5
configure:3039: $? = 0
configure:3056: result: yes
configure:3065: checking whether gcc accepts -g
configure:3095: gcc -c -g  conftest.c >&5
configure:3102: $? = 0
configure:3203: result: yes
configure:3220: checking for gcc option to accept ISO C89
configure:3294: gcc  -c -g -O2  conftest.c >&5
configure:3301: $? = 0
configure:3324: result: none needed
configure:3353: checking for style of include used by make
configure:3381: result: GNU
configure:3406: checking dependency style of gcc
configure:3516: result: gcc3
configure:3531: checking whether ln -s works
configure:3535: result: yes
configure:3542: checking whether make sets $(MAKE)
configure:3564: result: yes
configure:3616: checking for ranlib
configure:3632: found /usr/bin/ranlib
configure:3643: result: ranlib
configure:3689: checking how to run the C preprocessor
configure:3729: gcc -E  -I/usr/local/netcdf/4.1.1/include -I/usr/local/minc/2.1.0/include -I/usr/local/hdf5/1.8.5/include -I/usr/local/bicpl/1.4.6/include conftest.c
configure:3736: $? = 0
configure:3767: gcc -E  -I/usr/local/netcdf/4.1.1/include -I/usr/local/minc/2.1.0/include -I/usr/local/hdf5/1.8.5/include -I/usr/local/bicpl/1.4.6/include conftest.c
conftest.c:10:28: error: ac_nonexistent.h: No such file or directory
configure:3774: $? = 1
configure: failed program was:
| /* confdefs.h.  */
| #define PACKAGE_NAME "MNI-Register"
| #define PACKAGE_TARNAME "Register"
| #define PACKAGE_VERSION "1.4.0"
| #define PACKAGE_STRING "MNI-Register 1.4.0"
| #define PACKAGE_BUGREPORT "a.janke@gmail.com"
| #define PACKAGE "Register"
| #define VERSION "1.4.0"
| /* end confdefs.h.  */
| #include <ac_nonexistent.h>
configure:3807: result: gcc -E
configure:3836: gcc -E  -I/usr/local/netcdf/4.1.1/include -I/usr/local/minc/2.1.0/include -I/usr/local/hdf5/1.8.5/include -I/usr/local/bicpl/1.4.6/include conftest.c
configure:3843: $? = 0
configure:3874: gcc -E  -I/usr/local/netcdf/4.1.1/include -I/usr/local/minc/2.1.0/include -I/usr/local/hdf5/1.8.5/include -I/usr/local/bicpl/1.4.6/include conftest.c
conftest.c:10:28: error: ac_nonexistent.h: No such file or directory
configure:3881: $? = 1
configure: failed program was:
| /* confdefs.h.  */
| #define PACKAGE_NAME "MNI-Register"
| #define PACKAGE_TARNAME "Register"
| #define PACKAGE_VERSION "1.4.0"
| #define PACKAGE_STRING "MNI-Register 1.4.0"
| #define PACKAGE_BUGREPORT "a.janke@gmail.com"
| #define PACKAGE "Register"
| #define VERSION "1.4.0"
| /* end confdefs.h.  */
| #include <ac_nonexistent.h>
configure:3921: checking for X
configure:4036: gcc -E  -I/usr/local/netcdf/4.1.1/include -I/usr/local/minc/2.1.0/include -I/usr/local/hdf5/1.8.5/include -I/usr/local/bicpl/1.4.6/include conftest.c
configure:4043: $? = 0
configure:4092: gcc -o conftest -g -O2  -I/usr/local/netcdf/4.1.1/include -I/usr/local/minc/2.1.0/include -I/usr/local/hdf5/1.8.5/include -I/usr/local/bicpl/1.4.6/include  -L/usr/local/netcdf/4.1.1/lib -L/usr/local/minc/2.1.0/lib -L/usr/local/hdf5/1.8.5/lib -L/usr/local/bicpl/1.4.6/lib conftest.c -lX11  >&5
configure:4099: $? = 0
configure:4161: result: libraries , headers 
configure:4330: gcc -o conftest -g -O2  -I/usr/local/netcdf/4.1.1/include -I/usr/local/minc/2.1.0/include -I/usr/local/hdf5/1.8.5/include -I/usr/local/bicpl/1.4.6/include  -L/usr/local/netcdf/4.1.1/lib -L/usr/local/minc/2.1.0/lib -L/usr/local/hdf5/1.8.5/lib -L/usr/local/bicpl/1.4.6/lib conftest.c   -lX11 >&5
configure:4337: $? = 0
configure:4505: checking for gethostbyname
configure:4561: gcc -o conftest -g -O2  -I/usr/local/netcdf/4.1.1/include -I/usr/local/minc/2.1.0/include -I/usr/local/hdf5/1.8.5/include -I/usr/local/bicpl/1.4.6/include  -L/usr/local/netcdf/4.1.1/lib -L/usr/local/minc/2.1.0/lib -L/usr/local/hdf5/1.8.5/lib -L/usr/local/bicpl/1.4.6/lib conftest.c  >&5
configure:4568: $? = 0
configure:4588: result: yes
configure:4741: checking for connect
configure:4797: gcc -o conftest -g -O2  -I/usr/local/netcdf/4.1.1/include -I/usr/local/minc/2.1.0/include -I/usr/local/hdf5/1.8.5/include -I/usr/local/bicpl/1.4.6/include  -L/usr/local/netcdf/4.1.1/lib -L/usr/local/minc/2.1.0/lib -L/usr/local/hdf5/1.8.5/lib -L/usr/local/bicpl/1.4.6/lib conftest.c  >&5
configure:4804: $? = 0
configure:4824: result: yes
configure:4900: checking for remove
configure:4956: gcc -o conftest -g -O2  -I/usr/local/netcdf/4.1.1/include -I/usr/local/minc/2.1.0/include -I/usr/local/hdf5/1.8.5/include -I/usr/local/bicpl/1.4.6/include  -L/usr/local/netcdf/4.1.1/lib -L/usr/local/minc/2.1.0/lib -L/usr/local/hdf5/1.8.5/lib -L/usr/local/bicpl/1.4.6/lib conftest.c  >&5
configure:4963: $? = 0
configure:4983: result: yes
configure:5059: checking for shmat
configure:5115: gcc -o conftest -g -O2  -I/usr/local/netcdf/4.1.1/include -I/usr/local/minc/2.1.0/include -I/usr/local/hdf5/1.8.5/include -I/usr/local/bicpl/1.4.6/include  -L/usr/local/netcdf/4.1.1/lib -L/usr/local/minc/2.1.0/lib -L/usr/local/hdf5/1.8.5/lib -L/usr/local/bicpl/1.4.6/lib conftest.c  >&5
configure:5122: $? = 0
configure:5142: result: yes
configure:5227: checking for IceConnectionNumber in -lICE
configure:5262: gcc -o conftest -g -O2  -I/usr/local/netcdf/4.1.1/include -I/usr/local/minc/2.1.0/include -I/usr/local/hdf5/1.8.5/include -I/usr/local/bicpl/1.4.6/include  -L/usr/local/netcdf/4.1.1/lib -L/usr/local/minc/2.1.0/lib -L/usr/local/hdf5/1.8.5/lib -L/usr/local/bicpl/1.4.6/lib conftest.c -lICE   >&5
configure:5269: $? = 0
configure:5290: result: yes
configure:5300: checking for grep that handles long lines and -e
configure:5360: result: /bin/grep
configure:5365: checking for egrep
configure:5429: result: /bin/grep -E
configure:5434: checking for ANSI C header files
configure:5464: gcc -c -g -O2  -I/usr/local/netcdf/4.1.1/include -I/usr/local/minc/2.1.0/include -I/usr/local/hdf5/1.8.5/include -I/usr/local/bicpl/1.4.6/include conftest.c >&5
configure:5471: $? = 0
configure:5570: gcc -o conftest -g -O2  -I/usr/local/netcdf/4.1.1/include -I/usr/local/minc/2.1.0/include -I/usr/local/hdf5/1.8.5/include -I/usr/local/bicpl/1.4.6/include  -L/usr/local/netcdf/4.1.1/lib -L/usr/local/minc/2.1.0/lib -L/usr/local/hdf5/1.8.5/lib -L/usr/local/bicpl/1.4.6/lib conftest.c  >&5
configure:5574: $? = 0
configure:5580: ./conftest
configure:5584: $? = 0
configure:5602: result: yes
configure:5612: checking for sys/wait.h that is POSIX.1 compatible
configure:5648: gcc -c -g -O2  -I/usr/local/netcdf/4.1.1/include -I/usr/local/minc/2.1.0/include -I/usr/local/hdf5/1.8.5/include -I/usr/local/bicpl/1.4.6/include conftest.c >&5
configure:5655: $? = 0
configure:5670: result: yes
configure:5694: checking for sys/types.h
configure:5715: gcc -c -g -O2  -I/usr/local/netcdf/4.1.1/include -I/usr/local/minc/2.1.0/include -I/usr/local/hdf5/1.8.5/include -I/usr/local/bicpl/1.4.6/include conftest.c >&5
configure:5722: $? = 0
configure:5739: result: yes
configure:5694: checking for sys/stat.h
configure:5715: gcc -c -g -O2  -I/usr/local/netcdf/4.1.1/include -I/usr/local/minc/2.1.0/include -I/usr/local/hdf5/1.8.5/include -I/usr/local/bicpl/1.4.6/include conftest.c >&5
configure:5722: $? = 0
configure:5739: result: yes
configure:5694: checking for stdlib.h
configure:5715: gcc -c -g -O2  -I/usr/local/netcdf/4.1.1/include -I/usr/local/minc/2.1.0/include -I/usr/local/hdf5/1.8.5/include -I/usr/local/bicpl/1.4.6/include conftest.c >&5
configure:5722: $? = 0
configure:5739: result: yes
configure:5694: checking for string.h
configure:5715: gcc -c -g -O2  -I/usr/local/netcdf/4.1.1/include -I/usr/local/minc/2.1.0/include -I/usr/local/hdf5/1.8.5/include -I/usr/local/bicpl/1.4.6/include conftest.c >&5
configure:5722: $? = 0
configure:5739: result: yes
configure:5694: checking for memory.h
configure:5715: gcc -c -g -O2  -I/usr/local/netcdf/4.1.1/include -I/usr/local/minc/2.1.0/include -I/usr/local/hdf5/1.8.5/include -I/usr/local/bicpl/1.4.6/include conftest.c >&5
configure:5722: $? = 0
configure:5739: result: yes
configure:5694: checking for strings.h
configure:5715: gcc -c -g -O2  -I/usr/local/netcdf/4.1.1/include -I/usr/local/minc/2.1.0/include -I/usr/local/hdf5/1.8.5/include -I/usr/local/bicpl/1.4.6/include conftest.c >&5
configure:5722: $? = 0
configure:5739: result: yes
configure:5694: checking for inttypes.h
configure:5715: gcc -c -g -O2  -I/usr/local/netcdf/4.1.1/include -I/usr/local/minc/2.1.0/include -I/usr/local/hdf5/1.8.5/include -I/usr/local/bicpl/1.4.6/include conftest.c >&5
configure:5722: $? = 0
configure:5739: result: yes
configure:5694: checking for stdint.h
configure:5715: gcc -c -g -O2  -I/usr/local/netcdf/4.1.1/include -I/usr/local/minc/2.1.0/include -I/usr/local/hdf5/1.8.5/include -I/usr/local/bicpl/1.4.6/include conftest.c >&5
configure:5722: $? = 0
configure:5739: result: yes
configure:5694: checking for unistd.h
configure:5715: gcc -c -g -O2  -I/usr/local/netcdf/4.1.1/include -I/usr/local/minc/2.1.0/include -I/usr/local/hdf5/1.8.5/include -I/usr/local/bicpl/1.4.6/include conftest.c >&5
configure:5722: $? = 0
configure:5739: result: yes
configure:5771: checking fcntl.h usability
configure:5788: gcc -c -g -O2  -I/usr/local/netcdf/4.1.1/include -I/usr/local/minc/2.1.0/include -I/usr/local/hdf5/1.8.5/include -I/usr/local/bicpl/1.4.6/include conftest.c >&5
configure:5795: $? = 0
configure:5809: result: yes
configure:5813: checking fcntl.h presence
configure:5828: gcc -E  -I/usr/local/netcdf/4.1.1/include -I/usr/local/minc/2.1.0/include -I/usr/local/hdf5/1.8.5/include -I/usr/local/bicpl/1.4.6/include conftest.c
configure:5835: $? = 0
configure:5849: result: yes
configure:5882: checking for fcntl.h
configure:5891: result: yes
configure:5771: checking limits.h usability
configure:5788: gcc -c -g -O2  -I/usr/local/netcdf/4.1.1/include -I/usr/local/minc/2.1.0/include -I/usr/local/hdf5/1.8.5/include -I/usr/local/bicpl/1.4.6/include conftest.c >&5
configure:5795: $? = 0
configure:5809: result: yes
configure:5813: checking limits.h presence
configure:5828: gcc -E  -I/usr/local/netcdf/4.1.1/include -I/usr/local/minc/2.1.0/include -I/usr/local/hdf5/1.8.5/include -I/usr/local/bicpl/1.4.6/include conftest.c
configure:5835: $? = 0
configure:5849: result: yes
configure:5882: checking for limits.h
configure:5891: result: yes
configure:5760: checking for unistd.h
configure:5767: result: yes
configure:5928: checking math.h usability
configure:5945: gcc -c -g -O2  -I/usr/local/netcdf/4.1.1/include -I/usr/local/minc/2.1.0/include -I/usr/local/hdf5/1.8.5/include -I/usr/local/bicpl/1.4.6/include conftest.c >&5
configure:5952: $? = 0
configure:5966: result: yes
configure:5970: checking math.h presence
configure:5985: gcc -E  -I/usr/local/netcdf/4.1.1/include -I/usr/local/minc/2.1.0/include -I/usr/local/hdf5/1.8.5/include -I/usr/local/bicpl/1.4.6/include conftest.c
configure:5992: $? = 0
configure:6006: result: yes
configure:6039: checking for math.h
configure:6046: result: yes
configure:6062: checking for sqrt in -lm
configure:6097: gcc -o conftest -g -O2  -I/usr/local/netcdf/4.1.1/include -I/usr/local/minc/2.1.0/include -I/usr/local/hdf5/1.8.5/include -I/usr/local/bicpl/1.4.6/include  -L/usr/local/netcdf/4.1.1/lib -L/usr/local/minc/2.1.0/lib -L/usr/local/hdf5/1.8.5/lib -L/usr/local/bicpl/1.4.6/lib conftest.c -lm   >&5
conftest.c:31: warning: conflicting types for built-in function 'sqrt'
configure:6104: $? = 0
configure:6125: result: yes
configure:6156: checking for library m
configure:6180: gcc -o conftest -g -O2  -I/usr/local/netcdf/4.1.1/include -I/usr/local/minc/2.1.0/include -I/usr/local/hdf5/1.8.5/include -I/usr/local/bicpl/1.4.6/include  -L/usr/local/netcdf/4.1.1/lib -L/usr/local/minc/2.1.0/lib -L/usr/local/hdf5/1.8.5/lib -L/usr/local/bicpl/1.4.6/lib conftest.c -lm -lm  >&5
configure:6187: $? = 0
configure:6206: result: yes
configure:6215: checking for library netcdf
configure:6239: gcc -o conftest -g -O2  -I/usr/local/netcdf/4.1.1/include -I/usr/local/minc/2.1.0/include -I/usr/local/hdf5/1.8.5/include -I/usr/local/bicpl/1.4.6/include  -L/usr/local/netcdf/4.1.1/lib -L/usr/local/minc/2.1.0/lib -L/usr/local/hdf5/1.8.5/lib -L/usr/local/bicpl/1.4.6/lib conftest.c -lnetcdf -lm -lm  >&5
configure:6246: $? = 0
configure:6265: result: yes
configure:6275: checking for library z
configure:6299: gcc -o conftest -g -O2  -I/usr/local/netcdf/4.1.1/include -I/usr/local/minc/2.1.0/include -I/usr/local/hdf5/1.8.5/include -I/usr/local/bicpl/1.4.6/include  -L/usr/local/netcdf/4.1.1/lib -L/usr/local/minc/2.1.0/lib -L/usr/local/hdf5/1.8.5/lib -L/usr/local/bicpl/1.4.6/lib conftest.c -lz -lnetcdf -lm -lm  >&5
conftest.c: In function 'main':
conftest.c:29: warning: initialization makes integer from pointer without a cast
configure:6306: $? = 0
configure:6325: result: yes
configure:6334: checking for library hdf5
configure:6358: gcc -o conftest -g -O2  -I/usr/local/netcdf/4.1.1/include -I/usr/local/minc/2.1.0/include -I/usr/local/hdf5/1.8.5/include -I/usr/local/bicpl/1.4.6/include  -L/usr/local/netcdf/4.1.1/lib -L/usr/local/minc/2.1.0/lib -L/usr/local/hdf5/1.8.5/lib -L/usr/local/bicpl/1.4.6/lib conftest.c -lhdf5 -lz -lnetcdf -lm -lm  >&5
configure:6365: $? = 0
configure:6384: result: yes
configure:6393: checking for library minc2
configure:6417: gcc -o conftest -g -O2  -I/usr/local/netcdf/4.1.1/include -I/usr/local/minc/2.1.0/include -I/usr/local/hdf5/1.8.5/include -I/usr/local/bicpl/1.4.6/include  -L/usr/local/netcdf/4.1.1/lib -L/usr/local/minc/2.1.0/lib -L/usr/local/hdf5/1.8.5/lib -L/usr/local/bicpl/1.4.6/lib conftest.c -lminc2 -lhdf5 -lz -lnetcdf -lm -lm  >&5
configure:6424: $? = 0
configure:6443: result: yes
configure:6522: checking for library volume_io2
configure:6548: gcc -o conftest -g -O2  -I/usr/local/netcdf/4.1.1/include -I/usr/local/minc/2.1.0/include -I/usr/local/hdf5/1.8.5/include -I/usr/local/bicpl/1.4.6/include  -L/usr/local/netcdf/4.1.1/lib -L/usr/local/minc/2.1.0/lib -L/usr/local/hdf5/1.8.5/lib -L/usr/local/bicpl/1.4.6/lib conftest.c -lvolume_io2 -lminc2 -lhdf5 -lz -lnetcdf -lm -lm  >&5
configure:6555: $? = 0
configure:6574: result: yes
configure:6649: checking for library bicpl
configure:6676: gcc -o conftest -g -O2  -I/usr/local/netcdf/4.1.1/include -I/usr/local/minc/2.1.0/include -I/usr/local/hdf5/1.8.5/include -I/usr/local/bicpl/1.4.6/include  -L/usr/local/netcdf/4.1.1/lib -L/usr/local/minc/2.1.0/lib -L/usr/local/hdf5/1.8.5/lib -L/usr/local/bicpl/1.4.6/lib conftest.c -lbicpl -lvolume_io2 -lminc2 -lhdf5 -lz -lnetcdf -lm -lm  >&5
configure:6683: $? = 0
configure:6702: result: yes
configure:6724: checking build system type
configure:6742: result: x86_64-unknown-linux-gnu
configure:6764: checking host system type
configure:6779: result: x86_64-unknown-linux-gnu
configure:6996: checking for the pthreads library -lpthreads
configure:7039: gcc -o conftest -g -O2   -I/usr/local/netcdf/4.1.1/include -I/usr/local/minc/2.1.0/include -I/usr/local/hdf5/1.8.5/include -I/usr/local/bicpl/1.4.6/include  -L/usr/local/netcdf/4.1.1/lib -L/usr/local/minc/2.1.0/lib -L/usr/local/hdf5/1.8.5/lib -L/usr/local/bicpl/1.4.6/lib conftest.c -lpthreads  >&5
/usr/bin/ld: cannot find -lpthreads
collect2: ld returned 1 exit status
configure:7046: $? = 1
configure: failed program was:
| /* confdefs.h.  */
| #define PACKAGE_NAME "MNI-Register"
| #define PACKAGE_TARNAME "Register"
| #define PACKAGE_VERSION "1.4.0"
| #define PACKAGE_STRING "MNI-Register 1.4.0"
| #define PACKAGE_BUGREPORT "a.janke@gmail.com"
| #define PACKAGE "Register"
| #define VERSION "1.4.0"
| #define STDC_HEADERS 1
| #define HAVE_SYS_WAIT_H 1
| #define HAVE_SYS_TYPES_H 1
| #define HAVE_SYS_STAT_H 1
| #define HAVE_STDLIB_H 1
| #define HAVE_STRING_H 1
| #define HAVE_MEMORY_H 1
| #define HAVE_STRINGS_H 1
| #define HAVE_INTTYPES_H 1
| #define HAVE_STDINT_H 1
| #define HAVE_UNISTD_H 1
| #define HAVE_FCNTL_H 1
| #define HAVE_LIMITS_H 1
| #define HAVE_UNISTD_H 1
| #define HAVE_LIBM 1
| #define MINC2 1
| /* end confdefs.h.  */
| #include <pthread.h>
| int
| main ()
| {
| pthread_t th; pthread_join(th, 0);
|                      pthread_attr_init(0); pthread_cleanup_push(0, 0);
|                      pthread_create(0,0,0,0); pthread_cleanup_pop(0);
|   ;
|   return 0;
| }
configure:7069: result: no
configure:6941: checking whether pthreads work without any flags
configure:7039: gcc -o conftest -g -O2   -I/usr/local/netcdf/4.1.1/include -I/usr/local/minc/2.1.0/include -I/usr/local/hdf5/1.8.5/include -I/usr/local/bicpl/1.4.6/include  -L/usr/local/netcdf/4.1.1/lib -L/usr/local/minc/2.1.0/lib -L/usr/local/hdf5/1.8.5/lib -L/usr/local/bicpl/1.4.6/lib conftest.c   >&5
/tmp/ccyEhMuU.o: In function `main':
/usr/local/src/REGISTER/1.4.0/conftest.c:30: undefined reference to `pthread_join'
/usr/local/src/REGISTER/1.4.0/conftest.c:31: undefined reference to `__pthread_register_cancel'
/usr/local/src/REGISTER/1.4.0/conftest.c:32: undefined reference to `pthread_create'
/usr/local/src/REGISTER/1.4.0/conftest.c:32: undefined reference to `__pthread_unregister_cancel'
collect2: ld returned 1 exit status
configure:7046: $? = 1
configure: failed program was:
| /* confdefs.h.  */
| #define PACKAGE_NAME "MNI-Register"
| #define PACKAGE_TARNAME "Register"
| #define PACKAGE_VERSION "1.4.0"
| #define PACKAGE_STRING "MNI-Register 1.4.0"
| #define PACKAGE_BUGREPORT "a.janke@gmail.com"
| #define PACKAGE "Register"
| #define VERSION "1.4.0"
| #define STDC_HEADERS 1
| #define HAVE_SYS_WAIT_H 1
| #define HAVE_SYS_TYPES_H 1
| #define HAVE_SYS_STAT_H 1
| #define HAVE_STDLIB_H 1
| #define HAVE_STRING_H 1
| #define HAVE_MEMORY_H 1
| #define HAVE_STRINGS_H 1
| #define HAVE_INTTYPES_H 1
| #define HAVE_STDINT_H 1
| #define HAVE_UNISTD_H 1
| #define HAVE_FCNTL_H 1
| #define HAVE_LIMITS_H 1
| #define HAVE_UNISTD_H 1
| #define HAVE_LIBM 1
| #define MINC2 1
| /* end confdefs.h.  */
| #include <pthread.h>
| int
| main ()
| {
| pthread_t th; pthread_join(th, 0);
|                      pthread_attr_init(0); pthread_cleanup_push(0, 0);
|                      pthread_create(0,0,0,0); pthread_cleanup_pop(0);
|   ;
|   return 0;
| }
configure:7069: result: no
configure:6946: checking whether pthreads work with -Kthread
configure:7039: gcc -o conftest -g -O2 -Kthread  -I/usr/local/netcdf/4.1.1/include -I/usr/local/minc/2.1.0/include -I/usr/local/hdf5/1.8.5/include -I/usr/local/bicpl/1.4.6/include  -L/usr/local/netcdf/4.1.1/lib -L/usr/local/minc/2.1.0/lib -L/usr/local/hdf5/1.8.5/lib -L/usr/local/bicpl/1.4.6/lib conftest.c   >&5
gcc: unrecognized option '-Kthread'
/tmp/ccI7eYS2.o: In function `main':
/usr/local/src/REGISTER/1.4.0/conftest.c:30: undefined reference to `pthread_join'
/usr/local/src/REGISTER/1.4.0/conftest.c:31: undefined reference to `__pthread_register_cancel'
/usr/local/src/REGISTER/1.4.0/conftest.c:32: undefined reference to `pthread_create'
/usr/local/src/REGISTER/1.4.0/conftest.c:32: undefined reference to `__pthread_unregister_cancel'
collect2: ld returned 1 exit status
configure:7046: $? = 1
configure: failed program was:
| /* confdefs.h.  */
| #define PACKAGE_NAME "MNI-Register"
| #define PACKAGE_TARNAME "Register"
| #define PACKAGE_VERSION "1.4.0"
| #define PACKAGE_STRING "MNI-Register 1.4.0"
| #define PACKAGE_BUGREPORT "a.janke@gmail.com"
| #define PACKAGE "Register"
| #define VERSION "1.4.0"
| #define STDC_HEADERS 1
| #define HAVE_SYS_WAIT_H 1
| #define HAVE_SYS_TYPES_H 1
| #define HAVE_SYS_STAT_H 1
| #define HAVE_STDLIB_H 1
| #define HAVE_STRING_H 1
| #define HAVE_MEMORY_H 1
| #define HAVE_STRINGS_H 1
| #define HAVE_INTTYPES_H 1
| #define HAVE_STDINT_H 1
| #define HAVE_UNISTD_H 1
| #define HAVE_FCNTL_H 1
| #define HAVE_LIMITS_H 1
| #define HAVE_UNISTD_H 1
| #define HAVE_LIBM 1
| #define MINC2 1
| /* end confdefs.h.  */
| #include <pthread.h>
| int
| main ()
| {
| pthread_t th; pthread_join(th, 0);
|                      pthread_attr_init(0); pthread_cleanup_push(0, 0);
|                      pthread_create(0,0,0,0); pthread_cleanup_pop(0);
|   ;
|   return 0;
| }
configure:7069: result: no
configure:6946: checking whether pthreads work with -kthread
configure:7039: gcc -o conftest -g -O2 -kthread  -I/usr/local/netcdf/4.1.1/include -I/usr/local/minc/2.1.0/include -I/usr/local/hdf5/1.8.5/include -I/usr/local/bicpl/1.4.6/include  -L/usr/local/netcdf/4.1.1/lib -L/usr/local/minc/2.1.0/lib -L/usr/local/hdf5/1.8.5/lib -L/usr/local/bicpl/1.4.6/lib conftest.c   >&5
gcc: unrecognized option '-kthread'
/tmp/ccXt33ea.o: In function `main':
/usr/local/src/REGISTER/1.4.0/conftest.c:30: undefined reference to `pthread_join'
/usr/local/src/REGISTER/1.4.0/conftest.c:31: undefined reference to `__pthread_register_cancel'
/usr/local/src/REGISTER/1.4.0/conftest.c:32: undefined reference to `pthread_create'
/usr/local/src/REGISTER/1.4.0/conftest.c:32: undefined reference to `__pthread_unregister_cancel'
collect2: ld returned 1 exit status
configure:7046: $? = 1
configure: failed program was:
| /* confdefs.h.  */
| #define PACKAGE_NAME "MNI-Register"
| #define PACKAGE_TARNAME "Register"
| #define PACKAGE_VERSION "1.4.0"
| #define PACKAGE_STRING "MNI-Register 1.4.0"
| #define PACKAGE_BUGREPORT "a.janke@gmail.com"
| #define PACKAGE "Register"
| #define VERSION "1.4.0"
| #define STDC_HEADERS 1
| #define HAVE_SYS_WAIT_H 1
| #define HAVE_SYS_TYPES_H 1
| #define HAVE_SYS_STAT_H 1
| #define HAVE_STDLIB_H 1
| #define HAVE_STRING_H 1
| #define HAVE_MEMORY_H 1
| #define HAVE_STRINGS_H 1
| #define HAVE_INTTYPES_H 1
| #define HAVE_STDINT_H 1
| #define HAVE_UNISTD_H 1
| #define HAVE_FCNTL_H 1
| #define HAVE_LIMITS_H 1
| #define HAVE_UNISTD_H 1
| #define HAVE_LIBM 1
| #define MINC2 1
| /* end confdefs.h.  */
| #include <pthread.h>
| int
| main ()
| {
| pthread_t th; pthread_join(th, 0);
|                      pthread_attr_init(0); pthread_cleanup_push(0, 0);
|                      pthread_create(0,0,0,0); pthread_cleanup_pop(0);
|   ;
|   return 0;
| }
configure:7069: result: no
configure:6996: checking for the pthreads library -llthread
configure:7039: gcc -o conftest -g -O2   -I/usr/local/netcdf/4.1.1/include -I/usr/local/minc/2.1.0/include -I/usr/local/hdf5/1.8.5/include -I/usr/local/bicpl/1.4.6/include  -L/usr/local/netcdf/4.1.1/lib -L/usr/local/minc/2.1.0/lib -L/usr/local/hdf5/1.8.5/lib -L/usr/local/bicpl/1.4.6/lib conftest.c -llthread  >&5
/usr/bin/ld: cannot find -llthread
collect2: ld returned 1 exit status
configure:7046: $? = 1
configure: failed program was:
| /* confdefs.h.  */
| #define PACKAGE_NAME "MNI-Register"
| #define PACKAGE_TARNAME "Register"
| #define PACKAGE_VERSION "1.4.0"
| #define PACKAGE_STRING "MNI-Register 1.4.0"
| #define PACKAGE_BUGREPORT "a.janke@gmail.com"
| #define PACKAGE "Register"
| #define VERSION "1.4.0"
| #define STDC_HEADERS 1
| #define HAVE_SYS_WAIT_H 1
| #define HAVE_SYS_TYPES_H 1
| #define HAVE_SYS_STAT_H 1
| #define HAVE_STDLIB_H 1
| #define HAVE_STRING_H 1
| #define HAVE_MEMORY_H 1
| #define HAVE_STRINGS_H 1
| #define HAVE_INTTYPES_H 1
| #define HAVE_STDINT_H 1
| #define HAVE_UNISTD_H 1
| #define HAVE_FCNTL_H 1
| #define HAVE_LIMITS_H 1
| #define HAVE_UNISTD_H 1
| #define HAVE_LIBM 1
| #define MINC2 1
| /* end confdefs.h.  */
| #include <pthread.h>
| int
| main ()
| {
| pthread_t th; pthread_join(th, 0);
|                      pthread_attr_init(0); pthread_cleanup_push(0, 0);
|                      pthread_create(0,0,0,0); pthread_cleanup_pop(0);
|   ;
|   return 0;
| }
configure:7069: result: no
configure:6946: checking whether pthreads work with -pthread
configure:7039: gcc -o conftest -g -O2 -pthread  -I/usr/local/netcdf/4.1.1/include -I/usr/local/minc/2.1.0/include -I/usr/local/hdf5/1.8.5/include -I/usr/local/bicpl/1.4.6/include  -L/usr/local/netcdf/4.1.1/lib -L/usr/local/minc/2.1.0/lib -L/usr/local/hdf5/1.8.5/lib -L/usr/local/bicpl/1.4.6/lib conftest.c   >&5
configure:7046: $? = 0
configure:7069: result: yes
configure:7088: checking for joinable pthread attribute
configure:7113: gcc -o conftest -g -O2 -pthread  -I/usr/local/netcdf/4.1.1/include -I/usr/local/minc/2.1.0/include -I/usr/local/hdf5/1.8.5/include -I/usr/local/bicpl/1.4.6/include  -L/usr/local/netcdf/4.1.1/lib -L/usr/local/minc/2.1.0/lib -L/usr/local/hdf5/1.8.5/lib -L/usr/local/bicpl/1.4.6/lib conftest.c   >&5
configure:7120: $? = 0
configure:7140: result: PTHREAD_CREATE_JOINABLE
configure:7150: checking if more special flags are required for pthreads
configure:7157: result: no
configure:7169: checking for cc_r
configure:7197: result: gcc
configure:7259: checking whether we are using the Microsoft C compiler
configure:7288: gcc -c -g -O2  -I/usr/local/netcdf/4.1.1/include -I/usr/local/minc/2.1.0/include -I/usr/local/hdf5/1.8.5/include -I/usr/local/bicpl/1.4.6/include conftest.c >&5
conftest.c: In function 'main':
conftest.c:32: error: 'choke' undeclared (first use in this function)
conftest.c:32: error: (Each undeclared identifier is reported only once
conftest.c:32: error: for each function it appears in.)
conftest.c:32: error: expected ';' before 'me'
configure:7295: $? = 1
configure: failed program was:
| /* confdefs.h.  */
| #define PACKAGE_NAME "MNI-Register"
| #define PACKAGE_TARNAME "Register"
| #define PACKAGE_VERSION "1.4.0"
| #define PACKAGE_STRING "MNI-Register 1.4.0"
| #define PACKAGE_BUGREPORT "a.janke@gmail.com"
| #define PACKAGE "Register"
| #define VERSION "1.4.0"
| #define STDC_HEADERS 1
| #define HAVE_SYS_WAIT_H 1
| #define HAVE_SYS_TYPES_H 1
| #define HAVE_SYS_STAT_H 1
| #define HAVE_STDLIB_H 1
| #define HAVE_STRING_H 1
| #define HAVE_MEMORY_H 1
| #define HAVE_STRINGS_H 1
| #define HAVE_INTTYPES_H 1
| #define HAVE_STDINT_H 1
| #define HAVE_UNISTD_H 1
| #define HAVE_FCNTL_H 1
| #define HAVE_LIMITS_H 1
| #define HAVE_UNISTD_H 1
| #define HAVE_LIBM 1
| #define MINC2 1
| #define HAVE_PTHREAD 1
| /* end confdefs.h.  */
| 
| int
| main ()
| {
| #ifndef _MSC_VER
|        choke me
| #endif
| 
|   ;
|   return 0;
| }
configure:7312: result: no
configure:7348: checking windows.h usability
configure:7365: gcc -c -g -O2  -I/usr/local/netcdf/4.1.1/include -I/usr/local/minc/2.1.0/include -I/usr/local/hdf5/1.8.5/include -I/usr/local/bicpl/1.4.6/include conftest.c >&5
conftest.c:60:21: error: windows.h: No such file or directory
configure:7372: $? = 1
configure: failed program was:
| /* confdefs.h.  */
| #define PACKAGE_NAME "MNI-Register"
| #define PACKAGE_TARNAME "Register"
| #define PACKAGE_VERSION "1.4.0"
| #define PACKAGE_STRING "MNI-Register 1.4.0"
| #define PACKAGE_BUGREPORT "a.janke@gmail.com"
| #define PACKAGE "Register"
| #define VERSION "1.4.0"
| #define STDC_HEADERS 1
| #define HAVE_SYS_WAIT_H 1
| #define HAVE_SYS_TYPES_H 1
| #define HAVE_SYS_STAT_H 1
| #define HAVE_STDLIB_H 1
| #define HAVE_STRING_H 1
| #define HAVE_MEMORY_H 1
| #define HAVE_STRINGS_H 1
| #define HAVE_INTTYPES_H 1
| #define HAVE_STDINT_H 1
| #define HAVE_UNISTD_H 1
| #define HAVE_FCNTL_H 1
| #define HAVE_LIMITS_H 1
| #define HAVE_UNISTD_H 1
| #define HAVE_LIBM 1
| #define MINC2 1
| #define HAVE_PTHREAD 1
| /* end confdefs.h.  */
| #include <stdio.h>
| #ifdef HAVE_SYS_TYPES_H
| # include <sys/types.h>
| #endif
| #ifdef HAVE_SYS_STAT_H
| # include <sys/stat.h>
| #endif
| #ifdef STDC_HEADERS
| # include <stdlib.h>
| # include <stddef.h>
| #else
| # ifdef HAVE_STDLIB_H
| #  include <stdlib.h>
| # endif
| #endif
| #ifdef HAVE_STRING_H
| # if !defined STDC_HEADERS && defined HAVE_MEMORY_H
| #  include <memory.h>
| # endif
| # include <string.h>
| #endif
| #ifdef HAVE_STRINGS_H
| # include <strings.h>
| #endif
| #ifdef HAVE_INTTYPES_H
| # include <inttypes.h>
| #endif
| #ifdef HAVE_STDINT_H
| # include <stdint.h>
| #endif
| #ifdef HAVE_UNISTD_H
| # include <unistd.h>
| #endif
| #include <windows.h>
configure:7386: result: no
configure:7390: checking windows.h presence
configure:7405: gcc -E  -I/usr/local/netcdf/4.1.1/include -I/usr/local/minc/2.1.0/include -I/usr/local/hdf5/1.8.5/include -I/usr/local/bicpl/1.4.6/include conftest.c
conftest.c:27:21: error: windows.h: No such file or directory
configure:7412: $? = 1
configure: failed program was:
| /* confdefs.h.  */
| #define PACKAGE_NAME "MNI-Register"
| #define PACKAGE_TARNAME "Register"
| #define PACKAGE_VERSION "1.4.0"
| #define PACKAGE_STRING "MNI-Register 1.4.0"
| #define PACKAGE_BUGREPORT "a.janke@gmail.com"
| #define PACKAGE "Register"
| #define VERSION "1.4.0"
| #define STDC_HEADERS 1
| #define HAVE_SYS_WAIT_H 1
| #define HAVE_SYS_TYPES_H 1
| #define HAVE_SYS_STAT_H 1
| #define HAVE_STDLIB_H 1
| #define HAVE_STRING_H 1
| #define HAVE_MEMORY_H 1
| #define HAVE_STRINGS_H 1
| #define HAVE_INTTYPES_H 1
| #define HAVE_STDINT_H 1
| #define HAVE_UNISTD_H 1
| #define HAVE_FCNTL_H 1
| #define HAVE_LIMITS_H 1
| #define HAVE_UNISTD_H 1
| #define HAVE_LIBM 1
| #define MINC2 1
| #define HAVE_PTHREAD 1
| /* end confdefs.h.  */
| #include <windows.h>
configure:7426: result: no
configure:7459: checking for windows.h
configure:7468: result: no
configure:7484: checking for OpenGL library
configure:7527: gcc -o conftest -g -O2 -pthread  -I/usr/local/netcdf/4.1.1/include -I/usr/local/minc/2.1.0/include -I/usr/local/hdf5/1.8.5/include -I/usr/local/bicpl/1.4.6/include  -L/usr/local/netcdf/4.1.1/lib -L/usr/local/minc/2.1.0/lib -L/usr/local/hdf5/1.8.5/lib -L/usr/local/bicpl/1.4.6/lib conftest.c -lopengl32  -lm  >&5
/usr/bin/ld: cannot find -lopengl32
collect2: ld returned 1 exit status
configure:7534: $? = 1
configure: failed program was:
| /* confdefs.h.  */
| #define PACKAGE_NAME "MNI-Register"
| #define PACKAGE_TARNAME "Register"
| #define PACKAGE_VERSION "1.4.0"
| #define PACKAGE_STRING "MNI-Register 1.4.0"
| #define PACKAGE_BUGREPORT "a.janke@gmail.com"
| #define PACKAGE "Register"
| #define VERSION "1.4.0"
| #define STDC_HEADERS 1
| #define HAVE_SYS_WAIT_H 1
| #define HAVE_SYS_TYPES_H 1
| #define HAVE_SYS_STAT_H 1
| #define HAVE_STDLIB_H 1
| #define HAVE_STRING_H 1
| #define HAVE_MEMORY_H 1
| #define HAVE_STRINGS_H 1
| #define HAVE_INTTYPES_H 1
| #define HAVE_STDINT_H 1
| #define HAVE_UNISTD_H 1
| #define HAVE_FCNTL_H 1
| #define HAVE_LIMITS_H 1
| #define HAVE_UNISTD_H 1
| #define HAVE_LIBM 1
| #define MINC2 1
| #define HAVE_PTHREAD 1
| /* end confdefs.h.  */
| 
| # if HAVE_WINDOWS_H && defined(_WIN32)
| #   include <windows.h>
| # endif
| # include <GL/gl.h>
| int
| main ()
| {
| glBegin(0)
|   ;
|   return 0;
| }
configure:7527: gcc -o conftest -g -O2 -pthread  -I/usr/local/netcdf/4.1.1/include -I/usr/local/minc/2.1.0/include -I/usr/local/hdf5/1.8.5/include -I/usr/local/bicpl/1.4.6/include  -L/usr/local/netcdf/4.1.1/lib -L/usr/local/minc/2.1.0/lib -L/usr/local/hdf5/1.8.5/lib -L/usr/local/bicpl/1.4.6/lib conftest.c -lGL  -lm  >&5
configure:7534: $? = 0
configure:7557: result: -lGL
configure:7636: checking for g++
configure:7652: found /usr/bin/g++
configure:7663: result: g++
configure:7690: checking for C++ compiler version
configure:7698: g++ --version >&5
g++ (GCC) 4.4.7 20120313 (Red Hat 4.4.7-3)
Copyright (C) 2010 Free Software Foundation, Inc.
This is free software; see the source for copying conditions.  There is NO
warranty; not even for MERCHANTABILITY or FITNESS FOR A PARTICULAR PURPOSE.

configure:7702: $? = 0
configure:7709: g++ -v >&5
Using built-in specs.
Target: x86_64-redhat-linux
Configured with: ../configure --prefix=/usr --mandir=/usr/share/man --infodir=/usr/share/info --with-bugurl=http://bugzilla.redhat.com/bugzilla --enable-bootstrap --enable-shared --enable-threads=posix --enable-checking=release --with-system-zlib --enable-__cxa_atexit --disable-libunwind-exceptions --enable-gnu-unique-object --enable-languages=c,c++,objc,obj-c++,java,fortran,ada --enable-java-awt=gtk --disable-dssi --with-java-home=/usr/lib/jvm/java-1.5.0-gcj-1.5.0.0/jre --enable-libgcj-multifile --enable-java-maintainer-mode --with-ecj-jar=/usr/share/java/eclipse-ecj.jar --disable-libjava-multilib --with-ppl --with-cloog --with-tune=generic --with-arch_32=i686 --build=x86_64-redhat-linux
Thread model: posix
gcc version 4.4.7 20120313 (Red Hat 4.4.7-3) (GCC) 
configure:7713: $? = 0
configure:7720: g++ -V >&5
g++: '-V' option must have argument
configure:7724: $? = 1
configure:7727: checking whether we are using the GNU C++ compiler
configure:7756: g++ -c   -I/usr/local/netcdf/4.1.1/include -I/usr/local/minc/2.1.0/include -I/usr/local/hdf5/1.8.5/include -I/usr/local/bicpl/1.4.6/include conftest.cpp >&5
configure:7763: $? = 0
configure:7780: result: yes
configure:7789: checking whether g++ accepts -g
configure:7819: g++ -c -g  -I/usr/local/netcdf/4.1.1/include -I/usr/local/minc/2.1.0/include -I/usr/local/hdf5/1.8.5/include -I/usr/local/bicpl/1.4.6/include conftest.cpp >&5
configure:7826: $? = 0
configure:7927: result: yes
configure:7952: checking dependency style of g++
configure:8062: result: gcc3
configure:8079: checking for OpenGL Utility library
configure:8142: g++ -o conftest -g -O2 -pthread  -I/usr/local/netcdf/4.1.1/include -I/usr/local/minc/2.1.0/include -I/usr/local/hdf5/1.8.5/include -I/usr/local/bicpl/1.4.6/include  -L/usr/local/netcdf/4.1.1/lib -L/usr/local/minc/2.1.0/lib -L/usr/local/hdf5/1.8.5/lib -L/usr/local/bicpl/1.4.6/lib conftest.cpp -lglu32 -lGL  -lm  >&5
/usr/bin/ld: cannot find -lglu32
collect2: ld returned 1 exit status
configure:8149: $? = 1
configure: failed program was:
| /* confdefs.h.  */
| #define PACKAGE_NAME "MNI-Register"
| #define PACKAGE_TARNAME "Register"
| #define PACKAGE_VERSION "1.4.0"
| #define PACKAGE_STRING "MNI-Register 1.4.0"
| #define PACKAGE_BUGREPORT "a.janke@gmail.com"
| #define PACKAGE "Register"
| #define VERSION "1.4.0"
| #define STDC_HEADERS 1
| #define HAVE_SYS_WAIT_H 1
| #define HAVE_SYS_TYPES_H 1
| #define HAVE_SYS_STAT_H 1
| #define HAVE_STDLIB_H 1
| #define HAVE_STRING_H 1
| #define HAVE_MEMORY_H 1
| #define HAVE_STRINGS_H 1
| #define HAVE_INTTYPES_H 1
| #define HAVE_STDINT_H 1
| #define HAVE_UNISTD_H 1
| #define HAVE_FCNTL_H 1
| #define HAVE_LIMITS_H 1
| #define HAVE_UNISTD_H 1
| #define HAVE_LIBM 1
| #define MINC2 1
| #define HAVE_PTHREAD 1
| /* end confdefs.h.  */
| 
| # if HAVE_WINDOWS_H && defined(_WIN32)
| #   include <windows.h>
| # endif
| # include <GL/glu.h>
| int
| main ()
| {
| gluBeginCurve(0)
|   ;
|   return 0;
| }
configure:8142: g++ -o conftest -g -O2 -pthread  -I/usr/local/netcdf/4.1.1/include -I/usr/local/minc/2.1.0/include -I/usr/local/hdf5/1.8.5/include -I/usr/local/bicpl/1.4.6/include  -L/usr/local/netcdf/4.1.1/lib -L/usr/local/minc/2.1.0/lib -L/usr/local/hdf5/1.8.5/lib -L/usr/local/bicpl/1.4.6/lib conftest.cpp -lGLU -lGL  -lm  >&5
configure:8149: $? = 0
configure:8186: result: -lGLU
configure:8224: checking for GLUT library
configure:8265: gcc -o conftest -g -O2 -pthread  -I/usr/local/netcdf/4.1.1/include -I/usr/local/minc/2.1.0/include -I/usr/local/hdf5/1.8.5/include -I/usr/local/bicpl/1.4.6/include  -L/usr/local/netcdf/4.1.1/lib -L/usr/local/minc/2.1.0/lib -L/usr/local/hdf5/1.8.5/lib -L/usr/local/bicpl/1.4.6/lib conftest.c -lglut32  -lSM -lICE -lXmu -lXi  -lGLU -lGL  -lm  >&5
/usr/bin/ld: cannot find -lglut32
collect2: ld returned 1 exit status
configure:8272: $? = 1
configure: failed program was:
| /* confdefs.h.  */
| #define PACKAGE_NAME "MNI-Register"
| #define PACKAGE_TARNAME "Register"
| #define PACKAGE_VERSION "1.4.0"
| #define PACKAGE_STRING "MNI-Register 1.4.0"
| #define PACKAGE_BUGREPORT "a.janke@gmail.com"
| #define PACKAGE "Register"
| #define VERSION "1.4.0"
| #define STDC_HEADERS 1
| #define HAVE_SYS_WAIT_H 1
| #define HAVE_SYS_TYPES_H 1
| #define HAVE_SYS_STAT_H 1
| #define HAVE_STDLIB_H 1
| #define HAVE_STRING_H 1
| #define HAVE_MEMORY_H 1
| #define HAVE_STRINGS_H 1
| #define HAVE_INTTYPES_H 1
| #define HAVE_STDINT_H 1
| #define HAVE_UNISTD_H 1
| #define HAVE_FCNTL_H 1
| #define HAVE_LIMITS_H 1
| #define HAVE_UNISTD_H 1
| #define HAVE_LIBM 1
| #define MINC2 1
| #define HAVE_PTHREAD 1
| /* end confdefs.h.  */
| 
| # if HAVE_WINDOWS_H && defined(_WIN32)
| #   include <windows.h>
| # endif
| # include <GL/glut.h>
| int
| main ()
| {
| glutMainLoop()
|   ;
|   return 0;
| }
configure:8265: gcc -o conftest -g -O2 -pthread  -I/usr/local/netcdf/4.1.1/include -I/usr/local/minc/2.1.0/include -I/usr/local/hdf5/1.8.5/include -I/usr/local/bicpl/1.4.6/include  -L/usr/local/netcdf/4.1.1/lib -L/usr/local/minc/2.1.0/lib -L/usr/local/hdf5/1.8.5/lib -L/usr/local/bicpl/1.4.6/lib conftest.c -lglut  -lSM -lICE -lXmu -lXi  -lGLU -lGL  -lm  >&5
configure:8272: $? = 0
configure:8296: result: -lglut
configure:8347: checking for an ANSI C-conforming const
configure:8422: gcc -c -g -O2  -I/usr/local/netcdf/4.1.1/include -I/usr/local/minc/2.1.0/include -I/usr/local/hdf5/1.8.5/include -I/usr/local/bicpl/1.4.6/include conftest.c >&5
configure:8429: $? = 0
configure:8444: result: yes
configure:8460: checking for strtod
configure:8516: gcc -o conftest -g -O2  -I/usr/local/netcdf/4.1.1/include -I/usr/local/minc/2.1.0/include -I/usr/local/hdf5/1.8.5/include -I/usr/local/bicpl/1.4.6/include  -L/usr/local/netcdf/4.1.1/lib -L/usr/local/minc/2.1.0/lib -L/usr/local/hdf5/1.8.5/lib -L/usr/local/bicpl/1.4.6/lib conftest.c  >&5
configure:8523: $? = 0
configure:8545: result: yes
configure:8460: checking for strtol
configure:8516: gcc -o conftest -g -O2  -I/usr/local/netcdf/4.1.1/include -I/usr/local/minc/2.1.0/include -I/usr/local/hdf5/1.8.5/include -I/usr/local/bicpl/1.4.6/include  -L/usr/local/netcdf/4.1.1/lib -L/usr/local/minc/2.1.0/lib -L/usr/local/hdf5/1.8.5/lib -L/usr/local/bicpl/1.4.6/lib conftest.c  >&5
configure:8523: $? = 0
configure:8545: result: yes
configure:8691: creating ./config.status

## ---------------- ##
## Cache variables. ##
## ---------------- ##

ac_cv_build=x86_64-unknown-linux-gnu
ac_cv_c_compiler_gnu=yes
ac_cv_c_const=yes
ac_cv_cxx_compiler_gnu=yes
ac_cv_env_CCC_set=
ac_cv_env_CCC_value=
ac_cv_env_CC_set=
ac_cv_env_CC_value=
ac_cv_env_CFLAGS_set=
ac_cv_env_CFLAGS_value=
ac_cv_env_CPPFLAGS_set=
ac_cv_env_CPPFLAGS_value=
ac_cv_env_CPP_set=
ac_cv_env_CPP_value=
ac_cv_env_CXXFLAGS_set=
ac_cv_env_CXXFLAGS_value=
ac_cv_env_CXX_set=
ac_cv_env_CXX_value=
ac_cv_env_LDFLAGS_set=
ac_cv_env_LDFLAGS_value=
ac_cv_env_LIBS_set=
ac_cv_env_LIBS_value=
ac_cv_env_XMKMF_set=
ac_cv_env_XMKMF_value=
ac_cv_env_build_alias_set=
ac_cv_env_build_alias_value=
ac_cv_env_host_alias_set=
ac_cv_env_host_alias_value=
ac_cv_env_target_alias_set=
ac_cv_env_target_alias_value=
ac_cv_func_connect=yes
ac_cv_func_gethostbyname=yes
ac_cv_func_remove=yes
ac_cv_func_shmat=yes
ac_cv_func_strtod=yes
ac_cv_func_strtol=yes
ac_cv_have_x='have_x=yes	ac_x_includes='\'''\''	ac_x_libraries='\'''\'''
ac_cv_header_fcntl_h=yes
ac_cv_header_inttypes_h=yes
ac_cv_header_limits_h=yes
ac_cv_header_math_h=yes
ac_cv_header_memory_h=yes
ac_cv_header_stdc=yes
ac_cv_header_stdint_h=yes
ac_cv_header_stdlib_h=yes
ac_cv_header_string_h=yes
ac_cv_header_strings_h=yes
ac_cv_header_sys_stat_h=yes
ac_cv_header_sys_types_h=yes
ac_cv_header_sys_wait_h=yes
ac_cv_header_unistd_h=yes
ac_cv_header_windows_h=no
ac_cv_host=x86_64-unknown-linux-gnu
ac_cv_lib_ICE_IceConnectionNumber=yes
ac_cv_lib_m_sqrt=yes
ac_cv_objext=o
ac_cv_path_EGREP='/bin/grep -E'
ac_cv_path_GREP=/bin/grep
ac_cv_path_install='/usr/bin/install -c'
ac_cv_path_mkdir=/bin/mkdir
ac_cv_prog_AWK=gawk
ac_cv_prog_CPP='gcc -E'
ac_cv_prog_PTHREAD_CC=gcc
ac_cv_prog_ac_ct_CC=gcc
ac_cv_prog_ac_ct_CXX=g++
ac_cv_prog_ac_ct_RANLIB=ranlib
ac_cv_prog_cc_c89=
ac_cv_prog_cc_g=yes
ac_cv_prog_cxx_g=yes
ac_cv_prog_make_make_set=yes
am_cv_CC_dependencies_compiler_type=gcc3
am_cv_CXX_dependencies_compiler_type=gcc3
ax_cv_c_compiler_ms=no
ax_cv_check_gl_libgl=-lGL
ax_cv_check_glu_libglu=-lGLU
ax_cv_check_glut_libglut=-lglut

## ----------------- ##
## Output variables. ##
## ----------------- ##

ACLOCAL='${SHELL} /usr/local/src/REGISTER/1.4.0/missing --run aclocal-1.11'
AMDEPBACKSLASH='\'
AMDEP_FALSE='#'
AMDEP_TRUE=''
AMTAR='${SHELL} /usr/local/src/REGISTER/1.4.0/missing --run tar'
AUTOCONF='${SHELL} /usr/local/src/REGISTER/1.4.0/missing --run autoconf'
AUTOHEADER='${SHELL} /usr/local/src/REGISTER/1.4.0/missing --run autoheader'
AUTOMAKE='${SHELL} /usr/local/src/REGISTER/1.4.0/missing --run automake-1.11'
AWK='gawk'
CC='gcc'
CCDEPMODE='depmode=gcc3'
CFLAGS='-g -O2'
CPP='gcc -E'
CPPFLAGS=' -I/usr/local/netcdf/4.1.1/include -I/usr/local/minc/2.1.0/include -I/usr/local/hdf5/1.8.5/include -I/usr/local/bicpl/1.4.6/include'
CXX='g++'
CXXDEPMODE='depmode=gcc3'
CXXFLAGS='-g -O2'
CYGPATH_W='echo'
DEFS='-DHAVE_CONFIG_H'
DEPDIR='.deps'
ECHO_C=''
ECHO_N='-n'
ECHO_T=''
EGREP='/bin/grep -E'
EXEEXT=''
GLUT_CFLAGS='-pthread'
GLUT_LIBS='-lglut  -lSM -lICE -lXmu -lXi  -lGLU -lGL  -lm'
GLU_CFLAGS='-pthread'
GLU_LIBS='-lGLU -lGL  -lm'
GL_CFLAGS='-pthread'
GL_LIBS='-lGL  -lm'
GREP='/bin/grep'
INSTALL_DATA='${INSTALL} -m 644'
INSTALL_PROGRAM='${INSTALL}'
INSTALL_SCRIPT='${INSTALL}'
INSTALL_STRIP_PROGRAM='$(install_sh) -c -s'
LDFLAGS=' -L/usr/local/netcdf/4.1.1/lib -L/usr/local/minc/2.1.0/lib -L/usr/local/hdf5/1.8.5/lib -L/usr/local/bicpl/1.4.6/lib'
LIBOBJS=''
LIBS=''
LN_S='ln -s'
LTLIBOBJS=''
MAKEINFO='${SHELL} /usr/local/src/REGISTER/1.4.0/missing --run makeinfo'
MKDIR_P='/bin/mkdir -p'
MNI_LIBS='-lbicpl -lvolume_io2 -lminc2 -lhdf5 -lz -lnetcdf -lm -lm '
OBJEXT='o'
PACKAGE='Register'
PACKAGE_BUGREPORT='a.janke@gmail.com'
PACKAGE_NAME='MNI-Register'
PACKAGE_STRING='MNI-Register 1.4.0'
PACKAGE_TARNAME='Register'
PACKAGE_VERSION='1.4.0'
PATH_SEPARATOR=':'
PTHREAD_CC='gcc'
PTHREAD_CFLAGS='-pthread'
PTHREAD_LIBS=''
RANLIB='ranlib'
SET_MAKE=''
SHELL='/bin/sh'
STRIP=''
VERSION='1.4.0'
XMKMF=''
X_CFLAGS=''
X_EXTRA_LIBS=''
X_LIBS=''
X_PRE_LIBS=' -lSM -lICE'
ac_ct_CC='gcc'
ac_ct_CXX='g++'
acx_pthread_config=''
am__EXEEXT_FALSE=''
am__EXEEXT_TRUE='#'
am__fastdepCC_FALSE='#'
am__fastdepCC_TRUE=''
am__fastdepCXX_FALSE='#'
am__fastdepCXX_TRUE=''
am__include='include'
am__isrc=''
am__leading_dot='.'
am__quote=''
am__tar='${AMTAR} chof - "$$tardir"'
am__untar='${AMTAR} xf -'
bindir='${exec_prefix}/bin'
build='x86_64-unknown-linux-gnu'
build_alias=''
build_cpu='x86_64'
build_os='linux-gnu'
build_vendor='unknown'
datadir='${datarootdir}'
datarootdir='${prefix}/share'
docdir='${datarootdir}/doc/${PACKAGE_TARNAME}'
dvidir='${docdir}'
exec_prefix='${prefix}'
host='x86_64-unknown-linux-gnu'
host_alias=''
host_cpu='x86_64'
host_os='linux-gnu'
host_vendor='unknown'
htmldir='${docdir}'
includedir='${prefix}/include'
infodir='${datarootdir}/info'
install_sh='${SHELL} /usr/local/src/REGISTER/1.4.0/install-sh'
libdir='${exec_prefix}/lib'
libexecdir='${exec_prefix}/libexec'
localedir='${datarootdir}/locale'
localstatedir='${prefix}/var'
mandir='${datarootdir}/man'
mkdir_p='/bin/mkdir -p'
oldincludedir='/usr/include'
pdfdir='${docdir}'
prefix='/usr/local/src/REGISTER/1.4.0/register_build/register/1.4.0'
program_transform_name='s,x,x,'
psdir='${docdir}'
sbindir='${exec_prefix}/sbin'
sharedstatedir='${prefix}/com'
sysconfdir='${prefix}/etc'
target_alias=''

## ----------- ##
## confdefs.h. ##
## ----------- ##

#define PACKAGE_NAME "MNI-Register"
#define PACKAGE_TARNAME "Register"
#define PACKAGE_VERSION "1.4.0"
#define PACKAGE_STRING "MNI-Register 1.4.0"
#define PACKAGE_BUGREPORT "a.janke@gmail.com"
#define PACKAGE "Register"
#define VERSION "1.4.0"
#define STDC_HEADERS 1
#define HAVE_SYS_WAIT_H 1
#define HAVE_SYS_TYPES_H 1
#define HAVE_SYS_STAT_H 1
#define HAVE_STDLIB_H 1
#define HAVE_STRING_H 1
#define HAVE_MEMORY_H 1
#define HAVE_STRINGS_H 1
#define HAVE_INTTYPES_H 1
#define HAVE_STDINT_H 1
#define HAVE_UNISTD_H 1
#define HAVE_FCNTL_H 1
#define HAVE_LIMITS_H 1
#define HAVE_UNISTD_H 1
#define HAVE_LIBM 1
#define MINC2 1
#define HAVE_PTHREAD 1
#define HAVE_STRTOD 1
#define HAVE_STRTOL 1

configure: exit 0

## ---------------------- ##
## Running config.status. ##
## ---------------------- ##

This file was extended by MNI-Register config.status 1.4.0, which was
generated by GNU Autoconf 2.63.  Invocation command line was

  CONFIG_FILES    = 
  CONFIG_HEADERS  = 
  CONFIG_LINKS    = 
  CONFIG_COMMANDS = 
  $ ./config.status 

on harald-build

config.status:843: creating Makefile
config.status:843: creating Functionality/Makefile
config.status:843: creating Functionality/initialize/Makefile
config.status:843: creating Functionality/tags/Makefile
config.status:843: creating Functionality/slices/Makefile
config.status:843: creating Functionality/update/Makefile
config.status:843: creating Graphics/Makefile
config.status:843: creating Graphics/GLUT_windows/Makefile
config.status:843: creating Graphics/G_graphics/Makefile
config.status:843: creating Graphics/OpenGL_graphics/Makefile
config.status:843: creating Register_resample/Makefile
config.status:843: creating Tagtoxfm/Makefile
config.status:843: creating UI_calls_F/Makefile
config.status:843: creating User_interface/Makefile
config.status:843: creating User_interface/colour_popup/Makefile
config.status:843: creating User_interface/delete_tags_popup/Makefile
config.status:843: creating User_interface/event_callbacks/Makefile
config.status:843: creating User_interface/event_handling/Makefile
config.status:843: creating User_interface/filter_popup/Makefile
config.status:843: creating User_interface/input/Makefile
config.status:843: creating User_interface/layout/Makefile
config.status:843: creating User_interface/main/Makefile
config.status:843: creating User_interface/print_popup/Makefile
config.status:843: creating User_interface/quit_popup/Makefile
config.status:843: creating User_interface/resampling/Makefile
config.status:843: creating User_interface/slices/Makefile
config.status:843: creating User_interface/transform_popup/Makefile
config.status:843: creating User_interface/value_readout/Makefile
config.status:843: creating User_interface/widget_instances/Makefile
config.status:843: creating User_interface/widgets/Makefile
config.status:843: creating User_interface/windows/Makefile
config.status:843: creating epm-header
config.status:843: creating config.h
config.status:1117: executing depfiles commands

## ---------------------- ##
## Running config.status. ##
## ---------------------- ##

This file was extended by MNI-Register config.status 1.4.0, which was
generated by GNU Autoconf 2.63.  Invocation command line was

  CONFIG_FILES    = 
  CONFIG_HEADERS  = 
  CONFIG_LINKS    = 
  CONFIG_COMMANDS = 
  $ ./config.status config.h

on harald-build

config.status:843: creating config.h
