This file contains any messages produced by compilers while
running configure, to aid debugging if configure makes a mistake.

It was created by configure, which was
generated by GNU Autoconf 2.63.  Invocation command line was

  $ ./configure --prefix=/usr/local/src/BICPL/1.4.6/bicpl_build/bicpl/1.4.6 --with-build-path=/usr/local/netcdf/4.1.1:/usr/local/minc/2.1.0:/usr/local/hdf5/1.8.5 --with-minc2 LDFLAGS=-L/usr/local/libjpeg-turbo/1.2.90/lib CPPFLAGS=-I/usr/local/libjpeg-turbo/1.2.90/include --no-create --no-recursion

## --------- ##
## Platform. ##
## --------- ##

hostname = harald-build
uname -m = x86_64
uname -r = 2.6.32-358.14.1.el6.x86_64
uname -s = Linux
uname -v = #1 SMP Tue Jul 16 23:51:20 UTC 2013

/usr/bin/uname -p = unknown
/bin/uname -X     = unknown

/bin/arch              = x86_64
/usr/bin/arch -k       = unknown
/usr/convex/getsysinfo = unknown
/usr/bin/hostinfo      = unknown
/bin/machine           = unknown
/usr/bin/oslevel       = unknown
/bin/universe          = unknown

PATH: /usr/local/libjpeg-turbo/1.2.90/bin
PATH: /usr/local/graphicsmagick/1.3.18/bin
PATH: /usr/local/nifticlib/2.0.0/bin
PATH: /usr/local/netcdf/4.1.1/bin
PATH: /usr/local/minc/2.1.0/bin
PATH: /usr/local/hdf5/1.8.5/bin
PATH: /usr/local/sbin
PATH: /usr/local/bin
PATH: /sbin
PATH: /bin
PATH: /usr/sbin
PATH: /usr/bin
PATH: /usr/local/maven/3.0.5/bin
PATH: /root/bin


## ----------- ##
## Core tests. ##
## ----------- ##

configure:2078: checking for a BSD-compatible install
configure:2146: result: /usr/bin/install -c
configure:2157: checking whether build environment is sane
configure:2200: result: yes
configure:2262: checking for gawk
configure:2278: found /bin/gawk
configure:2289: result: gawk
configure:2300: checking whether make sets $(MAKE)
configure:2322: result: yes
configure:2553: checking for gcc
configure:2569: found /usr/bin/gcc
configure:2580: result: gcc
configure:2812: checking for C compiler version
configure:2820: gcc --version >&5
gcc (GCC) 4.4.7 20120313 (Red Hat 4.4.7-3)
Copyright (C) 2010 Free Software Foundation, Inc.
This is free software; see the source for copying conditions.  There is NO
warranty; not even for MERCHANTABILITY or FITNESS FOR A PARTICULAR PURPOSE.

configure:2824: $? = 0
configure:2831: gcc -v >&5
Using built-in specs.
Target: x86_64-redhat-linux
Configured with: ../configure --prefix=/usr --mandir=/usr/share/man --infodir=/usr/share/info --with-bugurl=http://bugzilla.redhat.com/bugzilla --enable-bootstrap --enable-shared --enable-threads=posix --enable-checking=release --with-system-zlib --enable-__cxa_atexit --disable-libunwind-exceptions --enable-gnu-unique-object --enable-languages=c,c++,objc,obj-c++,java,fortran,ada --enable-java-awt=gtk --disable-dssi --with-java-home=/usr/lib/jvm/java-1.5.0-gcj-1.5.0.0/jre --enable-libgcj-multifile --enable-java-maintainer-mode --with-ecj-jar=/usr/share/java/eclipse-ecj.jar --disable-libjava-multilib --with-ppl --with-cloog --with-tune=generic --with-arch_32=i686 --build=x86_64-redhat-linux
Thread model: posix
gcc version 4.4.7 20120313 (Red Hat 4.4.7-3) (GCC) 
configure:2835: $? = 0
configure:2842: gcc -V >&5
gcc: '-V' option must have argument
configure:2846: $? = 1
configure:2869: checking for C compiler default output file name
configure:2891: gcc  -I/usr/local/libjpeg-turbo/1.2.90/include -L/usr/local/libjpeg-turbo/1.2.90/lib conftest.c  >&5
configure:2895: $? = 0
configure:2933: result: a.out
configure:2952: checking whether the C compiler works
configure:2962: ./a.out
configure:2966: $? = 0
configure:2985: result: yes
configure:2992: checking whether we are cross compiling
configure:2994: result: no
configure:2997: checking for suffix of executables
configure:3004: gcc -o conftest  -I/usr/local/libjpeg-turbo/1.2.90/include -L/usr/local/libjpeg-turbo/1.2.90/lib conftest.c  >&5
configure:3008: $? = 0
configure:3034: result: 
configure:3040: checking for suffix of object files
configure:3066: gcc -c  -I/usr/local/libjpeg-turbo/1.2.90/include conftest.c >&5
configure:3070: $? = 0
configure:3095: result: o
configure:3099: checking whether we are using the GNU C compiler
configure:3128: gcc -c  -I/usr/local/libjpeg-turbo/1.2.90/include conftest.c >&5
configure:3135: $? = 0
configure:3152: result: yes
configure:3161: checking whether gcc accepts -g
configure:3191: gcc -c -g -I/usr/local/libjpeg-turbo/1.2.90/include conftest.c >&5
configure:3198: $? = 0
configure:3299: result: yes
configure:3316: checking for gcc option to accept ISO C89
configure:3390: gcc  -c -g -O2 -I/usr/local/libjpeg-turbo/1.2.90/include conftest.c >&5
configure:3397: $? = 0
configure:3420: result: none needed
configure:3449: checking for style of include used by make
configure:3477: result: GNU
configure:3505: checking dependency style of gcc
configure:3595: result: gcc3
configure:3626: checking for a BSD-compatible install
configure:3694: result: /usr/bin/install -c
configure:3705: checking whether ln -s works
configure:3709: result: yes
configure:3716: checking whether make sets $(MAKE)
configure:3738: result: yes
configure:3827: checking build system type
configure:3845: result: x86_64-unknown-linux-gnu
configure:3867: checking host system type
configure:3882: result: x86_64-unknown-linux-gnu
configure:3904: checking for a sed that does not truncate output
configure:3960: result: /bin/sed
configure:3963: checking for grep that handles long lines and -e
configure:4023: result: /bin/grep
configure:4028: checking for egrep
configure:4092: result: /bin/grep -E
configure:4108: checking for ld used by gcc
configure:4175: result: /usr/bin/ld
configure:4184: checking if the linker (/usr/bin/ld) is GNU ld
configure:4199: result: yes
configure:4204: checking for /usr/bin/ld option to reload object files
configure:4211: result: -r
configure:4229: checking for BSD-compatible nm
configure:4278: result: /usr/bin/nm -B
configure:4282: checking how to recognize dependent libraries
configure:4468: result: pass_all
configure:4557: gcc -c -g -O2 -I/usr/local/libjpeg-turbo/1.2.90/include conftest.c >&5
configure:4560: $? = 0
configure:4713: checking how to run the C preprocessor
configure:4753: gcc -E -I/usr/local/libjpeg-turbo/1.2.90/include conftest.c
configure:4760: $? = 0
configure:4791: gcc -E -I/usr/local/libjpeg-turbo/1.2.90/include conftest.c
conftest.c:10:28: error: ac_nonexistent.h: No such file or directory
configure:4798: $? = 1
configure: failed program was:
| /* confdefs.h.  */
| #define PACKAGE_NAME ""
| #define PACKAGE_TARNAME ""
| #define PACKAGE_VERSION ""
| #define PACKAGE_STRING ""
| #define PACKAGE_BUGREPORT ""
| #define PACKAGE "bicpl"
| #define VERSION "1.4.6"
| /* end confdefs.h.  */
| #include <ac_nonexistent.h>
configure:4831: result: gcc -E
configure:4860: gcc -E -I/usr/local/libjpeg-turbo/1.2.90/include conftest.c
configure:4867: $? = 0
configure:4898: gcc -E -I/usr/local/libjpeg-turbo/1.2.90/include conftest.c
conftest.c:10:28: error: ac_nonexistent.h: No such file or directory
configure:4905: $? = 1
configure: failed program was:
| /* confdefs.h.  */
| #define PACKAGE_NAME ""
| #define PACKAGE_TARNAME ""
| #define PACKAGE_VERSION ""
| #define PACKAGE_STRING ""
| #define PACKAGE_BUGREPORT ""
| #define PACKAGE "bicpl"
| #define VERSION "1.4.6"
| /* end confdefs.h.  */
| #include <ac_nonexistent.h>
configure:4945: checking for ANSI C header files
configure:4975: gcc -c -g -O2 -I/usr/local/libjpeg-turbo/1.2.90/include conftest.c >&5
configure:4982: $? = 0
configure:5081: gcc -o conftest -g -O2 -I/usr/local/libjpeg-turbo/1.2.90/include -L/usr/local/libjpeg-turbo/1.2.90/lib conftest.c  >&5
configure:5085: $? = 0
configure:5091: ./conftest
configure:5095: $? = 0
configure:5113: result: yes
configure:5137: checking for sys/types.h
configure:5158: gcc -c -g -O2 -I/usr/local/libjpeg-turbo/1.2.90/include conftest.c >&5
configure:5165: $? = 0
configure:5182: result: yes
configure:5137: checking for sys/stat.h
configure:5158: gcc -c -g -O2 -I/usr/local/libjpeg-turbo/1.2.90/include conftest.c >&5
configure:5165: $? = 0
configure:5182: result: yes
configure:5137: checking for stdlib.h
configure:5158: gcc -c -g -O2 -I/usr/local/libjpeg-turbo/1.2.90/include conftest.c >&5
configure:5165: $? = 0
configure:5182: result: yes
configure:5137: checking for string.h
configure:5158: gcc -c -g -O2 -I/usr/local/libjpeg-turbo/1.2.90/include conftest.c >&5
configure:5165: $? = 0
configure:5182: result: yes
configure:5137: checking for memory.h
configure:5158: gcc -c -g -O2 -I/usr/local/libjpeg-turbo/1.2.90/include conftest.c >&5
configure:5165: $? = 0
configure:5182: result: yes
configure:5137: checking for strings.h
configure:5158: gcc -c -g -O2 -I/usr/local/libjpeg-turbo/1.2.90/include conftest.c >&5
configure:5165: $? = 0
configure:5182: result: yes
configure:5137: checking for inttypes.h
configure:5158: gcc -c -g -O2 -I/usr/local/libjpeg-turbo/1.2.90/include conftest.c >&5
configure:5165: $? = 0
configure:5182: result: yes
configure:5137: checking for stdint.h
configure:5158: gcc -c -g -O2 -I/usr/local/libjpeg-turbo/1.2.90/include conftest.c >&5
configure:5165: $? = 0
configure:5182: result: yes
configure:5137: checking for unistd.h
configure:5158: gcc -c -g -O2 -I/usr/local/libjpeg-turbo/1.2.90/include conftest.c >&5
configure:5165: $? = 0
configure:5182: result: yes
configure:5212: checking dlfcn.h usability
configure:5229: gcc -c -g -O2 -I/usr/local/libjpeg-turbo/1.2.90/include conftest.c >&5
configure:5236: $? = 0
configure:5250: result: yes
configure:5254: checking dlfcn.h presence
configure:5269: gcc -E -I/usr/local/libjpeg-turbo/1.2.90/include conftest.c
configure:5276: $? = 0
configure:5290: result: yes
configure:5318: checking for dlfcn.h
configure:5327: result: yes
configure:5400: checking for g++
configure:5416: found /usr/bin/g++
configure:5427: result: g++
configure:5454: checking for C++ compiler version
configure:5462: g++ --version >&5
g++ (GCC) 4.4.7 20120313 (Red Hat 4.4.7-3)
Copyright (C) 2010 Free Software Foundation, Inc.
This is free software; see the source for copying conditions.  There is NO
warranty; not even for MERCHANTABILITY or FITNESS FOR A PARTICULAR PURPOSE.

configure:5466: $? = 0
configure:5473: g++ -v >&5
Using built-in specs.
Target: x86_64-redhat-linux
Configured with: ../configure --prefix=/usr --mandir=/usr/share/man --infodir=/usr/share/info --with-bugurl=http://bugzilla.redhat.com/bugzilla --enable-bootstrap --enable-shared --enable-threads=posix --enable-checking=release --with-system-zlib --enable-__cxa_atexit --disable-libunwind-exceptions --enable-gnu-unique-object --enable-languages=c,c++,objc,obj-c++,java,fortran,ada --enable-java-awt=gtk --disable-dssi --with-java-home=/usr/lib/jvm/java-1.5.0-gcj-1.5.0.0/jre --enable-libgcj-multifile --enable-java-maintainer-mode --with-ecj-jar=/usr/share/java/eclipse-ecj.jar --disable-libjava-multilib --with-ppl --with-cloog --with-tune=generic --with-arch_32=i686 --build=x86_64-redhat-linux
Thread model: posix
gcc version 4.4.7 20120313 (Red Hat 4.4.7-3) (GCC) 
configure:5477: $? = 0
configure:5484: g++ -V >&5
g++: '-V' option must have argument
configure:5488: $? = 1
configure:5491: checking whether we are using the GNU C++ compiler
configure:5520: g++ -c  -I/usr/local/libjpeg-turbo/1.2.90/include conftest.cpp >&5
configure:5527: $? = 0
configure:5544: result: yes
configure:5553: checking whether g++ accepts -g
configure:5583: g++ -c -g -I/usr/local/libjpeg-turbo/1.2.90/include conftest.cpp >&5
configure:5590: $? = 0
configure:5691: result: yes
configure:5716: checking dependency style of g++
configure:5806: result: gcc3
configure:5833: checking how to run the C++ preprocessor
configure:5869: g++ -E -I/usr/local/libjpeg-turbo/1.2.90/include conftest.cpp
configure:5876: $? = 0
configure:5907: g++ -E -I/usr/local/libjpeg-turbo/1.2.90/include conftest.cpp
conftest.cpp:21:28: error: ac_nonexistent.h: No such file or directory
configure:5914: $? = 1
configure: failed program was:
| /* confdefs.h.  */
| #define PACKAGE_NAME ""
| #define PACKAGE_TARNAME ""
| #define PACKAGE_VERSION ""
| #define PACKAGE_STRING ""
| #define PACKAGE_BUGREPORT ""
| #define PACKAGE "bicpl"
| #define VERSION "1.4.6"
| #define STDC_HEADERS 1
| #define HAVE_SYS_TYPES_H 1
| #define HAVE_SYS_STAT_H 1
| #define HAVE_STDLIB_H 1
| #define HAVE_STRING_H 1
| #define HAVE_MEMORY_H 1
| #define HAVE_STRINGS_H 1
| #define HAVE_INTTYPES_H 1
| #define HAVE_STDINT_H 1
| #define HAVE_UNISTD_H 1
| #define HAVE_DLFCN_H 1
| /* end confdefs.h.  */
| #include <ac_nonexistent.h>
configure:5947: result: g++ -E
configure:5976: g++ -E -I/usr/local/libjpeg-turbo/1.2.90/include conftest.cpp
configure:5983: $? = 0
configure:6014: g++ -E -I/usr/local/libjpeg-turbo/1.2.90/include conftest.cpp
conftest.cpp:21:28: error: ac_nonexistent.h: No such file or directory
configure:6021: $? = 1
configure: failed program was:
| /* confdefs.h.  */
| #define PACKAGE_NAME ""
| #define PACKAGE_TARNAME ""
| #define PACKAGE_VERSION ""
| #define PACKAGE_STRING ""
| #define PACKAGE_BUGREPORT ""
| #define PACKAGE "bicpl"
| #define VERSION "1.4.6"
| #define STDC_HEADERS 1
| #define HAVE_SYS_TYPES_H 1
| #define HAVE_SYS_STAT_H 1
| #define HAVE_STDLIB_H 1
| #define HAVE_STRING_H 1
| #define HAVE_MEMORY_H 1
| #define HAVE_STRINGS_H 1
| #define HAVE_INTTYPES_H 1
| #define HAVE_STDINT_H 1
| #define HAVE_UNISTD_H 1
| #define HAVE_DLFCN_H 1
| /* end confdefs.h.  */
| #include <ac_nonexistent.h>
configure:6116: checking for g77
configure:6146: result: no
configure:6116: checking for xlf
configure:6146: result: no
configure:6116: checking for f77
configure:6146: result: no
configure:6116: checking for frt
configure:6146: result: no
configure:6116: checking for pgf77
configure:6146: result: no
configure:6116: checking for cf77
configure:6146: result: no
configure:6116: checking for fort77
configure:6146: result: no
configure:6116: checking for fl32
configure:6146: result: no
configure:6116: checking for af77
configure:6146: result: no
configure:6116: checking for xlf90
configure:6146: result: no
configure:6116: checking for f90
configure:6146: result: no
configure:6116: checking for pgf90
configure:6146: result: no
configure:6116: checking for pghpf
configure:6146: result: no
configure:6116: checking for epcf90
configure:6146: result: no
configure:6116: checking for gfortran
configure:6132: found /usr/bin/gfortran
configure:6143: result: gfortran
configure:6169: checking for Fortran 77 compiler version
configure:6177: gfortran --version >&5
GNU Fortran (GCC) 4.4.7 20120313 (Red Hat 4.4.7-3)
Copyright (C) 2010 Free Software Foundation, Inc.

GNU Fortran comes with NO WARRANTY, to the extent permitted by law.
You may redistribute copies of GNU Fortran
under the terms of the GNU General Public License.
For more information about these matters, see the file named COPYING

configure:6181: $? = 0
configure:6188: gfortran -v >&5
Using built-in specs.
Target: x86_64-redhat-linux
Configured with: ../configure --prefix=/usr --mandir=/usr/share/man --infodir=/usr/share/info --with-bugurl=http://bugzilla.redhat.com/bugzilla --enable-bootstrap --enable-shared --enable-threads=posix --enable-checking=release --with-system-zlib --enable-__cxa_atexit --disable-libunwind-exceptions --enable-gnu-unique-object --enable-languages=c,c++,objc,obj-c++,java,fortran,ada --enable-java-awt=gtk --disable-dssi --with-java-home=/usr/lib/jvm/java-1.5.0-gcj-1.5.0.0/jre --enable-libgcj-multifile --enable-java-maintainer-mode --with-ecj-jar=/usr/share/java/eclipse-ecj.jar --disable-libjava-multilib --with-ppl --with-cloog --with-tune=generic --with-arch_32=i686 --build=x86_64-redhat-linux
Thread model: posix
gcc version 4.4.7 20120313 (Red Hat 4.4.7-3) (GCC) 
configure:6192: $? = 0
configure:6199: gfortran -V >&5
gfortran: '-V' option must have argument
configure:6203: $? = 1
configure:6211: checking whether we are using the GNU Fortran 77 compiler
configure:6230: gfortran -c  conftest.F >&5
configure:6237: $? = 0
configure:6254: result: yes
configure:6260: checking whether gfortran accepts -g
configure:6277: gfortran -c -g conftest.f >&5
configure:6284: $? = 0
configure:6300: result: yes
configure:6334: checking the maximum length of command line arguments
configure:6446: result: 1966080
configure:6458: checking command to parse /usr/bin/nm -B output from gcc object
configure:6563: gcc -c -g -O2 -I/usr/local/libjpeg-turbo/1.2.90/include conftest.c >&5
configure:6566: $? = 0
configure:6570: /usr/bin/nm -B conftest.o \| sed -n -e 's/^.*[ 	]\([ABCDGIRSTW][ABCDGIRSTW]*\)[ 	][ 	]*\([_A-Za-z][_A-Za-z0-9]*\)$/\1 \2 \2/p' \> conftest.nm
configure:6573: $? = 0
configure:6625: gcc -o conftest -g -O2 -I/usr/local/libjpeg-turbo/1.2.90/include -L/usr/local/libjpeg-turbo/1.2.90/lib conftest.c conftstm.o >&5
configure:6628: $? = 0
configure:6666: result: ok
configure:6670: checking for objdir
configure:6685: result: .libs
configure:6777: checking for ar
configure:6793: found /usr/bin/ar
configure:6804: result: ar
configure:6869: checking for ranlib
configure:6885: found /usr/bin/ranlib
configure:6896: result: ranlib
configure:6961: checking for strip
configure:6977: found /usr/bin/strip
configure:6988: result: strip
configure:7270: checking if gcc supports -fno-rtti -fno-exceptions
configure:7288: gcc -c -g -O2 -I/usr/local/libjpeg-turbo/1.2.90/include -fno-rtti -fno-exceptions conftest.c >&5
cc1: warning: command line option "-fno-rtti" is valid for C++/ObjC++ but not for C
configure:7292: $? = 0
configure:7305: result: no
configure:7320: checking for gcc option to produce PIC
configure:7552: result: -fPIC
configure:7560: checking if gcc PIC flag -fPIC works
configure:7578: gcc -c -g -O2 -I/usr/local/libjpeg-turbo/1.2.90/include -fPIC -DPIC conftest.c >&5
configure:7582: $? = 0
configure:7595: result: yes
configure:7623: checking if gcc static flag -static works
configure:7651: result: no
configure:7661: checking if gcc supports -c -o file.o
configure:7682: gcc -c -g -O2 -I/usr/local/libjpeg-turbo/1.2.90/include -o out/conftest2.o conftest.c >&5
configure:7686: $? = 0
configure:7708: result: yes
configure:7734: checking whether the gcc linker (/usr/bin/ld -m elf_x86_64) supports shared libraries
configure:8723: result: yes
configure:8790: checking dynamic linker characteristics
configure:9404: result: GNU/Linux ld.so
configure:9413: checking how to hardcode library paths into programs
configure:9438: result: immediate
configure:9452: checking whether stripping libraries is possible
configure:9457: result: yes
configure:10287: checking if libtool supports shared libraries
configure:10289: result: yes
configure:10292: checking whether to build shared libraries
configure:10313: result: no
configure:10316: checking whether to build static libraries
configure:10320: result: yes
configure:10413: creating libtool
configure:11001: checking for ld used by g++
configure:11068: result: /usr/bin/ld -m elf_x86_64
configure:11077: checking if the linker (/usr/bin/ld -m elf_x86_64) is GNU ld
configure:11092: result: yes
configure:11143: checking whether the g++ linker (/usr/bin/ld -m elf_x86_64) supports shared libraries
configure:12125: result: yes
configure:12143: g++ -c -g -O2 -I/usr/local/libjpeg-turbo/1.2.90/include conftest.cpp >&5
configure:12146: $? = 0
configure:12298: checking for g++ option to produce PIC
configure:12582: result: -fPIC
configure:12590: checking if g++ PIC flag -fPIC works
configure:12608: g++ -c -g -O2 -I/usr/local/libjpeg-turbo/1.2.90/include -fPIC -DPIC conftest.cpp >&5
configure:12612: $? = 0
configure:12625: result: yes
configure:12653: checking if g++ static flag -static works
configure:12681: result: no
configure:12691: checking if g++ supports -c -o file.o
configure:12712: g++ -c -g -O2 -I/usr/local/libjpeg-turbo/1.2.90/include -o out/conftest2.o conftest.cpp >&5
configure:12716: $? = 0
configure:12738: result: yes
configure:12764: checking whether the g++ linker (/usr/bin/ld -m elf_x86_64) supports shared libraries
configure:12792: result: yes
configure:12859: checking dynamic linker characteristics
configure:13421: result: GNU/Linux ld.so
configure:13430: checking how to hardcode library paths into programs
configure:13455: result: immediate
configure:13989: checking if libtool supports shared libraries
configure:13991: result: yes
configure:13994: checking whether to build shared libraries
configure:14014: result: no
configure:14017: checking whether to build static libraries
configure:14021: result: yes
configure:14031: checking for gfortran option to produce PIC
configure:14263: result: -fPIC
configure:14271: checking if gfortran PIC flag -fPIC works
configure:14289: gfortran -c -g -O2 -fPIC conftest.f >&5
configure:14293: $? = 0
configure:14306: result: yes
configure:14334: checking if gfortran static flag -static works
configure:14362: result: no
configure:14372: checking if gfortran supports -c -o file.o
configure:14393: gfortran -c -g -O2 -o out/conftest2.o conftest.f >&5
configure:14397: $? = 0
configure:14419: result: yes
configure:14445: checking whether the gfortran linker (/usr/bin/ld -m elf_x86_64) supports shared libraries
configure:15414: result: yes
configure:15481: checking dynamic linker characteristics
configure:16043: result: GNU/Linux ld.so
configure:16052: checking how to hardcode library paths into programs
configure:16077: result: immediate
configure:19695: checking for library m
configure:19719: gcc -o conftest -g -O2 -I/usr/local/libjpeg-turbo/1.2.90/include -I/usr/local/netcdf/4.1.1/include -I/usr/local/minc/2.1.0/include -I/usr/local/hdf5/1.8.5/include -L/usr/local/libjpeg-turbo/1.2.90/lib -L/usr/local/netcdf/4.1.1/lib -L/usr/local/minc/2.1.0/lib -L/usr/local/hdf5/1.8.5/lib conftest.c -lm  >&5
configure:19726: $? = 0
configure:19745: result: yes
configure:19754: checking for library netcdf
configure:19778: gcc -o conftest -g -O2 -I/usr/local/libjpeg-turbo/1.2.90/include -I/usr/local/netcdf/4.1.1/include -I/usr/local/minc/2.1.0/include -I/usr/local/hdf5/1.8.5/include -L/usr/local/libjpeg-turbo/1.2.90/lib -L/usr/local/netcdf/4.1.1/lib -L/usr/local/minc/2.1.0/lib -L/usr/local/hdf5/1.8.5/lib conftest.c -lnetcdf -lm  >&5
configure:19785: $? = 0
configure:19804: result: yes
configure:19814: checking for library z
configure:19838: gcc -o conftest -g -O2 -I/usr/local/libjpeg-turbo/1.2.90/include -I/usr/local/netcdf/4.1.1/include -I/usr/local/minc/2.1.0/include -I/usr/local/hdf5/1.8.5/include -L/usr/local/libjpeg-turbo/1.2.90/lib -L/usr/local/netcdf/4.1.1/lib -L/usr/local/minc/2.1.0/lib -L/usr/local/hdf5/1.8.5/lib conftest.c -lz -lnetcdf -lm  >&5
conftest.c: In function 'main':
conftest.c:25: warning: initialization makes integer from pointer without a cast
configure:19845: $? = 0
configure:19864: result: yes
configure:19873: checking for library hdf5
configure:19897: gcc -o conftest -g -O2 -I/usr/local/libjpeg-turbo/1.2.90/include -I/usr/local/netcdf/4.1.1/include -I/usr/local/minc/2.1.0/include -I/usr/local/hdf5/1.8.5/include -L/usr/local/libjpeg-turbo/1.2.90/lib -L/usr/local/netcdf/4.1.1/lib -L/usr/local/minc/2.1.0/lib -L/usr/local/hdf5/1.8.5/lib conftest.c -lhdf5 -lz -lnetcdf -lm  >&5
configure:19904: $? = 0
configure:19923: result: yes
configure:19932: checking for library minc2
configure:19956: gcc -o conftest -g -O2 -I/usr/local/libjpeg-turbo/1.2.90/include -I/usr/local/netcdf/4.1.1/include -I/usr/local/minc/2.1.0/include -I/usr/local/hdf5/1.8.5/include -L/usr/local/libjpeg-turbo/1.2.90/lib -L/usr/local/netcdf/4.1.1/lib -L/usr/local/minc/2.1.0/lib -L/usr/local/hdf5/1.8.5/lib conftest.c -lminc2 -lhdf5 -lz -lnetcdf -lm  >&5
configure:19963: $? = 0
configure:19982: result: yes
configure:20061: checking for library volume_io2
configure:20087: gcc -o conftest -g -O2 -I/usr/local/libjpeg-turbo/1.2.90/include -I/usr/local/netcdf/4.1.1/include -I/usr/local/minc/2.1.0/include -I/usr/local/hdf5/1.8.5/include -L/usr/local/libjpeg-turbo/1.2.90/lib -L/usr/local/netcdf/4.1.1/lib -L/usr/local/minc/2.1.0/lib -L/usr/local/hdf5/1.8.5/lib conftest.c -lvolume_io2 -lminc2 -lhdf5 -lz -lnetcdf -lm  >&5
configure:20094: $? = 0
configure:20113: result: yes
configure:20186: checking for pid_t
configure:20214: gcc -c -g -O2 -I/usr/local/libjpeg-turbo/1.2.90/include -I/usr/local/netcdf/4.1.1/include -I/usr/local/minc/2.1.0/include -I/usr/local/hdf5/1.8.5/include conftest.c >&5
configure:20221: $? = 0
configure:20248: gcc -c -g -O2 -I/usr/local/libjpeg-turbo/1.2.90/include -I/usr/local/netcdf/4.1.1/include -I/usr/local/minc/2.1.0/include -I/usr/local/hdf5/1.8.5/include conftest.c >&5
conftest.c: In function 'main':
conftest.c:58: error: expected expression before ')' token
configure:20255: $? = 1
configure: failed program was:
| /* confdefs.h.  */
| #define PACKAGE_NAME ""
| #define PACKAGE_TARNAME ""
| #define PACKAGE_VERSION ""
| #define PACKAGE_STRING ""
| #define PACKAGE_BUGREPORT ""
| #define PACKAGE "bicpl"
| #define VERSION "1.4.6"
| #define STDC_HEADERS 1
| #define HAVE_SYS_TYPES_H 1
| #define HAVE_SYS_STAT_H 1
| #define HAVE_STDLIB_H 1
| #define HAVE_STRING_H 1
| #define HAVE_MEMORY_H 1
| #define HAVE_STRINGS_H 1
| #define HAVE_INTTYPES_H 1
| #define HAVE_STDINT_H 1
| #define HAVE_UNISTD_H 1
| #define HAVE_DLFCN_H 1
| #define MINC2 1
| /* end confdefs.h.  */
| #include <stdio.h>
| #ifdef HAVE_SYS_TYPES_H
| # include <sys/types.h>
| #endif
| #ifdef HAVE_SYS_STAT_H
| # include <sys/stat.h>
| #endif
| #ifdef STDC_HEADERS
| # include <stdlib.h>
| # include <stddef.h>
| #else
| # ifdef HAVE_STDLIB_H
| #  include <stdlib.h>
| # endif
| #endif
| #ifdef HAVE_STRING_H
| # if !defined STDC_HEADERS && defined HAVE_MEMORY_H
| #  include <memory.h>
| # endif
| # include <string.h>
| #endif
| #ifdef HAVE_STRINGS_H
| # include <strings.h>
| #endif
| #ifdef HAVE_INTTYPES_H
| # include <inttypes.h>
| #endif
| #ifdef HAVE_STDINT_H
| # include <stdint.h>
| #endif
| #ifdef HAVE_UNISTD_H
| # include <unistd.h>
| #endif
| int
| main ()
| {
| if (sizeof ((pid_t)))
| 	  return 0;
|   ;
|   return 0;
| }
configure:20278: result: yes
configure:20306: checking vfork.h usability
configure:20323: gcc -c -g -O2 -I/usr/local/libjpeg-turbo/1.2.90/include -I/usr/local/netcdf/4.1.1/include -I/usr/local/minc/2.1.0/include -I/usr/local/hdf5/1.8.5/include conftest.c >&5
conftest.c:55:19: error: vfork.h: No such file or directory
configure:20330: $? = 1
configure: failed program was:
| /* confdefs.h.  */
| #define PACKAGE_NAME ""
| #define PACKAGE_TARNAME ""
| #define PACKAGE_VERSION ""
| #define PACKAGE_STRING ""
| #define PACKAGE_BUGREPORT ""
| #define PACKAGE "bicpl"
| #define VERSION "1.4.6"
| #define STDC_HEADERS 1
| #define HAVE_SYS_TYPES_H 1
| #define HAVE_SYS_STAT_H 1
| #define HAVE_STDLIB_H 1
| #define HAVE_STRING_H 1
| #define HAVE_MEMORY_H 1
| #define HAVE_STRINGS_H 1
| #define HAVE_INTTYPES_H 1
| #define HAVE_STDINT_H 1
| #define HAVE_UNISTD_H 1
| #define HAVE_DLFCN_H 1
| #define MINC2 1
| /* end confdefs.h.  */
| #include <stdio.h>
| #ifdef HAVE_SYS_TYPES_H
| # include <sys/types.h>
| #endif
| #ifdef HAVE_SYS_STAT_H
| # include <sys/stat.h>
| #endif
| #ifdef STDC_HEADERS
| # include <stdlib.h>
| # include <stddef.h>
| #else
| # ifdef HAVE_STDLIB_H
| #  include <stdlib.h>
| # endif
| #endif
| #ifdef HAVE_STRING_H
| # if !defined STDC_HEADERS && defined HAVE_MEMORY_H
| #  include <memory.h>
| # endif
| # include <string.h>
| #endif
| #ifdef HAVE_STRINGS_H
| # include <strings.h>
| #endif
| #ifdef HAVE_INTTYPES_H
| # include <inttypes.h>
| #endif
| #ifdef HAVE_STDINT_H
| # include <stdint.h>
| #endif
| #ifdef HAVE_UNISTD_H
| # include <unistd.h>
| #endif
| #include <vfork.h>
configure:20344: result: no
configure:20348: checking vfork.h presence
configure:20363: gcc -E -I/usr/local/libjpeg-turbo/1.2.90/include -I/usr/local/netcdf/4.1.1/include -I/usr/local/minc/2.1.0/include -I/usr/local/hdf5/1.8.5/include conftest.c
conftest.c:22:19: error: vfork.h: No such file or directory
configure:20370: $? = 1
configure: failed program was:
| /* confdefs.h.  */
| #define PACKAGE_NAME ""
| #define PACKAGE_TARNAME ""
| #define PACKAGE_VERSION ""
| #define PACKAGE_STRING ""
| #define PACKAGE_BUGREPORT ""
| #define PACKAGE "bicpl"
| #define VERSION "1.4.6"
| #define STDC_HEADERS 1
| #define HAVE_SYS_TYPES_H 1
| #define HAVE_SYS_STAT_H 1
| #define HAVE_STDLIB_H 1
| #define HAVE_STRING_H 1
| #define HAVE_MEMORY_H 1
| #define HAVE_STRINGS_H 1
| #define HAVE_INTTYPES_H 1
| #define HAVE_STDINT_H 1
| #define HAVE_UNISTD_H 1
| #define HAVE_DLFCN_H 1
| #define MINC2 1
| /* end confdefs.h.  */
| #include <vfork.h>
configure:20384: result: no
configure:20412: checking for vfork.h
configure:20421: result: no
configure:20441: checking for fork
configure:20497: gcc -o conftest -g -O2 -I/usr/local/libjpeg-turbo/1.2.90/include -I/usr/local/netcdf/4.1.1/include -I/usr/local/minc/2.1.0/include -I/usr/local/hdf5/1.8.5/include -L/usr/local/libjpeg-turbo/1.2.90/lib -L/usr/local/netcdf/4.1.1/lib -L/usr/local/minc/2.1.0/lib -L/usr/local/hdf5/1.8.5/lib conftest.c -lvolume_io2 -lminc2 -lhdf5 -lz -lnetcdf -lm  >&5
conftest.c:45: warning: conflicting types for built-in function 'fork'
configure:20504: $? = 0
configure:20526: result: yes
configure:20441: checking for vfork
configure:20497: gcc -o conftest -g -O2 -I/usr/local/libjpeg-turbo/1.2.90/include -I/usr/local/netcdf/4.1.1/include -I/usr/local/minc/2.1.0/include -I/usr/local/hdf5/1.8.5/include -L/usr/local/libjpeg-turbo/1.2.90/lib -L/usr/local/netcdf/4.1.1/lib -L/usr/local/minc/2.1.0/lib -L/usr/local/hdf5/1.8.5/lib conftest.c -lvolume_io2 -lminc2 -lhdf5 -lz -lnetcdf -lm  >&5
configure:20504: $? = 0
configure:20526: result: yes
configure:20539: checking for working fork
configure:20571: gcc -o conftest -g -O2 -I/usr/local/libjpeg-turbo/1.2.90/include -I/usr/local/netcdf/4.1.1/include -I/usr/local/minc/2.1.0/include -I/usr/local/hdf5/1.8.5/include -L/usr/local/libjpeg-turbo/1.2.90/lib -L/usr/local/netcdf/4.1.1/lib -L/usr/local/minc/2.1.0/lib -L/usr/local/hdf5/1.8.5/lib conftest.c -lvolume_io2 -lminc2 -lhdf5 -lz -lnetcdf -lm  >&5
configure:20575: $? = 0
configure:20581: ./conftest
configure:20585: $? = 0
configure:20602: result: yes
configure:20623: checking for working vfork
configure:20764: result: yes
configure:20803: checking for srandom
configure:20859: gcc -o conftest -g -O2 -I/usr/local/libjpeg-turbo/1.2.90/include -I/usr/local/netcdf/4.1.1/include -I/usr/local/minc/2.1.0/include -I/usr/local/hdf5/1.8.5/include -L/usr/local/libjpeg-turbo/1.2.90/lib -L/usr/local/netcdf/4.1.1/lib -L/usr/local/minc/2.1.0/lib -L/usr/local/hdf5/1.8.5/lib conftest.c -lvolume_io2 -lminc2 -lhdf5 -lz -lnetcdf -lm  >&5
configure:20866: $? = 0
configure:20888: result: yes
configure:20803: checking for random
configure:20859: gcc -o conftest -g -O2 -I/usr/local/libjpeg-turbo/1.2.90/include -I/usr/local/netcdf/4.1.1/include -I/usr/local/minc/2.1.0/include -I/usr/local/hdf5/1.8.5/include -L/usr/local/libjpeg-turbo/1.2.90/lib -L/usr/local/netcdf/4.1.1/lib -L/usr/local/minc/2.1.0/lib -L/usr/local/hdf5/1.8.5/lib conftest.c -lvolume_io2 -lminc2 -lhdf5 -lz -lnetcdf -lm  >&5
configure:20866: $? = 0
configure:20888: result: yes
configure:20803: checking for cbrt
configure:20859: gcc -o conftest -g -O2 -I/usr/local/libjpeg-turbo/1.2.90/include -I/usr/local/netcdf/4.1.1/include -I/usr/local/minc/2.1.0/include -I/usr/local/hdf5/1.8.5/include -L/usr/local/libjpeg-turbo/1.2.90/lib -L/usr/local/netcdf/4.1.1/lib -L/usr/local/minc/2.1.0/lib -L/usr/local/hdf5/1.8.5/lib conftest.c -lvolume_io2 -lminc2 -lhdf5 -lz -lnetcdf -lm  >&5
conftest.c:51: warning: conflicting types for built-in function 'cbrt'
configure:20866: $? = 0
configure:20888: result: yes
configure:20803: checking for gamma
configure:20859: gcc -o conftest -g -O2 -I/usr/local/libjpeg-turbo/1.2.90/include -I/usr/local/netcdf/4.1.1/include -I/usr/local/minc/2.1.0/include -I/usr/local/hdf5/1.8.5/include -L/usr/local/libjpeg-turbo/1.2.90/lib -L/usr/local/netcdf/4.1.1/lib -L/usr/local/minc/2.1.0/lib -L/usr/local/hdf5/1.8.5/lib conftest.c -lvolume_io2 -lminc2 -lhdf5 -lz -lnetcdf -lm  >&5
conftest.c:52: warning: conflicting types for built-in function 'gamma'
configure:20866: $? = 0
configure:20888: result: yes
configure:20803: checking for gettimeofday
configure:20859: gcc -o conftest -g -O2 -I/usr/local/libjpeg-turbo/1.2.90/include -I/usr/local/netcdf/4.1.1/include -I/usr/local/minc/2.1.0/include -I/usr/local/hdf5/1.8.5/include -L/usr/local/libjpeg-turbo/1.2.90/lib -L/usr/local/netcdf/4.1.1/lib -L/usr/local/minc/2.1.0/lib -L/usr/local/hdf5/1.8.5/lib conftest.c -lvolume_io2 -lminc2 -lhdf5 -lz -lnetcdf -lm  >&5
configure:20866: $? = 0
configure:20888: result: yes
configure:20916: checking sys/time.h usability
configure:20933: gcc -c -g -O2 -I/usr/local/libjpeg-turbo/1.2.90/include -I/usr/local/netcdf/4.1.1/include -I/usr/local/minc/2.1.0/include -I/usr/local/hdf5/1.8.5/include conftest.c >&5
configure:20940: $? = 0
configure:20954: result: yes
configure:20958: checking sys/time.h presence
configure:20973: gcc -E -I/usr/local/libjpeg-turbo/1.2.90/include -I/usr/local/netcdf/4.1.1/include -I/usr/local/minc/2.1.0/include -I/usr/local/hdf5/1.8.5/include conftest.c
configure:20980: $? = 0
configure:20994: result: yes
configure:21022: checking for sys/time.h
configure:21031: result: yes
configure:21076: WARNING: No image library chosen.  Raster output disabled!!
configure:21932: creating ./config.status

## ---------------- ##
## Cache variables. ##
## ---------------- ##

ac_cv_build=x86_64-unknown-linux-gnu
ac_cv_c_compiler_gnu=yes
ac_cv_cxx_compiler_gnu=yes
ac_cv_env_CCC_set=
ac_cv_env_CCC_value=
ac_cv_env_CC_set=
ac_cv_env_CC_value=
ac_cv_env_CFLAGS_set=
ac_cv_env_CFLAGS_value=
ac_cv_env_CPPFLAGS_set=set
ac_cv_env_CPPFLAGS_value=-I/usr/local/libjpeg-turbo/1.2.90/include
ac_cv_env_CPP_set=
ac_cv_env_CPP_value=
ac_cv_env_CXXCPP_set=
ac_cv_env_CXXCPP_value=
ac_cv_env_CXXFLAGS_set=
ac_cv_env_CXXFLAGS_value=
ac_cv_env_CXX_set=
ac_cv_env_CXX_value=
ac_cv_env_F77_set=
ac_cv_env_F77_value=
ac_cv_env_FFLAGS_set=
ac_cv_env_FFLAGS_value=
ac_cv_env_LDFLAGS_set=set
ac_cv_env_LDFLAGS_value=-L/usr/local/libjpeg-turbo/1.2.90/lib
ac_cv_env_LIBS_set=
ac_cv_env_LIBS_value=
ac_cv_env_build_alias_set=
ac_cv_env_build_alias_value=
ac_cv_env_host_alias_set=
ac_cv_env_host_alias_value=
ac_cv_env_target_alias_set=
ac_cv_env_target_alias_value=
ac_cv_f77_compiler_gnu=yes
ac_cv_func_cbrt=yes
ac_cv_func_fork=yes
ac_cv_func_fork_works=yes
ac_cv_func_gamma=yes
ac_cv_func_gettimeofday=yes
ac_cv_func_random=yes
ac_cv_func_srandom=yes
ac_cv_func_vfork=yes
ac_cv_func_vfork_works=yes
ac_cv_header_dlfcn_h=yes
ac_cv_header_inttypes_h=yes
ac_cv_header_memory_h=yes
ac_cv_header_stdc=yes
ac_cv_header_stdint_h=yes
ac_cv_header_stdlib_h=yes
ac_cv_header_string_h=yes
ac_cv_header_strings_h=yes
ac_cv_header_sys_stat_h=yes
ac_cv_header_sys_time_h=yes
ac_cv_header_sys_types_h=yes
ac_cv_header_unistd_h=yes
ac_cv_header_vfork_h=no
ac_cv_host=x86_64-unknown-linux-gnu
ac_cv_objext=o
ac_cv_path_EGREP='/bin/grep -E'
ac_cv_path_GREP=/bin/grep
ac_cv_path_install='/usr/bin/install -c'
ac_cv_prog_AWK=gawk
ac_cv_prog_CPP='gcc -E'
ac_cv_prog_CXXCPP='g++ -E'
ac_cv_prog_ac_ct_AR=ar
ac_cv_prog_ac_ct_CC=gcc
ac_cv_prog_ac_ct_CXX=g++
ac_cv_prog_ac_ct_F77=gfortran
ac_cv_prog_ac_ct_RANLIB=ranlib
ac_cv_prog_ac_ct_STRIP=strip
ac_cv_prog_cc_c89=
ac_cv_prog_cc_g=yes
ac_cv_prog_cxx_g=yes
ac_cv_prog_f77_g=yes
ac_cv_prog_make_make_set=yes
ac_cv_type_pid_t=yes
am_cv_CC_dependencies_compiler_type=gcc3
am_cv_CXX_dependencies_compiler_type=gcc3
lt_cv_deplibs_check_method=pass_all
lt_cv_file_magic_cmd='$MAGIC_CMD'
lt_cv_file_magic_test_file=
lt_cv_ld_reload_flag=-r
lt_cv_objdir=.libs
lt_cv_path_LD=/usr/bin/ld
lt_cv_path_LDCXX='/usr/bin/ld -m elf_x86_64'
lt_cv_path_NM='/usr/bin/nm -B'
lt_cv_path_SED=/bin/sed
lt_cv_prog_compiler_c_o=yes
lt_cv_prog_compiler_c_o_CXX=yes
lt_cv_prog_compiler_c_o_F77=yes
lt_cv_prog_compiler_rtti_exceptions=no
lt_cv_prog_gnu_ld=yes
lt_cv_prog_gnu_ldcxx=yes
lt_cv_sys_global_symbol_pipe='sed -n -e '\''s/^.*[ 	]\([ABCDGIRSTW][ABCDGIRSTW]*\)[ 	][ 	]*\([_A-Za-z][_A-Za-z0-9]*\)$/\1 \2 \2/p'\'''
lt_cv_sys_global_symbol_to_c_name_address='sed -n -e '\''s/^: \([^ ]*\) $/  {\"\1\", (lt_ptr) 0},/p'\'' -e '\''s/^[BCDEGRST] \([^ ]*\) \([^ ]*\)$/  {"\2", (lt_ptr) \&\2},/p'\'''
lt_cv_sys_global_symbol_to_cdecl='sed -n -e '\''s/^. .* \(.*\)$/extern int \1;/p'\'''
lt_cv_sys_max_cmd_len=1966080
lt_lt_cv_prog_compiler_c_o='"yes"'
lt_lt_cv_prog_compiler_c_o_CXX='"yes"'
lt_lt_cv_prog_compiler_c_o_F77='"yes"'
lt_lt_cv_sys_global_symbol_pipe='"sed -n -e '\''s/^.*[ 	]\\([ABCDGIRSTW][ABCDGIRSTW]*\\)[ 	][ 	]*\\([_A-Za-z][_A-Za-z0-9]*\\)\$/\\1 \\2 \\2/p'\''"'
lt_lt_cv_sys_global_symbol_to_c_name_address='"sed -n -e '\''s/^: \\([^ ]*\\) \$/  {\\\"\\1\\\", (lt_ptr) 0},/p'\'' -e '\''s/^[BCDEGRST] \\([^ ]*\\) \\([^ ]*\\)\$/  {\"\\2\", (lt_ptr) \\&\\2},/p'\''"'
lt_lt_cv_sys_global_symbol_to_cdecl='"sed -n -e '\''s/^. .* \\(.*\\)\$/extern int \\1;/p'\''"'

## ----------------- ##
## Output variables. ##
## ----------------- ##

ACLOCAL='${SHELL} /usr/local/src/BICPL/1.4.6/missing --run aclocal-1.9'
AMDEPBACKSLASH='\'
AMDEP_FALSE='#'
AMDEP_TRUE=''
AMTAR='${SHELL} /usr/local/src/BICPL/1.4.6/missing --run tar'
AR='ar'
AUTOCONF='${SHELL} /usr/local/src/BICPL/1.4.6/missing --run autoconf'
AUTOHEADER='${SHELL} /usr/local/src/BICPL/1.4.6/missing --run autoheader'
AUTOMAKE='${SHELL} /usr/local/src/BICPL/1.4.6/missing --run automake-1.9'
AWK='gawk'
CC='gcc'
CCDEPMODE='depmode=gcc3'
CFLAGS='-g -O2'
CPP='gcc -E'
CPPFLAGS='-I/usr/local/libjpeg-turbo/1.2.90/include -I/usr/local/netcdf/4.1.1/include -I/usr/local/minc/2.1.0/include -I/usr/local/hdf5/1.8.5/include'
CXX='g++'
CXXCPP='g++ -E'
CXXDEPMODE='depmode=gcc3'
CXXFLAGS='-g -O2'
CYGPATH_W='echo'
DEFS='-DHAVE_CONFIG_H'
DEPDIR='.deps'
ECHO='echo'
ECHO_C=''
ECHO_N='-n'
ECHO_T=''
EGREP='/bin/grep -E'
EXEEXT=''
F77='gfortran'
FFLAGS='-g -O2'
GREP='/bin/grep'
INSTALL_DATA='${INSTALL} -m 644'
INSTALL_PROGRAM='${INSTALL}'
INSTALL_SCRIPT='${INSTALL}'
INSTALL_STRIP_PROGRAM='${SHELL} $(install_sh) -c -s'
LDFLAGS='-L/usr/local/libjpeg-turbo/1.2.90/lib -L/usr/local/netcdf/4.1.1/lib -L/usr/local/minc/2.1.0/lib -L/usr/local/hdf5/1.8.5/lib'
LIBOBJS=''
LIBS='-lvolume_io2 -lminc2 -lhdf5 -lz -lnetcdf -lm '
LIBTOOL='$(SHELL) $(top_builddir)/libtool'
LN_S='ln -s'
LTLIBOBJS=''
MAKEINFO='${SHELL} /usr/local/src/BICPL/1.4.6/missing --run makeinfo'
OBJEXT='o'
PACKAGE='bicpl'
PACKAGE_BUGREPORT=''
PACKAGE_NAME=''
PACKAGE_STRING=''
PACKAGE_TARNAME=''
PACKAGE_VERSION=''
PATH_SEPARATOR=':'
RANLIB='ranlib'
SED='/bin/sed'
SET_MAKE=''
SHELL='/bin/sh'
STRIP='strip'
VERSION='1.4.6'
ac_ct_CC='gcc'
ac_ct_CXX='g++'
ac_ct_F77='gfortran'
am__fastdepCC_FALSE='#'
am__fastdepCC_TRUE=''
am__fastdepCXX_FALSE='#'
am__fastdepCXX_TRUE=''
am__include='include'
am__leading_dot='.'
am__quote=''
am__tar='${AMTAR} chof - "$$tardir"'
am__untar='${AMTAR} xf -'
bindir='${exec_prefix}/bin'
build='x86_64-unknown-linux-gnu'
build_alias=''
build_cpu='x86_64'
build_os='linux-gnu'
build_vendor='unknown'
datadir='${datarootdir}'
datarootdir='${prefix}/share'
docdir='${datarootdir}/doc/${PACKAGE}'
dvidir='${docdir}'
exec_prefix='${prefix}'
host='x86_64-unknown-linux-gnu'
host_alias=''
host_cpu='x86_64'
host_os='linux-gnu'
host_vendor='unknown'
htmldir='${docdir}'
includedir='${prefix}/include'
infodir='${datarootdir}/info'
install_sh='/usr/local/src/BICPL/1.4.6/install-sh'
libdir='${exec_prefix}/lib'
libexecdir='${exec_prefix}/libexec'
localedir='${datarootdir}/locale'
localstatedir='${prefix}/var'
mandir='${datarootdir}/man'
mkdir_p='mkdir -p --'
oldincludedir='/usr/include'
pdfdir='${docdir}'
prefix='/usr/local/src/BICPL/1.4.6/bicpl_build/bicpl/1.4.6'
program_transform_name='s,x,x,'
psdir='${docdir}'
sbindir='${exec_prefix}/sbin'
sharedstatedir='${prefix}/com'
sysconfdir='${prefix}/etc'
target_alias=''

## ----------- ##
## confdefs.h. ##
## ----------- ##

#define PACKAGE_NAME ""
#define PACKAGE_TARNAME ""
#define PACKAGE_VERSION ""
#define PACKAGE_STRING ""
#define PACKAGE_BUGREPORT ""
#define PACKAGE "bicpl"
#define VERSION "1.4.6"
#define STDC_HEADERS 1
#define HAVE_SYS_TYPES_H 1
#define HAVE_SYS_STAT_H 1
#define HAVE_STDLIB_H 1
#define HAVE_STRING_H 1
#define HAVE_MEMORY_H 1
#define HAVE_STRINGS_H 1
#define HAVE_INTTYPES_H 1
#define HAVE_STDINT_H 1
#define HAVE_UNISTD_H 1
#define HAVE_DLFCN_H 1
#define MINC2 1
#define HAVE_FORK 1
#define HAVE_VFORK 1
#define HAVE_WORKING_VFORK 1
#define HAVE_WORKING_FORK 1
#define HAVE_SRANDOM 1
#define HAVE_RANDOM 1
#define HAVE_CBRT 1
#define HAVE_GAMMA 1
#define HAVE_GETTIMEOFDAY 1
#define HAVE_SYS_TIME_H 1
#define imageio_GLUE_CODE "rgb_io_none.c"

configure: exit 0

## ---------------------- ##
## Running config.status. ##
## ---------------------- ##

This file was extended by config.status, which was
generated by GNU Autoconf 2.63.  Invocation command line was

  CONFIG_FILES    = 
  CONFIG_HEADERS  = 
  CONFIG_LINKS    = 
  CONFIG_COMMANDS = 
  $ ./config.status 

on harald-build

config.status:821: creating Makefile
config.status:821: creating Data_structures/Makefile
config.status:821: creating Documentation/Makefile
config.status:821: creating Documentation/doxygen.config
config.status:821: creating Geometry/Makefile
config.status:821: creating Images/Makefile
config.status:821: creating Include/Makefile
config.status:821: creating Include/bicpl/Makefile
config.status:821: creating Marching_cubes/Makefile
config.status:821: creating Numerical/Makefile
config.status:821: creating Objects/Makefile
config.status:821: creating Prog_utils/Makefile
config.status:821: creating Testing/Makefile
config.status:821: creating Transforms/Makefile
config.status:821: creating Volumes/Makefile
config.status:821: creating tools/Makefile
config.status:821: creating Deform/Makefile
config.status:821: creating bicpl_clapack/Makefile
config.status:821: creating epm-header
config.status:821: creating config.h
config.status:1037: config.h is unchanged
config.status:1088: executing depfiles commands

## ---------------------- ##
## Running config.status. ##
## ---------------------- ##

This file was extended by config.status, which was
generated by GNU Autoconf 2.63.  Invocation command line was

  CONFIG_FILES    = 
  CONFIG_HEADERS  = 
  CONFIG_LINKS    = 
  CONFIG_COMMANDS = 
  $ ./config.status config.h

on harald-build

config.status:821: creating config.h
config.status:1037: config.h is unchanged
