This file contains any messages produced by compilers while
running configure, to aid debugging if configure makes a mistake.

It was created by configure, which was
generated by GNU Autoconf 2.67.  Invocation command line was

  $ ./configure --with-build-path=/usr/local/netcdf/4.1.1:/usr/local/hdf5/1.8.5:/usr/local/minc/2.1.0:/usr/local/bicpl/1.4.6 --with-minc2

## --------- ##
## Platform. ##
## --------- ##

hostname = harald-build
uname -m = x86_64
uname -r = 2.6.32-358.14.1.el6.x86_64
uname -s = Linux
uname -v = #1 SMP Tue Jul 16 23:51:20 UTC 2013

/usr/bin/uname -p = unknown
/bin/uname -X     = unknown

/bin/arch              = x86_64
/usr/bin/arch -k       = unknown
/usr/convex/getsysinfo = unknown
/usr/bin/hostinfo      = unknown
/bin/machine           = unknown
/usr/bin/oslevel       = unknown
/bin/universe          = unknown

PATH: /usr/local/libjpeg-turbo/1.3.0/bin
PATH: /usr/local/graphicsmagick/1.3.18/bin
PATH: /usr/local/nifticlib/2.0.0/bin
PATH: /usr/local/netcdf/4.1.1/bin
PATH: /usr/local/minc/2.1.0/bin
PATH: /usr/local/hdf5/1.8.5/bin
PATH: /usr/local/bicpl/1.4.6/bin
PATH: /usr/local/sbin
PATH: /usr/local/bin
PATH: /sbin
PATH: /bin
PATH: /usr/sbin
PATH: /usr/bin
PATH: /usr/local/maven/3.0.5/bin
PATH: /root/bin


## ----------- ##
## Core tests. ##
## ----------- ##

configure:2569: checking for a BSD-compatible install
configure:2637: result: /usr/bin/install -c
configure:2648: checking whether build environment is sane
configure:2698: result: yes
configure:2839: checking for a thread-safe mkdir -p
configure:2878: result: /bin/mkdir -p
configure:2891: checking for gawk
configure:2907: found /bin/gawk
configure:2918: result: gawk
configure:2929: checking whether make sets $(MAKE)
configure:2951: result: yes
configure:3108: checking for gcc
configure:3124: found /usr/bin/gcc
configure:3135: result: gcc
configure:3364: checking for C compiler version
configure:3373: gcc --version >&5
gcc (GCC) 4.4.7 20120313 (Red Hat 4.4.7-3)
Copyright (C) 2010 Free Software Foundation, Inc.
This is free software; see the source for copying conditions.  There is NO
warranty; not even for MERCHANTABILITY or FITNESS FOR A PARTICULAR PURPOSE.

configure:3384: $? = 0
configure:3373: gcc -v >&5
Using built-in specs.
Target: x86_64-redhat-linux
Configured with: ../configure --prefix=/usr --mandir=/usr/share/man --infodir=/usr/share/info --with-bugurl=http://bugzilla.redhat.com/bugzilla --enable-bootstrap --enable-shared --enable-threads=posix --enable-checking=release --with-system-zlib --enable-__cxa_atexit --disable-libunwind-exceptions --enable-gnu-unique-object --enable-languages=c,c++,objc,obj-c++,java,fortran,ada --enable-java-awt=gtk --disable-dssi --with-java-home=/usr/lib/jvm/java-1.5.0-gcj-1.5.0.0/jre --enable-libgcj-multifile --enable-java-maintainer-mode --with-ecj-jar=/usr/share/java/eclipse-ecj.jar --disable-libjava-multilib --with-ppl --with-cloog --with-tune=generic --with-arch_32=i686 --build=x86_64-redhat-linux
Thread model: posix
gcc version 4.4.7 20120313 (Red Hat 4.4.7-3) (GCC) 
configure:3384: $? = 0
configure:3373: gcc -V >&5
gcc: '-V' option must have argument
configure:3384: $? = 1
configure:3373: gcc -qversion >&5
gcc: unrecognized option '-qversion'
gcc: no input files
configure:3384: $? = 1
configure:3404: checking whether the C compiler works
configure:3426: gcc    conftest.c  >&5
configure:3430: $? = 0
configure:3478: result: yes
configure:3481: checking for C compiler default output file name
configure:3483: result: a.out
configure:3489: checking for suffix of executables
configure:3496: gcc -o conftest    conftest.c  >&5
configure:3500: $? = 0
configure:3522: result: 
configure:3544: checking whether we are cross compiling
configure:3552: gcc -o conftest    conftest.c  >&5
configure:3556: $? = 0
configure:3563: ./conftest
configure:3567: $? = 0
configure:3582: result: no
configure:3587: checking for suffix of object files
configure:3609: gcc -c   conftest.c >&5
configure:3613: $? = 0
configure:3634: result: o
configure:3638: checking whether we are using the GNU C compiler
configure:3657: gcc -c   conftest.c >&5
configure:3657: $? = 0
configure:3666: result: yes
configure:3675: checking whether gcc accepts -g
configure:3695: gcc -c -g  conftest.c >&5
configure:3695: $? = 0
configure:3736: result: yes
configure:3753: checking for gcc option to accept ISO C89
configure:3817: gcc  -c -g -O2  conftest.c >&5
configure:3817: $? = 0
configure:3830: result: none needed
configure:3861: checking for style of include used by make
configure:3889: result: GNU
configure:3914: checking dependency style of gcc
configure:4024: result: gcc3
configure:4039: checking whether ln -s works
configure:4043: result: yes
configure:4050: checking whether make sets $(MAKE)
configure:4072: result: yes
configure:4111: checking build system type
configure:4125: result: x86_64-unknown-linux-gnu
configure:4145: checking host system type
configure:4158: result: x86_64-unknown-linux-gnu
configure:4178: checking for a sed that does not truncate output
configure:4242: result: /bin/sed
configure:4260: checking for grep that handles long lines and -e
configure:4318: result: /bin/grep
configure:4323: checking for egrep
configure:4385: result: /bin/grep -E
configure:4390: checking for fgrep
configure:4452: result: /bin/grep -F
configure:4487: checking for ld used by gcc
configure:4554: result: /usr/bin/ld
configure:4561: checking if the linker (/usr/bin/ld) is GNU ld
configure:4576: result: yes
configure:4588: checking for BSD- or MS-compatible name lister (nm)
configure:4637: result: /usr/bin/nm -B
configure:4755: checking the name lister (/usr/bin/nm -B) interface
configure:4762: gcc -c -g -O2  conftest.c >&5
configure:4765: /usr/bin/nm -B "conftest.o"
configure:4768: output
0000000000000000 B some_variable
configure:4775: result: BSD nm
configure:4779: checking the maximum length of command line arguments
configure:4899: result: 1966080
configure:4916: checking whether the shell understands some XSI constructs
configure:4926: result: yes
configure:4930: checking whether the shell understands "+="
configure:4936: result: yes
configure:4971: checking for /usr/bin/ld option to reload object files
configure:4978: result: -r
configure:5047: checking for objdump
configure:5063: found /usr/bin/objdump
configure:5074: result: objdump
configure:5106: checking how to recognize dependent libraries
configure:5302: result: pass_all
configure:5362: checking for ar
configure:5378: found /usr/bin/ar
configure:5389: result: ar
configure:5467: checking for strip
configure:5483: found /usr/bin/strip
configure:5494: result: strip
configure:5566: checking for ranlib
configure:5582: found /usr/bin/ranlib
configure:5593: result: ranlib
configure:5683: checking command to parse /usr/bin/nm -B output from gcc object
configure:5801: gcc -c -g -O2  conftest.c >&5
configure:5804: $? = 0
configure:5808: /usr/bin/nm -B conftest.o \| sed -n -e 's/^.*[	 ]\([ABCDGIRSTW][ABCDGIRSTW]*\)[	 ][	 ]*\([_A-Za-z][_A-Za-z0-9]*\)$/\1 \2 \2/p' \> conftest.nm
configure:5811: $? = 0
configure:5865: gcc -o conftest -g -O2   conftest.c conftstm.o >&5
configure:5868: $? = 0
configure:5906: result: ok
configure:6002: gcc -c -g -O2  conftest.c >&5
configure:6005: $? = 0
configure:6715: checking how to run the C preprocessor
configure:6746: gcc -E  conftest.c
configure:6746: $? = 0
configure:6760: gcc -E  conftest.c
conftest.c:11:28: error: ac_nonexistent.h: No such file or directory
configure:6760: $? = 1
configure: failed program was:
| /* confdefs.h */
| #define PACKAGE_NAME ""
| #define PACKAGE_TARNAME ""
| #define PACKAGE_VERSION ""
| #define PACKAGE_STRING ""
| #define PACKAGE_BUGREPORT ""
| #define PACKAGE_URL ""
| #define PACKAGE "Display"
| #define VERSION "1.5.1"
| /* end confdefs.h.  */
| #include <ac_nonexistent.h>
configure:6785: result: gcc -E
configure:6805: gcc -E  conftest.c
configure:6805: $? = 0
configure:6819: gcc -E  conftest.c
conftest.c:11:28: error: ac_nonexistent.h: No such file or directory
configure:6819: $? = 1
configure: failed program was:
| /* confdefs.h */
| #define PACKAGE_NAME ""
| #define PACKAGE_TARNAME ""
| #define PACKAGE_VERSION ""
| #define PACKAGE_STRING ""
| #define PACKAGE_BUGREPORT ""
| #define PACKAGE_URL ""
| #define PACKAGE "Display"
| #define VERSION "1.5.1"
| /* end confdefs.h.  */
| #include <ac_nonexistent.h>
configure:6848: checking for ANSI C header files
configure:6868: gcc -c -g -O2  conftest.c >&5
configure:6868: $? = 0
configure:6941: gcc -o conftest -g -O2   conftest.c  >&5
configure:6941: $? = 0
configure:6941: ./conftest
configure:6941: $? = 0
configure:6952: result: yes
configure:6965: checking for sys/types.h
configure:6965: gcc -c -g -O2  conftest.c >&5
configure:6965: $? = 0
configure:6965: result: yes
configure:6965: checking for sys/stat.h
configure:6965: gcc -c -g -O2  conftest.c >&5
configure:6965: $? = 0
configure:6965: result: yes
configure:6965: checking for stdlib.h
configure:6965: gcc -c -g -O2  conftest.c >&5
configure:6965: $? = 0
configure:6965: result: yes
configure:6965: checking for string.h
configure:6965: gcc -c -g -O2  conftest.c >&5
configure:6965: $? = 0
configure:6965: result: yes
configure:6965: checking for memory.h
configure:6965: gcc -c -g -O2  conftest.c >&5
configure:6965: $? = 0
configure:6965: result: yes
configure:6965: checking for strings.h
configure:6965: gcc -c -g -O2  conftest.c >&5
configure:6965: $? = 0
configure:6965: result: yes
configure:6965: checking for inttypes.h
configure:6965: gcc -c -g -O2  conftest.c >&5
configure:6965: $? = 0
configure:6965: result: yes
configure:6965: checking for stdint.h
configure:6965: gcc -c -g -O2  conftest.c >&5
configure:6965: $? = 0
configure:6965: result: yes
configure:6965: checking for unistd.h
configure:6965: gcc -c -g -O2  conftest.c >&5
configure:6965: $? = 0
configure:6965: result: yes
configure:6979: checking for dlfcn.h
configure:6979: gcc -c -g -O2  conftest.c >&5
configure:6979: $? = 0
configure:6979: result: yes
configure:7163: checking for objdir
configure:7178: result: .libs
configure:7474: checking if gcc supports -fno-rtti -fno-exceptions
configure:7492: gcc -c -g -O2  -fno-rtti -fno-exceptions conftest.c >&5
cc1: warning: command line option "-fno-rtti" is valid for C++/ObjC++ but not for C
configure:7496: $? = 0
configure:7509: result: no
configure:7529: checking for gcc option to produce PIC
configure:7801: result: -fPIC -DPIC
configure:7813: checking if gcc PIC flag -fPIC -DPIC works
configure:7831: gcc -c -g -O2  -fPIC -DPIC -DPIC conftest.c >&5
configure:7835: $? = 0
configure:7848: result: yes
configure:7872: checking if gcc static flag -static works
configure:7900: result: no
configure:7915: checking if gcc supports -c -o file.o
configure:7936: gcc -c -g -O2  -o out/conftest2.o conftest.c >&5
configure:7940: $? = 0
configure:7962: result: yes
configure:7970: checking if gcc supports -c -o file.o
configure:8017: result: yes
configure:8050: checking whether the gcc linker (/usr/bin/ld -m elf_x86_64) supports shared libraries
configure:9041: result: yes
configure:9078: checking whether -lc should be explicitly linked in
configure:9083: gcc -c -g -O2  conftest.c >&5
configure:9086: $? = 0
configure:9101: gcc -shared conftest.o  -v -Wl,-soname -Wl,conftest -o conftest 2\>\&1 \| /bin/grep  -lc  \>/dev/null 2\>\&1
configure:9104: $? = 0
configure:9116: result: no
configure:9280: checking dynamic linker characteristics
configure:9713: gcc -o conftest -g -O2   -Wl,-rpath -Wl,/foo conftest.c  >&5
configure:9713: $? = 0
configure:9943: result: GNU/Linux ld.so
configure:10045: checking how to hardcode library paths into programs
configure:10070: result: immediate
configure:10590: checking whether stripping libraries is possible
configure:10595: result: yes
configure:10630: checking if libtool supports shared libraries
configure:10632: result: yes
configure:10635: checking whether to build shared libraries
configure:10656: result: yes
configure:10659: checking whether to build static libraries
configure:10663: result: yes
configure:10699: checking for X
configure:10807: gcc -E  conftest.c
configure:10807: $? = 0
configure:10838: gcc -o conftest -g -O2   conftest.c -lX11  >&5
configure:10838: $? = 0
configure:10888: result: libraries , headers 
configure:10987: gcc -o conftest -g -O2   conftest.c   -lX11 >&5
configure:10987: $? = 0
configure:11085: checking for gethostbyname
configure:11085: gcc -o conftest -g -O2   conftest.c  >&5
configure:11085: $? = 0
configure:11085: result: yes
configure:11182: checking for connect
configure:11182: gcc -o conftest -g -O2   conftest.c  >&5
configure:11182: $? = 0
configure:11182: result: yes
configure:11231: checking for remove
configure:11231: gcc -o conftest -g -O2   conftest.c  >&5
configure:11231: $? = 0
configure:11231: result: yes
configure:11280: checking for shmat
configure:11280: gcc -o conftest -g -O2   conftest.c  >&5
configure:11280: $? = 0
configure:11280: result: yes
configure:11338: checking for IceConnectionNumber in -lICE
configure:11363: gcc -o conftest -g -O2   conftest.c -lICE   >&5
configure:11363: $? = 0
configure:11372: result: yes
configure:11410: checking math.h usability
configure:11410: gcc -c -g -O2  -I/usr/local/netcdf/4.1.1/include -I/usr/local/hdf5/1.8.5/include -I/usr/local/minc/2.1.0/include -I/usr/local/bicpl/1.4.6/include conftest.c >&5
configure:11410: $? = 0
configure:11410: result: yes
configure:11410: checking math.h presence
configure:11410: gcc -E  -I/usr/local/netcdf/4.1.1/include -I/usr/local/hdf5/1.8.5/include -I/usr/local/minc/2.1.0/include -I/usr/local/bicpl/1.4.6/include conftest.c
configure:11410: $? = 0
configure:11410: result: yes
configure:11410: checking for math.h
configure:11410: result: yes
configure:11420: checking for sqrt in -lm
configure:11445: gcc -o conftest -g -O2  -I/usr/local/netcdf/4.1.1/include -I/usr/local/hdf5/1.8.5/include -I/usr/local/minc/2.1.0/include -I/usr/local/bicpl/1.4.6/include  -L/usr/local/netcdf/4.1.1/lib -L/usr/local/hdf5/1.8.5/lib -L/usr/local/minc/2.1.0/lib -L/usr/local/bicpl/1.4.6/lib conftest.c -lm   >&5
conftest.c:30: warning: conflicting types for built-in function 'sqrt'
configure:11445: $? = 0
configure:11454: result: yes
configure:11483: checking for library m
configure:11497: gcc -o conftest -g -O2  -I/usr/local/netcdf/4.1.1/include -I/usr/local/hdf5/1.8.5/include -I/usr/local/minc/2.1.0/include -I/usr/local/bicpl/1.4.6/include  -L/usr/local/netcdf/4.1.1/lib -L/usr/local/hdf5/1.8.5/lib -L/usr/local/minc/2.1.0/lib -L/usr/local/bicpl/1.4.6/lib conftest.c -lm -lm  >&5
configure:11497: $? = 0
configure:11504: result: yes
configure:11511: checking for library netcdf
configure:11525: gcc -o conftest -g -O2  -I/usr/local/netcdf/4.1.1/include -I/usr/local/hdf5/1.8.5/include -I/usr/local/minc/2.1.0/include -I/usr/local/bicpl/1.4.6/include  -L/usr/local/netcdf/4.1.1/lib -L/usr/local/hdf5/1.8.5/lib -L/usr/local/minc/2.1.0/lib -L/usr/local/bicpl/1.4.6/lib conftest.c -lnetcdf -lm -lm  >&5
configure:11525: $? = 0
configure:11532: result: yes
configure:11540: checking for library z
configure:11554: gcc -o conftest -g -O2  -I/usr/local/netcdf/4.1.1/include -I/usr/local/hdf5/1.8.5/include -I/usr/local/minc/2.1.0/include -I/usr/local/bicpl/1.4.6/include  -L/usr/local/netcdf/4.1.1/lib -L/usr/local/hdf5/1.8.5/lib -L/usr/local/minc/2.1.0/lib -L/usr/local/bicpl/1.4.6/lib conftest.c -lz -lnetcdf -lm -lm  >&5
conftest.c: In function 'main':
conftest.c:28: warning: initialization makes integer from pointer without a cast
configure:11554: $? = 0
configure:11561: result: yes
configure:11568: checking for library hdf5
configure:11582: gcc -o conftest -g -O2  -I/usr/local/netcdf/4.1.1/include -I/usr/local/hdf5/1.8.5/include -I/usr/local/minc/2.1.0/include -I/usr/local/bicpl/1.4.6/include  -L/usr/local/netcdf/4.1.1/lib -L/usr/local/hdf5/1.8.5/lib -L/usr/local/minc/2.1.0/lib -L/usr/local/bicpl/1.4.6/lib conftest.c -lhdf5 -lz -lnetcdf -lm -lm  >&5
configure:11582: $? = 0
configure:11589: result: yes
configure:11596: checking for library minc2
configure:11610: gcc -o conftest -g -O2  -I/usr/local/netcdf/4.1.1/include -I/usr/local/hdf5/1.8.5/include -I/usr/local/minc/2.1.0/include -I/usr/local/bicpl/1.4.6/include  -L/usr/local/netcdf/4.1.1/lib -L/usr/local/hdf5/1.8.5/lib -L/usr/local/minc/2.1.0/lib -L/usr/local/bicpl/1.4.6/lib conftest.c -lminc2 -lhdf5 -lz -lnetcdf -lm -lm  >&5
configure:11610: $? = 0
configure:11617: result: yes
configure:11661: checking for library volume_io2
configure:11677: gcc -o conftest -g -O2  -I/usr/local/netcdf/4.1.1/include -I/usr/local/hdf5/1.8.5/include -I/usr/local/minc/2.1.0/include -I/usr/local/bicpl/1.4.6/include  -L/usr/local/netcdf/4.1.1/lib -L/usr/local/hdf5/1.8.5/lib -L/usr/local/minc/2.1.0/lib -L/usr/local/bicpl/1.4.6/lib conftest.c -lvolume_io2 -lminc2 -lhdf5 -lz -lnetcdf -lm -lm  >&5
configure:11677: $? = 0
configure:11684: result: yes
configure:11726: checking for library bicpl
configure:11743: gcc -o conftest -g -O2  -I/usr/local/netcdf/4.1.1/include -I/usr/local/hdf5/1.8.5/include -I/usr/local/minc/2.1.0/include -I/usr/local/bicpl/1.4.6/include  -L/usr/local/netcdf/4.1.1/lib -L/usr/local/hdf5/1.8.5/lib -L/usr/local/minc/2.1.0/lib -L/usr/local/bicpl/1.4.6/lib conftest.c -lbicpl -lvolume_io2 -lminc2 -lhdf5 -lz -lnetcdf -lm -lm  >&5
configure:11743: $? = 0
configure:11750: result: yes
configure:11959: checking for the pthreads library -lpthreads
configure:11992: gcc -o conftest -g -O2   -I/usr/local/netcdf/4.1.1/include -I/usr/local/hdf5/1.8.5/include -I/usr/local/minc/2.1.0/include -I/usr/local/bicpl/1.4.6/include  -L/usr/local/netcdf/4.1.1/lib -L/usr/local/hdf5/1.8.5/lib -L/usr/local/minc/2.1.0/lib -L/usr/local/bicpl/1.4.6/lib conftest.c -lpthreads -lbicpl -lvolume_io2 -lminc2 -lhdf5 -lz -lnetcdf -lm -lm  >&5
/usr/bin/ld: cannot find -lpthreads
collect2: ld returned 1 exit status
configure:11992: $? = 1
configure: failed program was:
| /* confdefs.h */
| #define PACKAGE_NAME ""
| #define PACKAGE_TARNAME ""
| #define PACKAGE_VERSION ""
| #define PACKAGE_STRING ""
| #define PACKAGE_BUGREPORT ""
| #define PACKAGE_URL ""
| #define PACKAGE "Display"
| #define VERSION "1.5.1"
| #define STDC_HEADERS 1
| #define HAVE_SYS_TYPES_H 1
| #define HAVE_SYS_STAT_H 1
| #define HAVE_STDLIB_H 1
| #define HAVE_STRING_H 1
| #define HAVE_MEMORY_H 1
| #define HAVE_STRINGS_H 1
| #define HAVE_INTTYPES_H 1
| #define HAVE_STDINT_H 1
| #define HAVE_UNISTD_H 1
| #define HAVE_DLFCN_H 1
| #define LT_OBJDIR ".libs/"
| #define HAVE_LIBM 1
| #define MINC2 1
| /* end confdefs.h.  */
| #include <pthread.h>
| int
| main ()
| {
| pthread_t th; pthread_join(th, 0);
|                      pthread_attr_init(0); pthread_cleanup_push(0, 0);
|                      pthread_create(0,0,0,0); pthread_cleanup_pop(0);
|   ;
|   return 0;
| }
configure:12001: result: no
configure:11904: checking whether pthreads work without any flags
configure:11992: gcc -o conftest -g -O2   -I/usr/local/netcdf/4.1.1/include -I/usr/local/hdf5/1.8.5/include -I/usr/local/minc/2.1.0/include -I/usr/local/bicpl/1.4.6/include  -L/usr/local/netcdf/4.1.1/lib -L/usr/local/hdf5/1.8.5/lib -L/usr/local/minc/2.1.0/lib -L/usr/local/bicpl/1.4.6/lib conftest.c  -lbicpl -lvolume_io2 -lminc2 -lhdf5 -lz -lnetcdf -lm -lm  >&5
configure:11992: $? = 0
configure:12001: result: yes
configure:12020: checking for joinable pthread attribute
configure:12035: gcc -o conftest -g -O2   -I/usr/local/netcdf/4.1.1/include -I/usr/local/hdf5/1.8.5/include -I/usr/local/minc/2.1.0/include -I/usr/local/bicpl/1.4.6/include  -L/usr/local/netcdf/4.1.1/lib -L/usr/local/hdf5/1.8.5/lib -L/usr/local/minc/2.1.0/lib -L/usr/local/bicpl/1.4.6/lib conftest.c  -lbicpl -lvolume_io2 -lminc2 -lhdf5 -lz -lnetcdf -lm -lm  >&5
configure:12035: $? = 0
configure:12041: result: PTHREAD_CREATE_JOINABLE
configure:12051: checking if more special flags are required for pthreads
configure:12058: result: no
configure:12070: checking for cc_r
configure:12098: result: gcc
configure:12156: checking whether we are using the Microsoft C compiler
configure:12175: gcc -c -g -O2  -I/usr/local/netcdf/4.1.1/include -I/usr/local/hdf5/1.8.5/include -I/usr/local/minc/2.1.0/include -I/usr/local/bicpl/1.4.6/include conftest.c >&5
conftest.c: In function 'main':
conftest.c:31: error: 'choke' undeclared (first use in this function)
conftest.c:31: error: (Each undeclared identifier is reported only once
conftest.c:31: error: for each function it appears in.)
conftest.c:31: error: expected ';' before 'me'
configure:12175: $? = 1
configure: failed program was:
| /* confdefs.h */
| #define PACKAGE_NAME ""
| #define PACKAGE_TARNAME ""
| #define PACKAGE_VERSION ""
| #define PACKAGE_STRING ""
| #define PACKAGE_BUGREPORT ""
| #define PACKAGE_URL ""
| #define PACKAGE "Display"
| #define VERSION "1.5.1"
| #define STDC_HEADERS 1
| #define HAVE_SYS_TYPES_H 1
| #define HAVE_SYS_STAT_H 1
| #define HAVE_STDLIB_H 1
| #define HAVE_STRING_H 1
| #define HAVE_MEMORY_H 1
| #define HAVE_STRINGS_H 1
| #define HAVE_INTTYPES_H 1
| #define HAVE_STDINT_H 1
| #define HAVE_UNISTD_H 1
| #define HAVE_DLFCN_H 1
| #define LT_OBJDIR ".libs/"
| #define HAVE_LIBM 1
| #define MINC2 1
| #define HAVE_PTHREAD 1
| /* end confdefs.h.  */
| 
| int
| main ()
| {
| #ifndef _MSC_VER
|        choke me
| #endif
| 
|   ;
|   return 0;
| }
configure:12184: result: no
configure:12206: checking windows.h usability
configure:12206: gcc -c -g -O2  -I/usr/local/netcdf/4.1.1/include -I/usr/local/hdf5/1.8.5/include -I/usr/local/minc/2.1.0/include -I/usr/local/bicpl/1.4.6/include conftest.c >&5
conftest.c:59:21: error: windows.h: No such file or directory
configure:12206: $? = 1
configure: failed program was:
| /* confdefs.h */
| #define PACKAGE_NAME ""
| #define PACKAGE_TARNAME ""
| #define PACKAGE_VERSION ""
| #define PACKAGE_STRING ""
| #define PACKAGE_BUGREPORT ""
| #define PACKAGE_URL ""
| #define PACKAGE "Display"
| #define VERSION "1.5.1"
| #define STDC_HEADERS 1
| #define HAVE_SYS_TYPES_H 1
| #define HAVE_SYS_STAT_H 1
| #define HAVE_STDLIB_H 1
| #define HAVE_STRING_H 1
| #define HAVE_MEMORY_H 1
| #define HAVE_STRINGS_H 1
| #define HAVE_INTTYPES_H 1
| #define HAVE_STDINT_H 1
| #define HAVE_UNISTD_H 1
| #define HAVE_DLFCN_H 1
| #define LT_OBJDIR ".libs/"
| #define HAVE_LIBM 1
| #define MINC2 1
| #define HAVE_PTHREAD 1
| /* end confdefs.h.  */
| #include <stdio.h>
| #ifdef HAVE_SYS_TYPES_H
| # include <sys/types.h>
| #endif
| #ifdef HAVE_SYS_STAT_H
| # include <sys/stat.h>
| #endif
| #ifdef STDC_HEADERS
| # include <stdlib.h>
| # include <stddef.h>
| #else
| # ifdef HAVE_STDLIB_H
| #  include <stdlib.h>
| # endif
| #endif
| #ifdef HAVE_STRING_H
| # if !defined STDC_HEADERS && defined HAVE_MEMORY_H
| #  include <memory.h>
| # endif
| # include <string.h>
| #endif
| #ifdef HAVE_STRINGS_H
| # include <strings.h>
| #endif
| #ifdef HAVE_INTTYPES_H
| # include <inttypes.h>
| #endif
| #ifdef HAVE_STDINT_H
| # include <stdint.h>
| #endif
| #ifdef HAVE_UNISTD_H
| # include <unistd.h>
| #endif
| #include <windows.h>
configure:12206: result: no
configure:12206: checking windows.h presence
configure:12206: gcc -E  -I/usr/local/netcdf/4.1.1/include -I/usr/local/hdf5/1.8.5/include -I/usr/local/minc/2.1.0/include -I/usr/local/bicpl/1.4.6/include conftest.c
conftest.c:26:21: error: windows.h: No such file or directory
configure:12206: $? = 1
configure: failed program was:
| /* confdefs.h */
| #define PACKAGE_NAME ""
| #define PACKAGE_TARNAME ""
| #define PACKAGE_VERSION ""
| #define PACKAGE_STRING ""
| #define PACKAGE_BUGREPORT ""
| #define PACKAGE_URL ""
| #define PACKAGE "Display"
| #define VERSION "1.5.1"
| #define STDC_HEADERS 1
| #define HAVE_SYS_TYPES_H 1
| #define HAVE_SYS_STAT_H 1
| #define HAVE_STDLIB_H 1
| #define HAVE_STRING_H 1
| #define HAVE_MEMORY_H 1
| #define HAVE_STRINGS_H 1
| #define HAVE_INTTYPES_H 1
| #define HAVE_STDINT_H 1
| #define HAVE_UNISTD_H 1
| #define HAVE_DLFCN_H 1
| #define LT_OBJDIR ".libs/"
| #define HAVE_LIBM 1
| #define MINC2 1
| #define HAVE_PTHREAD 1
| /* end confdefs.h.  */
| #include <windows.h>
configure:12206: result: no
configure:12206: checking for windows.h
configure:12206: result: no
configure:12217: checking for OpenGL library
configure:12250: gcc -o conftest -g -O2   -I/usr/local/netcdf/4.1.1/include -I/usr/local/hdf5/1.8.5/include -I/usr/local/minc/2.1.0/include -I/usr/local/bicpl/1.4.6/include  -L/usr/local/netcdf/4.1.1/lib -L/usr/local/hdf5/1.8.5/lib -L/usr/local/minc/2.1.0/lib -L/usr/local/bicpl/1.4.6/lib conftest.c -lopengl32  -lm -lbicpl -lvolume_io2 -lminc2 -lhdf5 -lz -lnetcdf -lm -lm  >&5
/usr/bin/ld: cannot find -lopengl32
collect2: ld returned 1 exit status
configure:12250: $? = 1
configure: failed program was:
| /* confdefs.h */
| #define PACKAGE_NAME ""
| #define PACKAGE_TARNAME ""
| #define PACKAGE_VERSION ""
| #define PACKAGE_STRING ""
| #define PACKAGE_BUGREPORT ""
| #define PACKAGE_URL ""
| #define PACKAGE "Display"
| #define VERSION "1.5.1"
| #define STDC_HEADERS 1
| #define HAVE_SYS_TYPES_H 1
| #define HAVE_SYS_STAT_H 1
| #define HAVE_STDLIB_H 1
| #define HAVE_STRING_H 1
| #define HAVE_MEMORY_H 1
| #define HAVE_STRINGS_H 1
| #define HAVE_INTTYPES_H 1
| #define HAVE_STDINT_H 1
| #define HAVE_UNISTD_H 1
| #define HAVE_DLFCN_H 1
| #define LT_OBJDIR ".libs/"
| #define HAVE_LIBM 1
| #define MINC2 1
| #define HAVE_PTHREAD 1
| /* end confdefs.h.  */
| 
| # if HAVE_WINDOWS_H && defined(_WIN32)
| #   include <windows.h>
| # endif
| # include <GL/gl.h>
| int
| main ()
| {
| glBegin(0)
|   ;
|   return 0;
| }
configure:12250: gcc -o conftest -g -O2   -I/usr/local/netcdf/4.1.1/include -I/usr/local/hdf5/1.8.5/include -I/usr/local/minc/2.1.0/include -I/usr/local/bicpl/1.4.6/include  -L/usr/local/netcdf/4.1.1/lib -L/usr/local/hdf5/1.8.5/lib -L/usr/local/minc/2.1.0/lib -L/usr/local/bicpl/1.4.6/lib conftest.c -lGL  -lm -lbicpl -lvolume_io2 -lminc2 -lhdf5 -lz -lnetcdf -lm -lm  >&5
configure:12250: $? = 0
configure:12259: result: -lGL
configure:12338: checking for g++
configure:12354: found /usr/bin/g++
configure:12365: result: g++
configure:12392: checking for C++ compiler version
configure:12401: g++ --version >&5
g++ (GCC) 4.4.7 20120313 (Red Hat 4.4.7-3)
Copyright (C) 2010 Free Software Foundation, Inc.
This is free software; see the source for copying conditions.  There is NO
warranty; not even for MERCHANTABILITY or FITNESS FOR A PARTICULAR PURPOSE.

configure:12412: $? = 0
configure:12401: g++ -v >&5
Using built-in specs.
Target: x86_64-redhat-linux
Configured with: ../configure --prefix=/usr --mandir=/usr/share/man --infodir=/usr/share/info --with-bugurl=http://bugzilla.redhat.com/bugzilla --enable-bootstrap --enable-shared --enable-threads=posix --enable-checking=release --with-system-zlib --enable-__cxa_atexit --disable-libunwind-exceptions --enable-gnu-unique-object --enable-languages=c,c++,objc,obj-c++,java,fortran,ada --enable-java-awt=gtk --disable-dssi --with-java-home=/usr/lib/jvm/java-1.5.0-gcj-1.5.0.0/jre --enable-libgcj-multifile --enable-java-maintainer-mode --with-ecj-jar=/usr/share/java/eclipse-ecj.jar --disable-libjava-multilib --with-ppl --with-cloog --with-tune=generic --with-arch_32=i686 --build=x86_64-redhat-linux
Thread model: posix
gcc version 4.4.7 20120313 (Red Hat 4.4.7-3) (GCC) 
configure:12412: $? = 0
configure:12401: g++ -V >&5
g++: '-V' option must have argument
configure:12412: $? = 1
configure:12401: g++ -qversion >&5
g++: unrecognized option '-qversion'
g++: no input files
configure:12412: $? = 1
configure:12416: checking whether we are using the GNU C++ compiler
configure:12435: g++ -c   -I/usr/local/netcdf/4.1.1/include -I/usr/local/hdf5/1.8.5/include -I/usr/local/minc/2.1.0/include -I/usr/local/bicpl/1.4.6/include conftest.cpp >&5
configure:12435: $? = 0
configure:12444: result: yes
configure:12453: checking whether g++ accepts -g
configure:12473: g++ -c -g  -I/usr/local/netcdf/4.1.1/include -I/usr/local/hdf5/1.8.5/include -I/usr/local/minc/2.1.0/include -I/usr/local/bicpl/1.4.6/include conftest.cpp >&5
configure:12473: $? = 0
configure:12514: result: yes
configure:12539: checking dependency style of g++
configure:12649: result: gcc3
configure:12778: checking for C++ compiler version
configure:12787: g++ --version >&5
g++ (GCC) 4.4.7 20120313 (Red Hat 4.4.7-3)
Copyright (C) 2010 Free Software Foundation, Inc.
This is free software; see the source for copying conditions.  There is NO
warranty; not even for MERCHANTABILITY or FITNESS FOR A PARTICULAR PURPOSE.

configure:12798: $? = 0
configure:12787: g++ -v >&5
Using built-in specs.
Target: x86_64-redhat-linux
Configured with: ../configure --prefix=/usr --mandir=/usr/share/man --infodir=/usr/share/info --with-bugurl=http://bugzilla.redhat.com/bugzilla --enable-bootstrap --enable-shared --enable-threads=posix --enable-checking=release --with-system-zlib --enable-__cxa_atexit --disable-libunwind-exceptions --enable-gnu-unique-object --enable-languages=c,c++,objc,obj-c++,java,fortran,ada --enable-java-awt=gtk --disable-dssi --with-java-home=/usr/lib/jvm/java-1.5.0-gcj-1.5.0.0/jre --enable-libgcj-multifile --enable-java-maintainer-mode --with-ecj-jar=/usr/share/java/eclipse-ecj.jar --disable-libjava-multilib --with-ppl --with-cloog --with-tune=generic --with-arch_32=i686 --build=x86_64-redhat-linux
Thread model: posix
gcc version 4.4.7 20120313 (Red Hat 4.4.7-3) (GCC) 
configure:12798: $? = 0
configure:12787: g++ -V >&5
g++: '-V' option must have argument
configure:12798: $? = 1
configure:12787: g++ -qversion >&5
g++: unrecognized option '-qversion'
g++: no input files
configure:12798: $? = 1
configure:12802: checking whether we are using the GNU C++ compiler
configure:12830: result: yes
configure:12839: checking whether g++ accepts -g
configure:12900: result: yes
configure:12925: checking dependency style of g++
configure:13035: result: gcc3
configure:13058: checking how to run the C++ preprocessor
configure:13085: g++ -E  -I/usr/local/netcdf/4.1.1/include -I/usr/local/hdf5/1.8.5/include -I/usr/local/minc/2.1.0/include -I/usr/local/bicpl/1.4.6/include conftest.cpp
configure:13085: $? = 0
configure:13099: g++ -E  -I/usr/local/netcdf/4.1.1/include -I/usr/local/hdf5/1.8.5/include -I/usr/local/minc/2.1.0/include -I/usr/local/bicpl/1.4.6/include conftest.cpp
conftest.cpp:26:28: error: ac_nonexistent.h: No such file or directory
configure:13099: $? = 1
configure: failed program was:
| /* confdefs.h */
| #define PACKAGE_NAME ""
| #define PACKAGE_TARNAME ""
| #define PACKAGE_VERSION ""
| #define PACKAGE_STRING ""
| #define PACKAGE_BUGREPORT ""
| #define PACKAGE_URL ""
| #define PACKAGE "Display"
| #define VERSION "1.5.1"
| #define STDC_HEADERS 1
| #define HAVE_SYS_TYPES_H 1
| #define HAVE_SYS_STAT_H 1
| #define HAVE_STDLIB_H 1
| #define HAVE_STRING_H 1
| #define HAVE_MEMORY_H 1
| #define HAVE_STRINGS_H 1
| #define HAVE_INTTYPES_H 1
| #define HAVE_STDINT_H 1
| #define HAVE_UNISTD_H 1
| #define HAVE_DLFCN_H 1
| #define LT_OBJDIR ".libs/"
| #define HAVE_LIBM 1
| #define MINC2 1
| #define HAVE_PTHREAD 1
| /* end confdefs.h.  */
| #include <ac_nonexistent.h>
configure:13124: result: g++ -E
configure:13144: g++ -E  -I/usr/local/netcdf/4.1.1/include -I/usr/local/hdf5/1.8.5/include -I/usr/local/minc/2.1.0/include -I/usr/local/bicpl/1.4.6/include conftest.cpp
configure:13144: $? = 0
configure:13158: g++ -E  -I/usr/local/netcdf/4.1.1/include -I/usr/local/hdf5/1.8.5/include -I/usr/local/minc/2.1.0/include -I/usr/local/bicpl/1.4.6/include conftest.cpp
conftest.cpp:26:28: error: ac_nonexistent.h: No such file or directory
configure:13158: $? = 1
configure: failed program was:
| /* confdefs.h */
| #define PACKAGE_NAME ""
| #define PACKAGE_TARNAME ""
| #define PACKAGE_VERSION ""
| #define PACKAGE_STRING ""
| #define PACKAGE_BUGREPORT ""
| #define PACKAGE_URL ""
| #define PACKAGE "Display"
| #define VERSION "1.5.1"
| #define STDC_HEADERS 1
| #define HAVE_SYS_TYPES_H 1
| #define HAVE_SYS_STAT_H 1
| #define HAVE_STDLIB_H 1
| #define HAVE_STRING_H 1
| #define HAVE_MEMORY_H 1
| #define HAVE_STRINGS_H 1
| #define HAVE_INTTYPES_H 1
| #define HAVE_STDINT_H 1
| #define HAVE_UNISTD_H 1
| #define HAVE_DLFCN_H 1
| #define LT_OBJDIR ".libs/"
| #define HAVE_LIBM 1
| #define MINC2 1
| #define HAVE_PTHREAD 1
| /* end confdefs.h.  */
| #include <ac_nonexistent.h>
configure:13303: checking for C++ compiler version
configure:13312: g++ --version >&5
g++ (GCC) 4.4.7 20120313 (Red Hat 4.4.7-3)
Copyright (C) 2010 Free Software Foundation, Inc.
This is free software; see the source for copying conditions.  There is NO
warranty; not even for MERCHANTABILITY or FITNESS FOR A PARTICULAR PURPOSE.

configure:13323: $? = 0
configure:13312: g++ -v >&5
Using built-in specs.
Target: x86_64-redhat-linux
Configured with: ../configure --prefix=/usr --mandir=/usr/share/man --infodir=/usr/share/info --with-bugurl=http://bugzilla.redhat.com/bugzilla --enable-bootstrap --enable-shared --enable-threads=posix --enable-checking=release --with-system-zlib --enable-__cxa_atexit --disable-libunwind-exceptions --enable-gnu-unique-object --enable-languages=c,c++,objc,obj-c++,java,fortran,ada --enable-java-awt=gtk --disable-dssi --with-java-home=/usr/lib/jvm/java-1.5.0-gcj-1.5.0.0/jre --enable-libgcj-multifile --enable-java-maintainer-mode --with-ecj-jar=/usr/share/java/eclipse-ecj.jar --disable-libjava-multilib --with-ppl --with-cloog --with-tune=generic --with-arch_32=i686 --build=x86_64-redhat-linux
Thread model: posix
gcc version 4.4.7 20120313 (Red Hat 4.4.7-3) (GCC) 
configure:13323: $? = 0
configure:13312: g++ -V >&5
g++: '-V' option must have argument
configure:13323: $? = 1
configure:13312: g++ -qversion >&5
g++: unrecognized option '-qversion'
g++: no input files
configure:13323: $? = 1
configure:13327: checking whether we are using the GNU C++ compiler
configure:13355: result: yes
configure:13364: checking whether g++ accepts -g
configure:13425: result: yes
configure:13450: checking dependency style of g++
configure:13560: result: gcc3
configure:13709: checking for ld used by g++
configure:13776: result: /usr/bin/ld -m elf_x86_64
configure:13783: checking if the linker (/usr/bin/ld -m elf_x86_64) is GNU ld
configure:13798: result: yes
configure:13853: checking whether the g++ linker (/usr/bin/ld -m elf_x86_64) supports shared libraries
configure:14766: result: yes
configure:14794: g++ -c -g -O2  -I/usr/local/netcdf/4.1.1/include -I/usr/local/hdf5/1.8.5/include -I/usr/local/minc/2.1.0/include -I/usr/local/bicpl/1.4.6/include conftest.cpp >&5
configure:14797: $? = 0
configure:14979: checking for g++ option to produce PIC
configure:15296: result: -fPIC -DPIC
configure:15305: checking if g++ PIC flag -fPIC -DPIC works
configure:15323: g++ -c -g -O2  -I/usr/local/netcdf/4.1.1/include -I/usr/local/hdf5/1.8.5/include -I/usr/local/minc/2.1.0/include -I/usr/local/bicpl/1.4.6/include -fPIC -DPIC -DPIC conftest.cpp >&5
configure:15327: $? = 0
configure:15340: result: yes
configure:15361: checking if g++ static flag -static works
configure:15389: result: no
configure:15401: checking if g++ supports -c -o file.o
configure:15422: g++ -c -g -O2  -I/usr/local/netcdf/4.1.1/include -I/usr/local/hdf5/1.8.5/include -I/usr/local/minc/2.1.0/include -I/usr/local/bicpl/1.4.6/include -o out/conftest2.o conftest.cpp >&5
configure:15426: $? = 0
configure:15448: result: yes
configure:15453: checking if g++ supports -c -o file.o
configure:15500: result: yes
configure:15530: checking whether the g++ linker (/usr/bin/ld -m elf_x86_64) supports shared libraries
configure:15559: result: yes
configure:15696: checking dynamic linker characteristics
configure:16077: g++ -o conftest -g -O2  -I/usr/local/netcdf/4.1.1/include -I/usr/local/hdf5/1.8.5/include -I/usr/local/minc/2.1.0/include -I/usr/local/bicpl/1.4.6/include  -L/usr/local/netcdf/4.1.1/lib -L/usr/local/hdf5/1.8.5/lib -L/usr/local/minc/2.1.0/lib -L/usr/local/bicpl/1.4.6/lib -Wl,-rpath -Wl,/foo conftest.cpp -lbicpl -lvolume_io2 -lminc2 -lhdf5 -lz -lnetcdf -lm -lm  >&5
configure:16077: $? = 0
configure:16307: result: GNU/Linux ld.so
configure:16358: checking how to hardcode library paths into programs
configure:16383: result: immediate
configure:16424: checking for OpenGL Utility library
configure:16477: g++ -o conftest -g -O2   -I/usr/local/netcdf/4.1.1/include -I/usr/local/hdf5/1.8.5/include -I/usr/local/minc/2.1.0/include -I/usr/local/bicpl/1.4.6/include  -L/usr/local/netcdf/4.1.1/lib -L/usr/local/hdf5/1.8.5/lib -L/usr/local/minc/2.1.0/lib -L/usr/local/bicpl/1.4.6/lib conftest.cpp -lglu32 -lGL  -lm -lbicpl -lvolume_io2 -lminc2 -lhdf5 -lz -lnetcdf -lm -lm  >&5
/usr/bin/ld: cannot find -lglu32
collect2: ld returned 1 exit status
configure:16477: $? = 1
configure: failed program was:
| /* confdefs.h */
| #define PACKAGE_NAME ""
| #define PACKAGE_TARNAME ""
| #define PACKAGE_VERSION ""
| #define PACKAGE_STRING ""
| #define PACKAGE_BUGREPORT ""
| #define PACKAGE_URL ""
| #define PACKAGE "Display"
| #define VERSION "1.5.1"
| #define STDC_HEADERS 1
| #define HAVE_SYS_TYPES_H 1
| #define HAVE_SYS_STAT_H 1
| #define HAVE_STDLIB_H 1
| #define HAVE_STRING_H 1
| #define HAVE_MEMORY_H 1
| #define HAVE_STRINGS_H 1
| #define HAVE_INTTYPES_H 1
| #define HAVE_STDINT_H 1
| #define HAVE_UNISTD_H 1
| #define HAVE_DLFCN_H 1
| #define LT_OBJDIR ".libs/"
| #define HAVE_LIBM 1
| #define MINC2 1
| #define HAVE_PTHREAD 1
| /* end confdefs.h.  */
| 
| # if HAVE_WINDOWS_H && defined(_WIN32)
| #   include <windows.h>
| # endif
| # include <GL/glu.h>
| int
| main ()
| {
| gluBeginCurve(0)
|   ;
|   return 0;
| }
configure:16477: g++ -o conftest -g -O2   -I/usr/local/netcdf/4.1.1/include -I/usr/local/hdf5/1.8.5/include -I/usr/local/minc/2.1.0/include -I/usr/local/bicpl/1.4.6/include  -L/usr/local/netcdf/4.1.1/lib -L/usr/local/hdf5/1.8.5/lib -L/usr/local/minc/2.1.0/lib -L/usr/local/bicpl/1.4.6/lib conftest.cpp -lGLU -lGL  -lm -lbicpl -lvolume_io2 -lminc2 -lhdf5 -lz -lnetcdf -lm -lm  >&5
configure:16477: $? = 0
configure:16500: result: -lGLU
configure:16538: checking for GLUT library
configure:16569: gcc -o conftest -g -O2   -I/usr/local/netcdf/4.1.1/include -I/usr/local/hdf5/1.8.5/include -I/usr/local/minc/2.1.0/include -I/usr/local/bicpl/1.4.6/include  -L/usr/local/netcdf/4.1.1/lib -L/usr/local/hdf5/1.8.5/lib -L/usr/local/minc/2.1.0/lib -L/usr/local/bicpl/1.4.6/lib conftest.c -lglut32  -lSM -lICE -lXmu -lXi  -lGLU -lGL  -lm -lbicpl -lvolume_io2 -lminc2 -lhdf5 -lz -lnetcdf -lm -lm  >&5
/usr/bin/ld: cannot find -lglut32
collect2: ld returned 1 exit status
configure:16569: $? = 1
configure: failed program was:
| /* confdefs.h */
| #define PACKAGE_NAME ""
| #define PACKAGE_TARNAME ""
| #define PACKAGE_VERSION ""
| #define PACKAGE_STRING ""
| #define PACKAGE_BUGREPORT ""
| #define PACKAGE_URL ""
| #define PACKAGE "Display"
| #define VERSION "1.5.1"
| #define STDC_HEADERS 1
| #define HAVE_SYS_TYPES_H 1
| #define HAVE_SYS_STAT_H 1
| #define HAVE_STDLIB_H 1
| #define HAVE_STRING_H 1
| #define HAVE_MEMORY_H 1
| #define HAVE_STRINGS_H 1
| #define HAVE_INTTYPES_H 1
| #define HAVE_STDINT_H 1
| #define HAVE_UNISTD_H 1
| #define HAVE_DLFCN_H 1
| #define LT_OBJDIR ".libs/"
| #define HAVE_LIBM 1
| #define MINC2 1
| #define HAVE_PTHREAD 1
| /* end confdefs.h.  */
| 
| # if HAVE_WINDOWS_H && defined(_WIN32)
| #   include <windows.h>
| # endif
| # include <GL/glut.h>
| int
| main ()
| {
| glutMainLoop()
|   ;
|   return 0;
| }
configure:16569: gcc -o conftest -g -O2   -I/usr/local/netcdf/4.1.1/include -I/usr/local/hdf5/1.8.5/include -I/usr/local/minc/2.1.0/include -I/usr/local/bicpl/1.4.6/include  -L/usr/local/netcdf/4.1.1/lib -L/usr/local/hdf5/1.8.5/lib -L/usr/local/minc/2.1.0/lib -L/usr/local/bicpl/1.4.6/lib conftest.c -lglut  -lSM -lICE -lXmu -lXi  -lGLU -lGL  -lm -lbicpl -lvolume_io2 -lminc2 -lhdf5 -lz -lnetcdf -lm -lm  >&5
configure:16569: $? = 0
configure:16579: result: -lglut
configure:16621: checking for an ANSI C-conforming const
configure:16686: gcc -c -g -O2  -I/usr/local/netcdf/4.1.1/include -I/usr/local/hdf5/1.8.5/include -I/usr/local/minc/2.1.0/include -I/usr/local/bicpl/1.4.6/include conftest.c >&5
configure:16686: $? = 0
configure:16693: result: yes
configure:16701: checking for size_t
configure:16701: gcc -c -g -O2  -I/usr/local/netcdf/4.1.1/include -I/usr/local/hdf5/1.8.5/include -I/usr/local/minc/2.1.0/include -I/usr/local/bicpl/1.4.6/include conftest.c >&5
configure:16701: $? = 0
configure:16701: gcc -c -g -O2  -I/usr/local/netcdf/4.1.1/include -I/usr/local/hdf5/1.8.5/include -I/usr/local/minc/2.1.0/include -I/usr/local/bicpl/1.4.6/include conftest.c >&5
conftest.c: In function 'main':
conftest.c:62: error: expected expression before ')' token
configure:16701: $? = 1
configure: failed program was:
| /* confdefs.h */
| #define PACKAGE_NAME ""
| #define PACKAGE_TARNAME ""
| #define PACKAGE_VERSION ""
| #define PACKAGE_STRING ""
| #define PACKAGE_BUGREPORT ""
| #define PACKAGE_URL ""
| #define PACKAGE "Display"
| #define VERSION "1.5.1"
| #define STDC_HEADERS 1
| #define HAVE_SYS_TYPES_H 1
| #define HAVE_SYS_STAT_H 1
| #define HAVE_STDLIB_H 1
| #define HAVE_STRING_H 1
| #define HAVE_MEMORY_H 1
| #define HAVE_STRINGS_H 1
| #define HAVE_INTTYPES_H 1
| #define HAVE_STDINT_H 1
| #define HAVE_UNISTD_H 1
| #define HAVE_DLFCN_H 1
| #define LT_OBJDIR ".libs/"
| #define HAVE_LIBM 1
| #define MINC2 1
| #define HAVE_PTHREAD 1
| /* end confdefs.h.  */
| #include <stdio.h>
| #ifdef HAVE_SYS_TYPES_H
| # include <sys/types.h>
| #endif
| #ifdef HAVE_SYS_STAT_H
| # include <sys/stat.h>
| #endif
| #ifdef STDC_HEADERS
| # include <stdlib.h>
| # include <stddef.h>
| #else
| # ifdef HAVE_STDLIB_H
| #  include <stdlib.h>
| # endif
| #endif
| #ifdef HAVE_STRING_H
| # if !defined STDC_HEADERS && defined HAVE_MEMORY_H
| #  include <memory.h>
| # endif
| # include <string.h>
| #endif
| #ifdef HAVE_STRINGS_H
| # include <strings.h>
| #endif
| #ifdef HAVE_INTTYPES_H
| # include <inttypes.h>
| #endif
| #ifdef HAVE_STDINT_H
| # include <stdint.h>
| #endif
| #ifdef HAVE_UNISTD_H
| # include <unistd.h>
| #endif
| int
| main ()
| {
| if (sizeof ((size_t)))
| 	    return 0;
|   ;
|   return 0;
| }
configure:16701: result: yes
configure:16716: checking malloc.h usability
configure:16716: gcc -c -g -O2  -I/usr/local/netcdf/4.1.1/include -I/usr/local/hdf5/1.8.5/include -I/usr/local/minc/2.1.0/include -I/usr/local/bicpl/1.4.6/include conftest.c >&5
configure:16716: $? = 0
configure:16716: result: yes
configure:16716: checking malloc.h presence
configure:16716: gcc -E  -I/usr/local/netcdf/4.1.1/include -I/usr/local/hdf5/1.8.5/include -I/usr/local/minc/2.1.0/include -I/usr/local/bicpl/1.4.6/include conftest.c
configure:16716: $? = 0
configure:16716: result: yes
configure:16716: checking for malloc.h
configure:16716: result: yes
configure:16732: checking for mallinfo in -lmalloc
configure:16757: gcc -o conftest -g -O2  -I/usr/local/netcdf/4.1.1/include -I/usr/local/hdf5/1.8.5/include -I/usr/local/minc/2.1.0/include -I/usr/local/bicpl/1.4.6/include  -L/usr/local/netcdf/4.1.1/lib -L/usr/local/hdf5/1.8.5/lib -L/usr/local/minc/2.1.0/lib -L/usr/local/bicpl/1.4.6/lib conftest.c -lmalloc  -lbicpl -lvolume_io2 -lminc2 -lhdf5 -lz -lnetcdf -lm -lm  >&5
/usr/bin/ld: cannot find -lmalloc
collect2: ld returned 1 exit status
configure:16757: $? = 1
configure: failed program was:
| /* confdefs.h */
| #define PACKAGE_NAME ""
| #define PACKAGE_TARNAME ""
| #define PACKAGE_VERSION ""
| #define PACKAGE_STRING ""
| #define PACKAGE_BUGREPORT ""
| #define PACKAGE_URL ""
| #define PACKAGE "Display"
| #define VERSION "1.5.1"
| #define STDC_HEADERS 1
| #define HAVE_SYS_TYPES_H 1
| #define HAVE_SYS_STAT_H 1
| #define HAVE_STDLIB_H 1
| #define HAVE_STRING_H 1
| #define HAVE_MEMORY_H 1
| #define HAVE_STRINGS_H 1
| #define HAVE_INTTYPES_H 1
| #define HAVE_STDINT_H 1
| #define HAVE_UNISTD_H 1
| #define HAVE_DLFCN_H 1
| #define LT_OBJDIR ".libs/"
| #define HAVE_LIBM 1
| #define MINC2 1
| #define HAVE_PTHREAD 1
| #define HAVE_MALLOC_H 1
| /* end confdefs.h.  */
| 
| /* Override any GCC internal prototype to avoid an error.
|    Use char because int might match the return type of a GCC
|    builtin and then its argument prototype would still apply.  */
| #ifdef __cplusplus
| extern "C"
| #endif
| char mallinfo ();
| int
| main ()
| {
| return mallinfo ();
|   ;
|   return 0;
| }
configure:16766: result: no
configure:16776: WARNING: cannot find library; malloc not available
configure:16931: creating ./config.status

## ---------------------- ##
## Running config.status. ##
## ---------------------- ##

This file was extended by config.status, which was
generated by GNU Autoconf 2.67.  Invocation command line was

  CONFIG_FILES    = 
  CONFIG_HEADERS  = 
  CONFIG_LINKS    = 
  CONFIG_COMMANDS = 
  $ ./config.status 

on harald-build

config.status:1181: creating Makefile
config.status:1181: creating Documentation/Makefile
config.status:1181: creating Graphics/Makefile
config.status:1181: creating Graphics/GLUT_windows/Makefile
config.status:1181: creating Graphics/G_graphics/Makefile
config.status:1181: creating Graphics/OpenGL_graphics/Makefile
config.status:1181: creating atlas/Makefile
config.status:1181: creating callbacks/Makefile
config.status:1181: creating current_obj/Makefile
config.status:1181: creating cursor/Makefile
config.status:1181: creating cursor_contours/Makefile
config.status:1181: creating edit_surface/Makefile
config.status:1181: creating events/Makefile
config.status:1181: creating images/Makefile
config.status:1181: creating immediate_mode/Makefile
config.status:1181: creating input_files/Makefile
config.status:1181: creating intersect/Makefile
config.status:1181: creating main/Makefile
config.status:1181: creating markers/Makefile
config.status:1181: creating menu/Makefile
config.status:1181: creating segmenting/Makefile
config.status:1181: creating slice_window/Makefile
config.status:1181: creating structures/Makefile
config.status:1181: creating surface_curves/Makefile
config.status:1181: creating surface_extraction/Makefile
config.status:1181: creating tubes/Makefile
config.status:1181: creating voxel_scan/Makefile
config.status:1181: creating epm-header
config.status:1181: creating config.h
config.status:1409: executing depfiles commands
config.status:1409: executing libtool commands

## ---------------- ##
## Cache variables. ##
## ---------------- ##

ac_cv_build=x86_64-unknown-linux-gnu
ac_cv_c_compiler_gnu=yes
ac_cv_c_const=yes
ac_cv_cxx_compiler_gnu=yes
ac_cv_env_CCC_set=
ac_cv_env_CCC_value=
ac_cv_env_CC_set=
ac_cv_env_CC_value=
ac_cv_env_CFLAGS_set=
ac_cv_env_CFLAGS_value=
ac_cv_env_CPPFLAGS_set=
ac_cv_env_CPPFLAGS_value=
ac_cv_env_CPP_set=
ac_cv_env_CPP_value=
ac_cv_env_CXXCPP_set=
ac_cv_env_CXXCPP_value=
ac_cv_env_CXXFLAGS_set=
ac_cv_env_CXXFLAGS_value=
ac_cv_env_CXX_set=
ac_cv_env_CXX_value=
ac_cv_env_LDFLAGS_set=
ac_cv_env_LDFLAGS_value=
ac_cv_env_LIBS_set=
ac_cv_env_LIBS_value=
ac_cv_env_XMKMF_set=
ac_cv_env_XMKMF_value=
ac_cv_env_build_alias_set=
ac_cv_env_build_alias_value=
ac_cv_env_host_alias_set=
ac_cv_env_host_alias_value=
ac_cv_env_target_alias_set=
ac_cv_env_target_alias_value=
ac_cv_func_connect=yes
ac_cv_func_gethostbyname=yes
ac_cv_func_remove=yes
ac_cv_func_shmat=yes
ac_cv_have_x='have_x=yes	ac_x_includes='\'''\''	ac_x_libraries='\'''\'''
ac_cv_header_dlfcn_h=yes
ac_cv_header_inttypes_h=yes
ac_cv_header_malloc_h=yes
ac_cv_header_math_h=yes
ac_cv_header_memory_h=yes
ac_cv_header_stdc=yes
ac_cv_header_stdint_h=yes
ac_cv_header_stdlib_h=yes
ac_cv_header_string_h=yes
ac_cv_header_strings_h=yes
ac_cv_header_sys_stat_h=yes
ac_cv_header_sys_types_h=yes
ac_cv_header_unistd_h=yes
ac_cv_header_windows_h=no
ac_cv_host=x86_64-unknown-linux-gnu
ac_cv_lib_ICE_IceConnectionNumber=yes
ac_cv_lib_m_sqrt=yes
ac_cv_lib_malloc_mallinfo=no
ac_cv_objext=o
ac_cv_path_EGREP='/bin/grep -E'
ac_cv_path_FGREP='/bin/grep -F'
ac_cv_path_GREP=/bin/grep
ac_cv_path_SED=/bin/sed
ac_cv_path_install='/usr/bin/install -c'
ac_cv_path_mkdir=/bin/mkdir
ac_cv_prog_AWK=gawk
ac_cv_prog_CPP='gcc -E'
ac_cv_prog_CXXCPP='g++ -E'
ac_cv_prog_PTHREAD_CC=gcc
ac_cv_prog_ac_ct_AR=ar
ac_cv_prog_ac_ct_CC=gcc
ac_cv_prog_ac_ct_CXX=g++
ac_cv_prog_ac_ct_OBJDUMP=objdump
ac_cv_prog_ac_ct_RANLIB=ranlib
ac_cv_prog_ac_ct_STRIP=strip
ac_cv_prog_cc_c89=
ac_cv_prog_cc_g=yes
ac_cv_prog_cxx_g=yes
ac_cv_prog_make_make_set=yes
ac_cv_type_size_t=yes
am_cv_CC_dependencies_compiler_type=gcc3
am_cv_CXX_dependencies_compiler_type=gcc3
ax_cv_c_compiler_ms=no
ax_cv_check_gl_libgl=-lGL
ax_cv_check_glu_libglu=-lGLU
ax_cv_check_glut_libglut=-lglut
lt_cv_deplibs_check_method=pass_all
lt_cv_file_magic_cmd='$MAGIC_CMD'
lt_cv_file_magic_test_file=
lt_cv_ld_reload_flag=-r
lt_cv_nm_interface='BSD nm'
lt_cv_objdir=.libs
lt_cv_path_LD=/usr/bin/ld
lt_cv_path_LDCXX='/usr/bin/ld -m elf_x86_64'
lt_cv_path_NM='/usr/bin/nm -B'
lt_cv_prog_compiler_c_o=yes
lt_cv_prog_compiler_c_o_CXX=yes
lt_cv_prog_compiler_pic_works=yes
lt_cv_prog_compiler_pic_works_CXX=yes
lt_cv_prog_compiler_rtti_exceptions=no
lt_cv_prog_compiler_static_works=no
lt_cv_prog_compiler_static_works_CXX=no
lt_cv_prog_gnu_ld=yes
lt_cv_prog_gnu_ldcxx=yes
lt_cv_sys_global_symbol_pipe='sed -n -e '\''s/^.*[	 ]\([ABCDGIRSTW][ABCDGIRSTW]*\)[	 ][	 ]*\([_A-Za-z][_A-Za-z0-9]*\)$/\1 \2 \2/p'\'''
lt_cv_sys_global_symbol_to_c_name_address='sed -n -e '\''s/^: \([^ ]*\) $/  {\"\1\", (void *) 0},/p'\'' -e '\''s/^[ABCDGIRSTW]* \([^ ]*\) \([^ ]*\)$/  {"\2", (void *) \&\2},/p'\'''
lt_cv_sys_global_symbol_to_c_name_address_lib_prefix='sed -n -e '\''s/^: \([^ ]*\) $/  {\"\1\", (void *) 0},/p'\'' -e '\''s/^[ABCDGIRSTW]* \([^ ]*\) \(lib[^ ]*\)$/  {"\2", (void *) \&\2},/p'\'' -e '\''s/^[ABCDGIRSTW]* \([^ ]*\) \([^ ]*\)$/  {"lib\2", (void *) \&\2},/p'\'''
lt_cv_sys_global_symbol_to_cdecl='sed -n -e '\''s/^T .* \(.*\)$/extern int \1();/p'\'' -e '\''s/^[ABCDGIRSTW]* .* \(.*\)$/extern char \1;/p'\'''
lt_cv_sys_max_cmd_len=1966080

## ----------------- ##
## Output variables. ##
## ----------------- ##

ACLOCAL='${SHELL} /mnt/Display_src/Display-1.5.1/missing --run aclocal-1.11'
AMDEPBACKSLASH='\'
AMDEP_FALSE='#'
AMDEP_TRUE=''
AMTAR='${SHELL} /mnt/Display_src/Display-1.5.1/missing --run tar'
AR='ar'
AUTOCONF='${SHELL} /mnt/Display_src/Display-1.5.1/missing --run autoconf'
AUTOHEADER='${SHELL} /mnt/Display_src/Display-1.5.1/missing --run autoheader'
AUTOMAKE='${SHELL} /mnt/Display_src/Display-1.5.1/missing --run automake-1.11'
AWK='gawk'
CC='gcc'
CCDEPMODE='depmode=gcc3'
CFLAGS='-g -O2'
CPP='gcc -E'
CPPFLAGS=' -I/usr/local/netcdf/4.1.1/include -I/usr/local/hdf5/1.8.5/include -I/usr/local/minc/2.1.0/include -I/usr/local/bicpl/1.4.6/include'
CXX='g++'
CXXCPP='g++ -E'
CXXDEPMODE='depmode=gcc3'
CXXFLAGS='-g -O2'
CYGPATH_W='echo'
DEFS='-DHAVE_CONFIG_H'
DEPDIR='.deps'
DSYMUTIL=''
DUMPBIN=''
ECHO_C=''
ECHO_N='-n'
ECHO_T=''
EGREP='/bin/grep -E'
EXEEXT=''
FGREP='/bin/grep -F'
GLUT_CFLAGS=''
GLUT_LIBS='-lglut  -lSM -lICE -lXmu -lXi  -lGLU -lGL  -lm'
GLU_CFLAGS=''
GLU_LIBS='-lGLU -lGL  -lm'
GL_CFLAGS=''
GL_LIBS='-lGL  -lm'
GREP='/bin/grep'
HAVE_libmalloc='no'
INSTALL_DATA='${INSTALL} -m 644'
INSTALL_PROGRAM='${INSTALL}'
INSTALL_SCRIPT='${INSTALL}'
INSTALL_STRIP_PROGRAM='$(install_sh) -c -s'
LD='/usr/bin/ld -m elf_x86_64'
LDFLAGS=' -L/usr/local/netcdf/4.1.1/lib -L/usr/local/hdf5/1.8.5/lib -L/usr/local/minc/2.1.0/lib -L/usr/local/bicpl/1.4.6/lib'
LIBOBJS=''
LIBS='-lbicpl -lvolume_io2 -lminc2 -lhdf5 -lz -lnetcdf -lm -lm '
LIBTOOL='$(SHELL) $(top_builddir)/libtool'
LIPO=''
LN_S='ln -s'
LTLIBOBJS=''
MAKEINFO='${SHELL} /mnt/Display_src/Display-1.5.1/missing --run makeinfo'
MKDIR_P='/bin/mkdir -p'
MNI_LIBS='-lbicpl -lvolume_io2 -lminc2 -lhdf5 -lz -lnetcdf -lm -lm '
NM='/usr/bin/nm -B'
NMEDIT=''
OBJDUMP='objdump'
OBJEXT='o'
OTOOL64=''
OTOOL=''
PACKAGE='Display'
PACKAGE_BUGREPORT=''
PACKAGE_NAME=''
PACKAGE_STRING=''
PACKAGE_TARNAME=''
PACKAGE_URL=''
PACKAGE_VERSION=''
PATH_SEPARATOR=':'
PTHREAD_CC='gcc'
PTHREAD_CFLAGS=''
PTHREAD_LIBS=''
RANLIB='ranlib'
SED='/bin/sed'
SET_MAKE=''
SHELL='/bin/sh'
STRIP='strip'
USE_SEAL_FALSE=''
USE_SEAL_TRUE='#'
VERSION='1.5.1'
XMKMF=''
X_CFLAGS=''
X_EXTRA_LIBS=''
X_LIBS=''
X_PRE_LIBS=' -lSM -lICE'
ac_ct_CC='gcc'
ac_ct_CXX='g++'
ac_ct_DUMPBIN=''
acx_pthread_config=''
am__EXEEXT_FALSE=''
am__EXEEXT_TRUE='#'
am__fastdepCC_FALSE='#'
am__fastdepCC_TRUE=''
am__fastdepCXX_FALSE='#'
am__fastdepCXX_TRUE=''
am__include='include'
am__isrc=''
am__leading_dot='.'
am__quote=''
am__tar='${AMTAR} chof - "$$tardir"'
am__untar='${AMTAR} xf -'
bindir='${exec_prefix}/bin'
build='x86_64-unknown-linux-gnu'
build_alias=''
build_cpu='x86_64'
build_os='linux-gnu'
build_vendor='unknown'
datadir='${datarootdir}'
datarootdir='${prefix}/share'
docdir='${datarootdir}/doc/${PACKAGE}'
dvidir='${docdir}'
exec_prefix='${prefix}'
host='x86_64-unknown-linux-gnu'
host_alias=''
host_cpu='x86_64'
host_os='linux-gnu'
host_vendor='unknown'
htmldir='${docdir}'
includedir='${prefix}/include'
infodir='${datarootdir}/info'
install_sh='${SHELL} /mnt/Display_src/Display-1.5.1/install-sh'
libdir='${exec_prefix}/lib'
libexecdir='${exec_prefix}/libexec'
localedir='${datarootdir}/locale'
localstatedir='${prefix}/var'
lt_ECHO='echo'
malloc_LIBS=''
mandir='${datarootdir}/man'
mkdir_p='/bin/mkdir -p'
oldincludedir='/usr/include'
pdfdir='${docdir}'
prefix='/usr/local'
program_transform_name='s,x,x,'
psdir='${docdir}'
sbindir='${exec_prefix}/sbin'
sharedstatedir='${prefix}/com'
sysconfdir='${prefix}/etc'
target_alias=''

## ----------- ##
## confdefs.h. ##
## ----------- ##

/* confdefs.h */
#define PACKAGE_NAME ""
#define PACKAGE_TARNAME ""
#define PACKAGE_VERSION ""
#define PACKAGE_STRING ""
#define PACKAGE_BUGREPORT ""
#define PACKAGE_URL ""
#define PACKAGE "Display"
#define VERSION "1.5.1"
#define STDC_HEADERS 1
#define HAVE_SYS_TYPES_H 1
#define HAVE_SYS_STAT_H 1
#define HAVE_STDLIB_H 1
#define HAVE_STRING_H 1
#define HAVE_MEMORY_H 1
#define HAVE_STRINGS_H 1
#define HAVE_INTTYPES_H 1
#define HAVE_STDINT_H 1
#define HAVE_UNISTD_H 1
#define HAVE_DLFCN_H 1
#define LT_OBJDIR ".libs/"
#define HAVE_LIBM 1
#define MINC2 1
#define HAVE_PTHREAD 1
#define HAVE_MALLOC_H 1

configure: exit 0
